#-----------------------------------------------------------
# Vivado v2021.1 (64-bit)
# SW Build 3247384 on Thu Jun 10 19:36:33 MDT 2021
# IP Build 3246043 on Fri Jun 11 00:30:35 MDT 2021
# Start of session at: Sun Nov 21 00:30:42 2021
# Process ID: 4540
# Current directory: D:/109550134/LAB7/20_new_lab7/lab_7
# Command line: vivado.exe -gui_launcher_event rodinguilauncherevent1776 D:\109550134\LAB7\20_new_lab7\lab_7\lab_7.xpr
# Log file: D:/109550134/LAB7/20_new_lab7/lab_7/vivado.log
# Journal file: D:/109550134/LAB7/20_new_lab7/lab_7\vivado.jou
#-----------------------------------------------------------
start_gui
open_project D:/109550134/LAB7/20_new_lab7/lab_7/lab_7.xpr
WARNING: [filemgmt 56-3] Default IP Output Path : Could not find the directory 'D:/109550134/LAB7/20_new_lab7/lab_7/lab_7.gen/sources_1'.
Scanning sources...
Finished scanning sources
INFO: [IP_Flow 19-234] Refreshing IP repositories
INFO: [IP_Flow 19-1704] No user IP repositories specified
INFO: [IP_Flow 19-2313] Loaded Vivado IP repository 'C:/Xilinx/Vivado/2021.1/data/ip'.
update_compile_order -fileset sources_1
open_hw_manager
connect_hw_server -allow_non_jtag
INFO: [Labtools 27-2285] Connecting to hw_server url TCP:localhost:3121
INFO: [Labtools 27-3415] Connecting to cs_server url TCP:localhost:3042
INFO: [Labtools 27-3414] Connected to existing cs_server.
open_hw_target
INFO: [Labtoolstcl 44-466] Opening hw_target localhost:3121/xilinx_tcf/Digilent/210319A438D2A
open_hw_target: Time (s): cpu = 00:00:05 ; elapsed = 00:00:05 . Memory (MB): peak = 2699.328 ; gain = 1262.664
set_property PROGRAM.FILE {D:/109550134/LAB7/20_new_lab7/lab_7/lab_7.runs/impl_1/lab6.bit} [get_hw_devices xc7a35t_0]
current_hw_device [get_hw_devices xc7a35t_0]
refresh_hw_device -update_hw_probes false [lindex [get_hw_devices xc7a35t_0] 0]
INFO: [Labtools 27-1434] Device xc7a35t (JTAG device index = 0) is programmed with a design that has no supported debug core(s) in it.
set_property PROBES.FILE {} [get_hw_devices xc7a35t_0]
set_property FULL_PROBES.FILE {} [get_hw_devices xc7a35t_0]
set_property PROGRAM.FILE {D:/109550134/LAB7/20_new_lab7/lab_7/lab_7.runs/impl_1/lab6.bit} [get_hw_devices xc7a35t_0]
program_hw_devices [get_hw_devices xc7a35t_0]
INFO: [Labtools 27-3164] End of startup status: HIGH
refresh_hw_device [lindex [get_hw_devices xc7a35t_0] 0]
INFO: [Labtools 27-1434] Device xc7a35t (JTAG device index = 0) is programmed with a design that has no supported debug core(s) in it.
exit
INFO: [Common 17-206] Exiting Vivado at Sun Nov 21 00:34:25 2021...
