#-----------------------------------------------------------
# Vivado v2021.1 (64-bit)
# SW Build 3247384 on Thu Jun 10 19:36:33 MDT 2021
# IP Build 3246043 on Fri Jun 11 00:30:35 MDT 2021
# Start of session at: Sun Nov 21 15:55:47 2021
# Process ID: 3224
# Current directory: D:/109550134/LAB7/21_lab7/lab_7
# Command line: vivado.exe -gui_launcher_event rodinguilauncherevent4784 D:\109550134\LAB7\21_lab7\lab_7\lab_7.xpr
# Log file: D:/109550134/LAB7/21_lab7/lab_7/vivado.log
# Journal file: D:/109550134/LAB7/21_lab7/lab_7\vivado.jou
#-----------------------------------------------------------
start_gui
open_project D:/109550134/LAB7/21_lab7/lab_7/lab_7.xpr
INFO: [Project 1-313] Project file moved from 'D:/109550134/LAB7/20_new_lab7/lab_7' since last save.
WARNING: [filemgmt 56-2] Default IP Output Path : Could not find the directory 'D:/109550134/LAB7/21_lab7/lab_7/lab_7.gen/sources_1', nor could it be found using path 'D:/109550134/LAB7/20_new_lab7/lab_7/lab_7.gen/sources_1'.
Scanning sources...
Finished scanning sources
INFO: [IP_Flow 19-234] Refreshing IP repositories
INFO: [IP_Flow 19-1704] No user IP repositories specified
INFO: [IP_Flow 19-2313] Loaded Vivado IP repository 'C:/Xilinx/Vivado/2021.1/data/ip'.
update_compile_order -fileset sources_1
reset_run synth_1
WARNING: [Vivado 12-1017] Problems encountered:
1. Failed to delete one or more files in run directory D:/109550134/LAB7/21_lab7/lab_7/lab_7.runs/synth_1

launch_runs impl_1 -to_step write_bitstream -jobs 3
[Sun Nov 21 16:11:19 2021] Launched synth_1...
Run output will be captured here: D:/109550134/LAB7/21_lab7/lab_7/lab_7.runs/synth_1/runme.log
[Sun Nov 21 16:11:20 2021] Launched impl_1...
Run output will be captured here: D:/109550134/LAB7/21_lab7/lab_7/lab_7.runs/impl_1/runme.log
open_hw_manager
connect_hw_server -allow_non_jtag
INFO: [Labtools 27-2285] Connecting to hw_server url TCP:localhost:3121
INFO: [Labtools 27-2222] Launching hw_server...
INFO: [Labtools 27-2221] Launch Output:

****** Xilinx hw_server v2021.1
  **** Build date : Jun 10 2021 at 20:17:23
    ** Copyright 1986-2021 Xilinx, Inc. All Rights Reserved.


INFO: [Labtools 27-3415] Connecting to cs_server url TCP:localhost:3042
INFO: [Labtools 27-3417] Launching cs_server...
INFO: [Labtools 27-2221] Launch Output:


******** Xilinx cs_server v2021.1
  ****** Build date   : May 27 2021-01:32:33
    **** Build number : 2021.1.1622050353
      ** Copyright 2017-2021 Xilinx, Inc. All Rights Reserved.



connect_hw_server: Time (s): cpu = 00:00:01 ; elapsed = 00:00:07 . Memory (MB): peak = 1470.910 ; gain = 0.000
open_hw_target
INFO: [Labtoolstcl 44-466] Opening hw_target localhost:3121/xilinx_tcf/Digilent/210319B3E58FA
open_hw_target: Time (s): cpu = 00:00:05 ; elapsed = 00:00:06 . Memory (MB): peak = 2714.383 ; gain = 1243.473
set_property PROGRAM.FILE {D:/109550134/LAB7/21_lab7/lab_7/lab_7.runs/impl_1/lab6.bit} [get_hw_devices xc7a35t_0]
current_hw_device [get_hw_devices xc7a35t_0]
refresh_hw_device -update_hw_probes false [lindex [get_hw_devices xc7a35t_0] 0]
INFO: [Labtools 27-1434] Device xc7a35t (JTAG device index = 0) is programmed with a design that has no supported debug core(s) in it.
set_property PROBES.FILE {} [get_hw_devices xc7a35t_0]
set_property FULL_PROBES.FILE {} [get_hw_devices xc7a35t_0]
set_property PROGRAM.FILE {D:/109550134/LAB7/21_lab7/lab_7/lab_7.runs/impl_1/lab6.bit} [get_hw_devices xc7a35t_0]
program_hw_devices [get_hw_devices xc7a35t_0]
INFO: [Labtools 27-3164] End of startup status: HIGH
refresh_hw_device [lindex [get_hw_devices xc7a35t_0] 0]
INFO: [Labtools 27-1434] Device xc7a35t (JTAG device index = 0) is programmed with a design that has no supported debug core(s) in it.
reset_run impl_1 -prev_step 
launch_runs impl_1 -to_step write_bitstream -jobs 3
WARNING: [Vivado 12-872] Run step 'Design Initialization' is out-of-date.
[Sun Nov 21 16:24:40 2021] Launched impl_1...
Run output will be captured here: D:/109550134/LAB7/21_lab7/lab_7/lab_7.runs/impl_1/runme.log
reset_run synth_1
WARNING: [Vivado 12-1017] Problems encountered:
1. Failed to delete one or more files in run directory D:/109550134/LAB7/21_lab7/lab_7/lab_7.runs/synth_1

launch_runs impl_1 -to_step write_bitstream -jobs 3
[Sun Nov 21 16:26:01 2021] Launched synth_1...
Run output will be captured here: D:/109550134/LAB7/21_lab7/lab_7/lab_7.runs/synth_1/runme.log
[Sun Nov 21 16:26:01 2021] Launched impl_1...
Run output will be captured here: D:/109550134/LAB7/21_lab7/lab_7/lab_7.runs/impl_1/runme.log
set_property PROBES.FILE {} [get_hw_devices xc7a35t_0]
set_property FULL_PROBES.FILE {} [get_hw_devices xc7a35t_0]
set_property PROGRAM.FILE {D:/109550134/LAB7/21_lab7/lab_7/lab_7.runs/impl_1/lab6.bit} [get_hw_devices xc7a35t_0]
program_hw_devices [get_hw_devices xc7a35t_0]
INFO: [Labtools 27-3164] End of startup status: HIGH
refresh_hw_device [lindex [get_hw_devices xc7a35t_0] 0]
INFO: [Labtools 27-1434] Device xc7a35t (JTAG device index = 0) is programmed with a design that has no supported debug core(s) in it.
reset_run impl_1 -prev_step 
launch_runs impl_1 -to_step write_bitstream -jobs 3
WARNING: [Vivado 12-872] Run step 'Design Initialization' is out-of-date.
[Sun Nov 21 16:30:17 2021] Launched impl_1...
Run output will be captured here: D:/109550134/LAB7/21_lab7/lab_7/lab_7.runs/impl_1/runme.log
reset_run synth_1
WARNING: [Vivado 12-1017] Problems encountered:
1. Failed to delete one or more files in run directory D:/109550134/LAB7/21_lab7/lab_7/lab_7.runs/synth_1

launch_runs impl_1 -to_step write_bitstream -jobs 3
[Sun Nov 21 16:31:09 2021] Launched synth_1...
Run output will be captured here: D:/109550134/LAB7/21_lab7/lab_7/lab_7.runs/synth_1/runme.log
[Sun Nov 21 16:31:09 2021] Launched impl_1...
Run output will be captured here: D:/109550134/LAB7/21_lab7/lab_7/lab_7.runs/impl_1/runme.log
set_property PROBES.FILE {} [get_hw_devices xc7a35t_0]
set_property FULL_PROBES.FILE {} [get_hw_devices xc7a35t_0]
set_property PROGRAM.FILE {D:/109550134/LAB7/21_lab7/lab_7/lab_7.runs/impl_1/lab6.bit} [get_hw_devices xc7a35t_0]
program_hw_devices [get_hw_devices xc7a35t_0]
INFO: [Labtools 27-3164] End of startup status: HIGH
refresh_hw_device [lindex [get_hw_devices xc7a35t_0] 0]
INFO: [Labtools 27-1434] Device xc7a35t (JTAG device index = 0) is programmed with a design that has no supported debug core(s) in it.
reset_run impl_1 -prev_step 
launch_runs impl_1 -to_step write_bitstream -jobs 3
WARNING: [Vivado 12-872] Run step 'Design Initialization' is out-of-date.
[Sun Nov 21 16:33:48 2021] Launched impl_1...
Run output will be captured here: D:/109550134/LAB7/21_lab7/lab_7/lab_7.runs/impl_1/runme.log
reset_run synth_1
WARNING: [Vivado 12-1017] Problems encountered:
1. Failed to delete one or more files in run directory D:/109550134/LAB7/21_lab7/lab_7/lab_7.runs/synth_1

launch_runs impl_1 -to_step write_bitstream -jobs 3
[Sun Nov 21 16:35:30 2021] Launched synth_1...
Run output will be captured here: D:/109550134/LAB7/21_lab7/lab_7/lab_7.runs/synth_1/runme.log
[Sun Nov 21 16:35:30 2021] Launched impl_1...
Run output will be captured here: D:/109550134/LAB7/21_lab7/lab_7/lab_7.runs/impl_1/runme.log
set_property PROBES.FILE {} [get_hw_devices xc7a35t_0]
set_property FULL_PROBES.FILE {} [get_hw_devices xc7a35t_0]
set_property PROGRAM.FILE {D:/109550134/LAB7/21_lab7/lab_7/lab_7.runs/impl_1/lab6.bit} [get_hw_devices xc7a35t_0]
program_hw_devices [get_hw_devices xc7a35t_0]
INFO: [Labtools 27-3164] End of startup status: HIGH
refresh_hw_device [lindex [get_hw_devices xc7a35t_0] 0]
INFO: [Labtools 27-1434] Device xc7a35t (JTAG device index = 0) is programmed with a design that has no supported debug core(s) in it.
reset_run impl_1 -prev_step 
launch_runs impl_1 -to_step write_bitstream -jobs 3
WARNING: [Vivado 12-872] Run step 'Design Initialization' is out-of-date.
[Sun Nov 21 16:41:48 2021] Launched impl_1...
Run output will be captured here: D:/109550134/LAB7/21_lab7/lab_7/lab_7.runs/impl_1/runme.log
reset_run synth_1
WARNING: [Vivado 12-1017] Problems encountered:
1. Failed to delete one or more files in run directory D:/109550134/LAB7/21_lab7/lab_7/lab_7.runs/synth_1

launch_runs impl_1 -to_step write_bitstream -jobs 3
[Sun Nov 21 16:45:33 2021] Launched synth_1...
Run output will be captured here: D:/109550134/LAB7/21_lab7/lab_7/lab_7.runs/synth_1/runme.log
[Sun Nov 21 16:45:33 2021] Launched impl_1...
Run output will be captured here: D:/109550134/LAB7/21_lab7/lab_7/lab_7.runs/impl_1/runme.log
set_property PROBES.FILE {} [get_hw_devices xc7a35t_0]
set_property FULL_PROBES.FILE {} [get_hw_devices xc7a35t_0]
set_property PROGRAM.FILE {D:/109550134/LAB7/21_lab7/lab_7/lab_7.runs/impl_1/lab6.bit} [get_hw_devices xc7a35t_0]
program_hw_devices [get_hw_devices xc7a35t_0]
INFO: [Labtools 27-3164] End of startup status: HIGH
refresh_hw_device [lindex [get_hw_devices xc7a35t_0] 0]
INFO: [Labtools 27-1434] Device xc7a35t (JTAG device index = 0) is programmed with a design that has no supported debug core(s) in it.
reset_run impl_1 -prev_step 
launch_runs impl_1 -to_step write_bitstream -jobs 3
WARNING: [Vivado 12-872] Run step 'Design Initialization' is out-of-date.
[Sun Nov 21 16:50:00 2021] Launched impl_1...
Run output will be captured here: D:/109550134/LAB7/21_lab7/lab_7/lab_7.runs/impl_1/runme.log
reset_run synth_1
WARNING: [Vivado 12-1017] Problems encountered:
1. Failed to delete one or more files in run directory D:/109550134/LAB7/21_lab7/lab_7/lab_7.runs/synth_1

launch_runs impl_1 -to_step write_bitstream -jobs 3
[Sun Nov 21 16:55:37 2021] Launched synth_1...
Run output will be captured here: D:/109550134/LAB7/21_lab7/lab_7/lab_7.runs/synth_1/runme.log
[Sun Nov 21 16:55:37 2021] Launched impl_1...
Run output will be captured here: D:/109550134/LAB7/21_lab7/lab_7/lab_7.runs/impl_1/runme.log
set_property PROBES.FILE {} [get_hw_devices xc7a35t_0]
set_property FULL_PROBES.FILE {} [get_hw_devices xc7a35t_0]
set_property PROGRAM.FILE {D:/109550134/LAB7/21_lab7/lab_7/lab_7.runs/impl_1/lab6.bit} [get_hw_devices xc7a35t_0]
program_hw_devices [get_hw_devices xc7a35t_0]
INFO: [Labtools 27-3164] End of startup status: HIGH
refresh_hw_device [lindex [get_hw_devices xc7a35t_0] 0]
INFO: [Labtools 27-1434] Device xc7a35t (JTAG device index = 0) is programmed with a design that has no supported debug core(s) in it.
reset_run impl_1 -prev_step 
launch_runs impl_1 -to_step write_bitstream -jobs 3
WARNING: [Vivado 12-872] Run step 'Design Initialization' is out-of-date.
[Sun Nov 21 16:59:09 2021] Launched impl_1...
Run output will be captured here: D:/109550134/LAB7/21_lab7/lab_7/lab_7.runs/impl_1/runme.log
reset_run synth_1
WARNING: [Vivado 12-1017] Problems encountered:
1. Failed to delete one or more files in run directory D:/109550134/LAB7/21_lab7/lab_7/lab_7.runs/synth_1

launch_runs impl_1 -to_step write_bitstream -jobs 3
[Sun Nov 21 17:04:28 2021] Launched synth_1...
Run output will be captured here: D:/109550134/LAB7/21_lab7/lab_7/lab_7.runs/synth_1/runme.log
[Sun Nov 21 17:04:28 2021] Launched impl_1...
Run output will be captured here: D:/109550134/LAB7/21_lab7/lab_7/lab_7.runs/impl_1/runme.log
set_property PROBES.FILE {} [get_hw_devices xc7a35t_0]
set_property FULL_PROBES.FILE {} [get_hw_devices xc7a35t_0]
set_property PROGRAM.FILE {D:/109550134/LAB7/21_lab7/lab_7/lab_7.runs/impl_1/lab6.bit} [get_hw_devices xc7a35t_0]
program_hw_devices [get_hw_devices xc7a35t_0]
INFO: [Labtools 27-3164] End of startup status: HIGH
refresh_hw_device [lindex [get_hw_devices xc7a35t_0] 0]
INFO: [Labtools 27-1434] Device xc7a35t (JTAG device index = 0) is programmed with a design that has no supported debug core(s) in it.
reset_run impl_1 -prev_step 
launch_runs impl_1 -to_step write_bitstream -jobs 3
WARNING: [Vivado 12-872] Run step 'Design Initialization' is out-of-date.
[Sun Nov 21 17:08:58 2021] Launched impl_1...
Run output will be captured here: D:/109550134/LAB7/21_lab7/lab_7/lab_7.runs/impl_1/runme.log
reset_run synth_1
WARNING: [Vivado 12-1017] Problems encountered:
1. Failed to delete one or more files in run directory D:/109550134/LAB7/21_lab7/lab_7/lab_7.runs/synth_1

launch_runs impl_1 -to_step write_bitstream -jobs 3
[Sun Nov 21 17:11:57 2021] Launched synth_1...
Run output will be captured here: D:/109550134/LAB7/21_lab7/lab_7/lab_7.runs/synth_1/runme.log
[Sun Nov 21 17:11:57 2021] Launched impl_1...
Run output will be captured here: D:/109550134/LAB7/21_lab7/lab_7/lab_7.runs/impl_1/runme.log
set_property PROBES.FILE {} [get_hw_devices xc7a35t_0]
set_property FULL_PROBES.FILE {} [get_hw_devices xc7a35t_0]
set_property PROGRAM.FILE {D:/109550134/LAB7/21_lab7/lab_7/lab_7.runs/impl_1/lab6.bit} [get_hw_devices xc7a35t_0]
program_hw_devices [get_hw_devices xc7a35t_0]
INFO: [Labtools 27-3164] End of startup status: HIGH
refresh_hw_device [lindex [get_hw_devices xc7a35t_0] 0]
INFO: [Labtools 27-1434] Device xc7a35t (JTAG device index = 0) is programmed with a design that has no supported debug core(s) in it.
reset_run impl_1 -prev_step 
launch_runs impl_1 -to_step write_bitstream -jobs 3
WARNING: [Vivado 12-872] Run step 'Design Initialization' is out-of-date.
[Sun Nov 21 17:14:38 2021] Launched impl_1...
Run output will be captured here: D:/109550134/LAB7/21_lab7/lab_7/lab_7.runs/impl_1/runme.log
reset_run synth_1
WARNING: [Vivado 12-1017] Problems encountered:
1. Failed to delete one or more files in run directory D:/109550134/LAB7/21_lab7/lab_7/lab_7.runs/synth_1

launch_runs impl_1 -to_step write_bitstream -jobs 3
[Sun Nov 21 17:18:20 2021] Launched synth_1...
Run output will be captured here: D:/109550134/LAB7/21_lab7/lab_7/lab_7.runs/synth_1/runme.log
[Sun Nov 21 17:18:20 2021] Launched impl_1...
Run output will be captured here: D:/109550134/LAB7/21_lab7/lab_7/lab_7.runs/impl_1/runme.log
set_property PROBES.FILE {} [get_hw_devices xc7a35t_0]
set_property FULL_PROBES.FILE {} [get_hw_devices xc7a35t_0]
set_property PROGRAM.FILE {D:/109550134/LAB7/21_lab7/lab_7/lab_7.runs/impl_1/lab6.bit} [get_hw_devices xc7a35t_0]
program_hw_devices [get_hw_devices xc7a35t_0]
INFO: [Labtools 27-3164] End of startup status: HIGH
refresh_hw_device [lindex [get_hw_devices xc7a35t_0] 0]
INFO: [Labtools 27-1434] Device xc7a35t (JTAG device index = 0) is programmed with a design that has no supported debug core(s) in it.
reset_run impl_1
launch_runs impl_1 -jobs 3
[Sun Nov 21 17:23:46 2021] Launched impl_1...
Run output will be captured here: D:/109550134/LAB7/21_lab7/lab_7/lab_7.runs/impl_1/runme.log
open_run impl_1
INFO: [Device 21-403] Loading part xc7a35ticsg324-1L
Netlist sorting complete. Time (s): cpu = 00:00:00 ; elapsed = 00:00:00.030 . Memory (MB): peak = 3061.453 ; gain = 0.000
INFO: [Netlist 29-17] Analyzing 302 Unisim elements for replacement
INFO: [Netlist 29-28] Unisim Transformation completed in 0 CPU seconds
INFO: [Project 1-479] Netlist was created with Vivado 2021.1
INFO: [Project 1-570] Preparing netlist for logic optimization
INFO: [Timing 38-478] Restoring timing data from binary archive.
INFO: [Timing 38-479] Binary timing data restore complete.
INFO: [Project 1-856] Restoring constraints from binary archive.
INFO: [Project 1-853] Binary constraint restore complete.
Reading XDEF placement.
Reading placer database...
Reading XDEF routing.
Read XDEF File: Time (s): cpu = 00:00:00 ; elapsed = 00:00:00.343 . Memory (MB): peak = 3751.660 ; gain = 0.000
Restored from archive | CPU: 0.000000 secs | Memory: 0.000000 MB |
Finished XDEF File Restore: Time (s): cpu = 00:00:00 ; elapsed = 00:00:00.343 . Memory (MB): peak = 3751.660 ; gain = 0.000
Netlist sorting complete. Time (s): cpu = 00:00:00 ; elapsed = 00:00:00 . Memory (MB): peak = 3751.660 ; gain = 0.000
INFO: [Project 1-111] Unisim Transformation Summary:
  A total of 7 instances were transformed.
  RAM32M => RAM32M (RAMD32(x6), RAMS32(x2)): 5 instances
  RAM32X1D => RAM32X1D (RAMD32(x2)): 2 instances

open_run: Time (s): cpu = 00:00:21 ; elapsed = 00:00:16 . Memory (MB): peak = 3887.887 ; gain = 1103.090
CRITICAL WARNING: [Timing 38-282] The design failed to meet the timing requirements. Please see the timing summary report for details on the timing violations.
report_utilization -name utilization_1
launch_runs impl_1 -to_step write_bitstream -jobs 3
WARNING: [Vivado 12-872] Run step 'Design Initialization' is out-of-date.
[Sun Nov 21 17:30:59 2021] Launched impl_1...
Run output will be captured here: D:/109550134/LAB7/21_lab7/lab_7/lab_7.runs/impl_1/runme.log
set_property PROBES.FILE {} [get_hw_devices xc7a35t_0]
set_property FULL_PROBES.FILE {} [get_hw_devices xc7a35t_0]
set_property PROGRAM.FILE {D:/109550134/LAB7/21_lab7/lab_7/lab_7.runs/impl_1/lab6.bit} [get_hw_devices xc7a35t_0]
program_hw_devices [get_hw_devices xc7a35t_0]
INFO: [Labtools 27-3164] End of startup status: HIGH
refresh_hw_device [lindex [get_hw_devices xc7a35t_0] 0]
INFO: [Labtools 27-1434] Device xc7a35t (JTAG device index = 0) is programmed with a design that has no supported debug core(s) in it.
exit
INFO: [Common 17-206] Exiting Vivado at Sun Nov 21 17:47:14 2021...
