#-----------------------------------------------------------
# Vivado v2021.1 (64-bit)
# SW Build 3247384 on Thu Jun 10 19:36:33 MDT 2021
# IP Build 3246043 on Fri Jun 11 00:30:35 MDT 2021
# Start of session at: Sat Oct 23 13:58:10 2021
# Process ID: 11576
# Current directory: D:/109550134/Lab4
# Command line: vivado.exe -gui_launcher_event rodinguilauncherevent11400 D:\109550134\Lab4\Lab4.xpr
# Log file: D:/109550134/Lab4/vivado.log
# Journal file: D:/109550134/Lab4\vivado.jou
#-----------------------------------------------------------
start_guioopen_project D:/109550134/Lab4/Lab4.xpr
INFO: [Project 1-313] Project file moved from 'D:/Vivado/Template/Lab4' since last save.
WARNING: [filemgmt 56-2] Default IP Output Path : Could not find the directory 'D:/109550134/Lab4/Lab4.gen/sources_1', nor could it be found using path 'D:/Vivado/Template/Lab4/Lab4.gen/sources_1'.
Scanning sources...
Finished scanning sources
INFO: [IP_Flow 19-234] Refreshing IP repositories
INFO: [IP_Flow 19-1704] No user IP repositories specified
INFO: [IP_Flow 19-2313] Loaded Vivado IP repository 'C:/Xilinx/Vivado/2021.1/data/ip'.uupdate_compile_order -fileset sources_1exit
INFO: [Common 17-206] Exiting Vivado at Sat Oct 23 19:20:56 2021...
 2021] Launched synth_1...
Run output will be captured here: D:/109550134/Lab4/Lab4.runs/synth_1/runme.log
[Sat Oct 23 15:17:39 2021] Launched impl_1...
Run output will be captured here: D:/109550134/Lab4/Lab4.runs/impl_1/runme.log
open_hw_manager
connect_hw_server -allow_non_jtag
INFO: [Labtools 27-2285] Connecting to hw_server url TCP:localhost:3121
INFO: [Labtools 27-2222] Launching hw_server...
INFO: [Labtools 27-2221] Launch Output:

****** Xilinx hw_server v2021.1
  **** Build date : Jun 10 2021 at 20:17:23
    ** Copyright 1986-2021 Xilinx, Inc. All Rights Reserved.


INFO: [Labtools 27-3415] Connecting to cs_server url TCP:localhost:3042
INFO: [Labtools 27-3417] Launching cs_server...
INFO: [Labtools 27-2221] Launch Output:


******** Xilinx cs_server v2021.1
  ****** Build date   : May 27 2021-01:32:33
    **** Build number : 2021.1.1622050353
      ** Copyright 2017-2021 Xilinx, Inc. All Rights Reserved.



connect_hw_server: Time (s): cpu = 00:00:01 ; elapsed = 00:00:10 . Memory (MB): peak = 1446.547 ; gain = 0.000
open_hw_target
INFO: [Labtoolstcl 44-466] Opening hw_target localhost:3121/xilinx_tcf/Digilent/210319A4328EA
open_hw_target: Time (s): cpu = 00:00:06 ; elapsed = 00:00:06 . Memory (MB): peak = 2700.395 ; gain = 1253.848
current_hw_device [get_hw_devices xc7a35t_0]
refresh_hw_device -update_hw_probes false [lindex [get_hw_devices xc7a35t_0] 0]
INFO: [Labtools 27-1434] Device xc7a35t (JTAG device index = 0) is programmed with a design that has no supported debug core(s) in it.
reset_run synth_1
launch_runs impl_1 -to_step write_bitstream -jobs 3
[Sat Oct 23 15:23:51 2021] Launched synth_1...
Run output will be captured here: D:/109550134/Lab4/Lab4.runs/synth_1/runme.log
[Sat Oct 23 15:23:51 2021] Launched impl_1...
Run output will be captured here: D:/109550134/Lab4/Lab4.runs/impl_1/runme.log
set_property PROBES.FILE {} [get_hw_devices xc7a35t_0]
set_property FULL_PROBES.FILE {} [get_hw_devices xc7a35t_0]
set_property PROGRAM.FILE {D:/109550134/Lab4/Lab4.runs/impl_1/lab4.bit} [get_hw_devices xc7a35t_0]
program_hw_devices [get_hw_devices xc7a35t_0]
INFO: [Labtools 27-3164] End of startup status: HIGH
refresh_hw_device [lindex [get_hw_devices xc7a35t_0] 0]
INFO: [Labtools 27-1434] Device xc7a35t (JTAG device index = 0) is programmed with a design that has no supported debug core(s) in it.
reset_run synth_1
launch_runs impl_1 -to_step write_bitstream -jobs 3
[Sat Oct 23 15:27:34 2021] Launched synth_1...
Run output will be captured here: D:/109550134/Lab4/Lab4.runs/synth_1/runme.log
[Sat Oct 23 15:27:34 2021] Launched impl_1...
Run output will be captured here: D:/109550134/Lab4/Lab4.runs/impl_1/runme.log
refresh_hw_device [lindex [get_hw_devices xc7a35t_0] 0]
INFO: [Labtools 27-1434] Device xc7a35t (JTAG device index = 0) is programmed with a design that has no supported debug core(s) in it.
reset_run impl_1 -prev_step 
launch_runs impl_1 -to_step write_bitstream -jobs 3
[Sat Oct 23 15:29:15 2021] Launched impl_1...
Run output will be captured here: D:/109550134/Lab4/Lab4.runs/impl_1/runme.log
ERROR: [Labtoolstcl 44-513] HW Target shutdown. Closing target: localhost:3121/xilinx_tcf/Digilent/210319A4328EA
INFO: [Labtoolstcl 44-466] Opening hw_target localhost:3121/xilinx_tcf/Digilent/210319A4328EA
INFO: [Labtools 27-1434] Device xc7a35t (JTAG device index = 0) is programmed with a design that has no supported debug core(s) in it.
WARNING: [Labtoolstcl 44-129] No matching hw_ila_data was found.
reset_run impl_1 -prev_step 
launch_runs impl_1 -to_step write_bitstream -jobs 3
[Sat Oct 23 15:30:35 2021] Launched impl_1...
Run output will be captured here: D:/109550134/Lab4/Lab4.runs/impl_1/runme.log
set_property PROBES.FILE {} [get_hw_devices xc7a35t_0]
set_property FULL_PROBES.FILE {} [get_hw_devices xc7a35t_0]
set_property PROGRAM.FILE {D:/109550134/Lab4/Lab4.runs/impl_1/lab4.bit} [get_hw_devices xc7a35t_0]
program_hw_devices [get_hw_devices xc7a35t_0]
INFO: [Labtools 27-3164] End of startup status: HIGH
refresh_hw_device [lindex [get_hw_devices xc7a35t_0] 0]
INFO: [Labtools 27-1434] Device xc7a35t (JTAG device index = 0) is programmed with a design that has no supported debug core(s) in it.
reset_run synth_1
launch_runs impl_1 -to_step write_bitstream -jobs 3
[Sat Oct 23 15:32:39 2021] Launched synth_1...
Run output will be captured here: D:/109550134/Lab4/Lab4.runs/synth_1/runme.log
[Sat Oct 23 15:32:39 2021] Launched impl_1...
Run output will be captured here: D:/109550134/Lab4/Lab4.runs/impl_1/runme.log
refresh_hw_device [lindex [get_hw_devices xc7a35t_0] 0]
INFO: [Labtools 27-1434] Device xc7a35t (JTAG device index = 0) is programmed with a design that has no supported debug core(s) in it.
open_run impl_1
INFO: [Device 21-403] Loading part xc7a35ticsg324-1L
Netlist sorting complete. Time (s): cpu = 00:00:00 ; elapsed = 00:00:00 . Memory (MB): peak = 3048.801 ; gain = 0.000
INFO: [Project 1-479] Netlist was created with Vivado 2021.1
INFO: [Project 1-570] Preparing netlist for logic optimization
INFO: [Timing 38-478] Restoring timing data from binary archive.
INFO: [Timing 38-479] Binary timing data restore complete.
INFO: [Project 1-856] Restoring constraints from binary archive.
INFO: [Project 1-853] Binary constraint restore complete.
Reading XDEF placement.
Reading placer database...
Reading XDEF routing.
Read XDEF File: Time (s): cpu = 00:00:00 ; elapsed = 00:00:00.031 . Memory (MB): peak = 3686.535 ; gain = 0.000
Restored from archive | CPU: 0.000000 secs | Memory: 0.000000 MB |
Finished XDEF File Restore: Time (s): cpu = 00:00:00 ; elapsed = 00:00:00.032 . Memory (MB): peak = 3686.535 ; gain = 0.000
Netlist sorting complete. Time (s): cpu = 00:00:00 ; elapsed = 00:00:00 . Memory (MB): peak = 3686.535 ; gain = 0.000
INFO: [Project 1-111] Unisim Transformation Summary:
No Unisim elements were transformed.

open_run: Time (s): cpu = 00:00:17 ; elapsed = 00:00:14 . Memory (MB): peak = 3788.066 ; gain = 1019.719
reset_run synth_1
launch_runs impl_1 -to_step write_bitstream -jobs 3
[Sat Oct 23 15:35:04 2021] Launched synth_1...
Run output will be captured here: D:/109550134/Lab4/Lab4.runs/synth_1/runme.log
[Sat Oct 23 15:35:04 2021] Launched impl_1...
Run output will be captured here: D:/109550134/Lab4/Lab4.runs/impl_1/runme.log
close_design
open_run impl_1
Netlist sorting complete. Time (s): cpu = 00:00:00 ; elapsed = 00:00:00 . Memory (MB): peak = 3812.246 ; gain = 0.000
INFO: [Project 1-479] Netlist was created with Vivado 2021.1
INFO: [Project 1-570] Preparing netlist for logic optimization
INFO: [Timing 38-478] Restoring timing data from binary archive.
INFO: [Timing 38-479] Binary timing data restore complete.
INFO: [Project 1-856] Restoring constraints from binary archive.
INFO: [Project 1-853] Binary constraint restore complete.
Reading XDEF placement.
Reading placer database...
Reading XDEF routing.
Read XDEF File: Time (s): cpu = 00:00:00 ; elapsed = 00:00:00.032 . Memory (MB): peak = 3812.246 ; gain = 0.000
Restored from archive | CPU: 0.000000 secs | Memory: 0.000000 MB |
Finished XDEF File Restore: Time (s): cpu = 00:00:00 ; elapsed = 00:00:00.032 . Memory (MB): peak = 3812.246 ; gain = 0.000
Netlist sorting complete. Time (s): cpu = 00:00:00 ; elapsed = 00:00:00 . Memory (MB): peak = 3812.246 ; gain = 0.000
INFO: [Project 1-111] Unisim Transformation Summary:
No Unisim elements were transformed.

set_property PROBES.FILE {} [get_hw_devices xc7a35t_0]
set_property FULL_PROBES.FILE {} [get_hw_devices xc7a35t_0]
set_property PROGRAM.FILE {D:/109550134/Lab4/Lab4.runs/impl_1/lab4.bit} [get_hw_devices xc7a35t_0]
program_hw_devices [get_hw_devices xc7a35t_0]
INFO: [Labtools 27-3164] End of startup status: HIGH
refresh_hw_device [lindex [get_hw_devices xc7a35t_0] 0]
INFO: [Labtools 27-1434] Device xc7a35t (JTAG device index = 0) is programmed with a design that has no supported debug core(s) in it.
reset_run synth_1
launch_runs impl_1 -to_step write_bitstream -jobs 3
[Sat Oct 23 15:47:02 2021] Launched synth_1...
Run output will be captured here: D:/109550134/Lab4/Lab4.runs/synth_1/runme.log
[Sat Oct 23 15:47:02 2021] Launched impl_1...
Run output will be captured here: D:/109550134/Lab4/Lab4.runs/impl_1/runme.log
set_property PROBES.FILE {} [get_hw_devices xc7a35t_0]
set_property FULL_PROBES.FILE {} [get_hw_devices xc7a35t_0]
set_property PROGRAM.FILE {D:/109550134/Lab4/Lab4.runs/impl_1/lab4.bit} [get_hw_devices xc7a35t_0]
program_hw_devices [get_hw_devices xc7a35t_0]
INFO: [Labtools 27-3164] End of startup status: HIGH
refresh_hw_device [lindex [get_hw_devices xc7a35t_0] 0]
INFO: [Labtools 27-1434] Device xc7a35t (JTAG device index = 0) is programmed with a design that has no supported debug core(s) in it.
reset_run synth_1
launch_runs impl_1 -to_step write_bitstream -jobs 3
[Sat Oct 23 15:51:15 2021] Launched synth_1...
Run output will be captured here: D:/109550134/Lab4/Lab4.runs/synth_1/runme.log
[Sat Oct 23 15:51:15 2021] Launched impl_1...
Run output will be captured here: D:/109550134/Lab4/Lab4.runs/impl_1/runme.log
set_property PROBES.FILE {} [get_hw_devices xc7a35t_0]
set_property FULL_PROBES.FILE {} [get_hw_devices xc7a35t_0]
set_property PROGRAM.FILE {D:/109550134/Lab4/Lab4.runs/impl_1/lab4.bit} [get_hw_devices xc7a35t_0]
program_hw_devices [get_hw_devices xc7a35t_0]
INFO: [Labtools 27-3164] End of startup status: HIGH
refresh_hw_device [lindex [get_hw_devices xc7a35t_0] 0]
INFO: [Labtools 27-1434] Device xc7a35t (JTAG device index = 0) is programmed with a design that has no supported debug core(s) in it.
reset_run impl_1 -prev_step 
launch_runs impl_1 -to_step write_bitstream -jobs 3
WARNING: [Vivado 12-872] Run step 'Design Initialization' is out-of-date.
[Sat Oct 23 15:55:05 2021] Launched impl_1...
Run output will be captured here: D:/109550134/Lab4/Lab4.runs/impl_1/runme.log
set_property PROBES.FILE {} [get_hw_devices xc7a35t_0]
set_property FULL_PROBES.FILE {} [get_hw_devices xc7a35t_0]
set_property PROGRAM.FILE {D:/109550134/Lab4/Lab4.runs/impl_1/lab4.bit} [get_hw_devices xc7a35t_0]
program_hw_devices [get_hw_devices xc7a35t_0]
INFO: [Labtools 27-3164] End of startup status: HIGH
refresh_hw_device [lindex [get_hw_devices xc7a35t_0] 0]
INFO: [Labtools 27-1434] Device xc7a35t (JTAG device index = 0) is programmed with a design that has no supported debug core(s) in it.
reset_run synth_1
launch_runs impl_1 -to_step write_bitstream -jobs 3
[Sat Oct 23 15:56:52 2021] Launched synth_1...
Run output will be captured here: D:/109550134/Lab4/Lab4.runs/synth_1/runme.log
[Sat Oct 23 15:56:52 2021] Launched impl_1...
Run output will be captured here: D:/109550134/Lab4/Lab4.runs/impl_1/runme.log
set_property PROBES.FILE {} [get_hw_devices xc7a35t_0]
set_property FULL_PROBES.FILE {} [get_hw_devices xc7a35t_0]
set_property PROGRAM.FILE {D:/109550134/Lab4/Lab4.runs/impl_1/lab4.bit} [get_hw_devices xc7a35t_0]
program_hw_devices [get_hw_devices xc7a35t_0]
INFO: [Labtools 27-3164] End of startup status: HIGH
refresh_hw_device [lindex [get_hw_devices xc7a35t_0] 0]
INFO: [Labtools 27-1434] Device xc7a35t (JTAG device index = 0) is programmed with a design that has no supported debug core(s) in it.
reset_run synth_1
launch_runs impl_1 -to_step write_bitstream -jobs 3
[Sat Oct 23 16:07:52 2021] Launched synth_1...
Run output will be captured here: D:/109550134/Lab4/Lab4.runs/synth_1/runme.log
[Sat Oct 23 16:07:52 2021] Launched impl_1...
Run output will be captured here: D:/109550134/Lab4/Lab4.runs/impl_1/runme.log
set_property PROBES.FILE {} [get_hw_devices xc7a35t_0]
set_property FULL_PROBES.FILE {} [get_hw_devices xc7a35t_0]
set_property PROGRAM.FILE {D:/109550134/Lab4/Lab4.runs/impl_1/lab4.bit} [get_hw_devices xc7a35t_0]
program_hw_devices [get_hw_devices xc7a35t_0]
INFO: [Labtools 27-3164] End of startup status: HIGH
refresh_hw_device [lindex [get_hw_devices xc7a35t_0] 0]
INFO: [Labtools 27-1434] Device xc7a35t (JTAG device index = 0) is programmed with a design that has no supported debug core(s) in it.
reset_run synth_1
launch_runs impl_1 -to_step write_bitstream -jobs 3
[Sat Oct 23 16:12:57 2021] Launched synth_1...
Run output will be captured here: D:/109550134/Lab4/Lab4.runs/synth_1/runme.log
[Sat Oct 23 16:12:57 2021] Launched impl_1...
Run output will be captured here: D:/109550134/Lab4/Lab4.runs/impl_1/runme.log
set_property PROBES.FILE {} [get_hw_devices xc7a35t_0]
set_property FULL_PROBES.FILE {} [get_hw_devices xc7a35t_0]
set_property PROGRAM.FILE {D:/109550134/Lab4/Lab4.runs/impl_1/lab4.bit} [get_hw_devices xc7a35t_0]
program_hw_devices [get_hw_devices xc7a35t_0]
INFO: [Labtools 27-3164] End of startup status: HIGH
refresh_hw_device [lindex [get_hw_devices xc7a35t_0] 0]
INFO: [Labtools 27-1434] Device xc7a35t (JTAG device index = 0) is programmed with a design that has no supported debug core(s) in it.
reset_run impl_1 -prev_step 
launch_runs impl_1 -to_step write_bitstream -jobs 3
WARNING: [Vivado 12-872] Run step 'Design Initialization' is out-of-date.
[Sat Oct 23 16:16:37 2021] Launched impl_1...
Run output will be captured here: D:/109550134/Lab4/Lab4.runs/impl_1/runme.log
set_property PROBES.FILE {} [get_hw_devices xc7a35t_0]
set_property FULL_PROBES.FILE {} [get_hw_devices xc7a35t_0]
set_property PROGRAM.FILE {D:/109550134/Lab4/Lab4.runs/impl_1/lab4.bit} [get_hw_devices xc7a35t_0]
program_hw_devices [get_hw_devices xc7a35t_0]
INFO: [Labtools 27-3164] End of startup status: HIGH
refresh_hw_device [lindex [get_hw_devices xc7a35t_0] 0]
INFO: [Labtools 27-1434] Device xc7a35t (JTAG device index = 0) is programmed with a design that has no supported debug core(s) in it.
set_property PROBES.FILE {} [get_hw_devices xc7a35t_0]
set_property FULL_PROBES.FILE {} [get_hw_devices xc7a35t_0]
set_property PROGRAM.FILE {D:/109550134/Lab4/Lab4.runs/impl_1/lab4.bit} [get_hw_devices xc7a35t_0]
program_hw_devices [get_hw_devices xc7a35t_0]
INFO: [Labtools 27-3164] End of startup status: HIGH
refresh_hw_device [lindex [get_hw_devices xc7a35t_0] 0]
INFO: [Labtools 27-1434] Device xc7a35t (JTAG device index = 0) is programmed with a design that has no supported debug core(s) in it.
reset_run synth_1
launch_runs impl_1 -to_step write_bitstream -jobs 3
[Sat Oct 23 16:18:36 2021] Launched synth_1...
Run output will be captured here: D:/109550134/Lab4/Lab4.runs/synth_1/runme.log
[Sat Oct 23 16:18:36 2021] Launched impl_1...
Run output will be captured here: D:/109550134/Lab4/Lab4.runs/impl_1/runme.log
set_property PROBES.FILE {} [get_hw_devices xc7a35t_0]
set_property FULL_PROBES.FILE {} [get_hw_devices xc7a35t_0]
set_property PROGRAM.FILE {D:/109550134/Lab4/Lab4.runs/impl_1/lab4.bit} [get_hw_devices xc7a35t_0]
program_hw_devices [get_hw_devices xc7a35t_0]
INFO: [Labtools 27-3164] End of startup status: HIGH
refresh_hw_device [lindex [get_hw_devices xc7a35t_0] 0]
INFO: [Labtools 27-1434] Device xc7a35t (JTAG device index = 0) is programmed with a design that has no supported debug core(s) in it.
reset_run synth_1
launch_runs impl_1 -to_step write_bitstream -jobs 3
[Sat Oct 23 16:27:55 2021] Launched synth_1...
Run output will be captured here: D:/109550134/Lab4/Lab4.runs/synth_1/runme.log
[Sat Oct 23 16:27:55 2021] Launched impl_1...
Run output will be captured here: D:/109550134/Lab4/Lab4.runs/impl_1/runme.log
set_property PROBES.FILE {} [get_hw_devices xc7a35t_0]
set_property FULL_PROBES.FILE {} [get_hw_devices xc7a35t_0]
set_property PROGRAM.FILE {D:/109550134/Lab4/Lab4.runs/impl_1/lab4.bit} [get_hw_devices xc7a35t_0]
program_hw_devices [get_hw_devices xc7a35t_0]
INFO: [Labtools 27-3164] End of startup status: HIGH
refresh_hw_device [lindex [get_hw_devices xc7a35t_0] 0]
INFO: [Labtools 27-1434] Device xc7a35t (JTAG device index = 0) is programmed with a design that has no supported debug core(s) in it.
set_property PROBES.FILE {} [get_hw_devices xc7a35t_0]
set_property FULL_PROBES.FILE {} [get_hw_devices xc7a35t_0]
set_property PROGRAM.FILE {D:/109550134/Lab4/Lab4.runs/impl_1/lab4.bit} [get_hw_devices xc7a35t_0]
program_hw_devices [get_hw_devices xc7a35t_0]
INFO: [Labtools 27-3164] End of startup status: HIGH
refresh_hw_device [lindex [get_hw_devices xc7a35t_0] 0]
INFO: [Labtools 27-1434] Device xc7a35t (JTAG device index = 0) is programmed with a design that has no supported debug core(s) in it.
reset_run impl_1 -prev_step 
launch_runs impl_1 -to_step write_bitstream -jobs 3
[Sat Oct 23 16:30:14 2021] Launched impl_1...
Run output will be captured here: D:/109550134/Lab4/Lab4.runs/impl_1/runme.log
set_property PROBES.FILE {} [get_hw_devices xc7a35t_0]
set_property FULL_PROBES.FILE {} [get_hw_devices xc7a35t_0]
set_property PROGRAM.FILE {D:/109550134/Lab4/Lab4.runs/impl_1/lab4.bit} [get_hw_devices xc7a35t_0]
program_hw_devices [get_hw_devices xc7a35t_0]
INFO: [Labtools 27-3164] End of startup status: HIGH
refresh_hw_device [lindex [get_hw_devices xc7a35t_0] 0]
INFO: [Labtools 27-1434] Device xc7a35t (JTAG device index = 0) is programmed with a design that has no supported debug core(s) in it.
reset_run synth_1
launch_runs impl_1 -to_step write_bitstream -jobs 3
[Sat Oct 23 16:32:39 2021] Launched synth_1...
Run output will be captured here: D:/109550134/Lab4/Lab4.runs/synth_1/runme.log
[Sat Oct 23 16:32:39 2021] Launched impl_1...
Run output will be captured here: D:/109550134/Lab4/Lab4.runs/impl_1/runme.log
set_property PROBES.FILE {} [get_hw_devices xc7a35t_0]
set_property FULL_PROBES.FILE {} [get_hw_devices xc7a35t_0]
set_property PROGRAM.FILE {D:/109550134/Lab4/Lab4.runs/impl_1/lab4.bit} [get_hw_devices xc7a35t_0]
program_hw_devices [get_hw_devices xc7a35t_0]
INFO: [Labtools 27-3164] End of startup status: HIGH
refresh_hw_device [lindex [get_hw_devices xc7a35t_0] 0]
INFO: [Labtools 27-1434] Device xc7a35t (JTAG device index = 0) is programmed with a design that has no supported debug core(s) in it.
reset_run synth_1
launch_runs impl_1 -to_step write_bitstream -jobs 3
[Sat Oct 23 16:36:26 2021] Launched synth_1...
Run output will be captured here: D:/109550134/Lab4/Lab4.runs/synth_1/runme.log
[Sat Oct 23 16:36:26 2021] Launched impl_1...
Run output will be captured here: D:/109550134/Lab4/Lab4.runs/impl_1/runme.log
set_property PROBES.FILE {} [get_hw_devices xc7a35t_0]
set_property FULL_PROBES.FILE {} [get_hw_devices xc7a35t_0]
set_property PROGRAM.FILE {D:/109550134/Lab4/Lab4.runs/impl_1/lab4.bit} [get_hw_devices xc7a35t_0]
program_hw_devices [get_hw_devices xc7a35t_0]
INFO: [Labtools 27-3164] End of startup status: HIGH
refresh_hw_device [lindex [get_hw_devices xc7a35t_0] 0]
INFO: [Labtools 27-1434] Device xc7a35t (JTAG device index = 0) is programmed with a design that has no supported debug core(s) in it.
reset_run synth_1
launch_runs impl_1 -to_step write_bitstream -jobs 3
[Sat Oct 23 16:38:57 2021] Launched synth_1...
Run output will be captured here: D:/109550134/Lab4/Lab4.runs/synth_1/runme.log
[Sat Oct 23 16:38:57 2021] Launched impl_1...
Run output will be captured here: D:/109550134/Lab4/Lab4.runs/impl_1/runme.log
set_property PROBES.FILE {} [get_hw_devices xc7a35t_0]
set_property FULL_PROBES.FILE {} [get_hw_devices xc7a35t_0]
set_property PROGRAM.FILE {D:/109550134/Lab4/Lab4.runs/impl_1/lab4.bit} [get_hw_devices xc7a35t_0]
program_hw_devices [get_hw_devices xc7a35t_0]
INFO: [Labtools 27-3164] End of startup status: HIGH
refresh_hw_device [lindex [get_hw_devices xc7a35t_0] 0]
INFO: [Labtools 27-1434] Device xc7a35t (JTAG device index = 0) is programmed with a design that has no supported debug core(s) in it.
reset_run synth_1
launch_runs synth_1 -jobs 3
[Sat Oct 23 16:44:07 2021] Launched synth_1...
Run output will be captured here: D:/109550134/Lab4/Lab4.runs/synth_1/runme.log
reset_run synth_1
launch_runs impl_1 -to_step write_bitstream -jobs 3
[Sat Oct 23 16:45:49 2021] Launched synth_1...
Run output will be captured here: D:/109550134/Lab4/Lab4.runs/synth_1/runme.log
[Sat Oct 23 16:45:49 2021] Launched impl_1...
Run output will be captured here: D:/109550134/Lab4/Lab4.runs/impl_1/runme.log
set_property PROBES.FILE {} [get_hw_devices xc7a35t_0]
set_property FULL_PROBES.FILE {} [get_hw_devices xc7a35t_0]
set_property PROGRAM.FILE {D:/109550134/Lab4/Lab4.runs/impl_1/lab4.bit} [get_hw_devices xc7a35t_0]
program_hw_devices [get_hw_devices xc7a35t_0]
INFO: [Labtools 27-3164] End of startup status: HIGH
refresh_hw_device [lindex [get_hw_devices xc7a35t_0] 0]
INFO: [Labtools 27-1434] Device xc7a35t (JTAG device index = 0) is programmed with a design that has no supported debug core(s) in it.
reset_run synth_1
launch_runs synth_1 -jobs 3
[Sat Oct 23 16:47:59 2021] Launched synth_1...
Run output will be captured here: D:/109550134/Lab4/Lab4.runs/synth_1/runme.log
reset_run synth_1
launch_runs synth_1 -jobs 3
[Sat Oct 23 16:48:54 2021] Launched synth_1...
Run output will be captured here: D:/109550134/Lab4/Lab4.runs/synth_1/runme.log
reset_run synth_1
WARNING: [Vivado 12-1017] Problems encountered:
1. Failed to delete one or more files in run directory D:/109550134/Lab4/Lab4.runs/synth_1

launch_runs impl_1 -to_step write_bitstream -jobs 3
[Sat Oct 23 16:49:05 2021] Launched synth_1...
Run output will be captured here: D:/109550134/Lab4/Lab4.runs/synth_1/runme.log
[Sat Oct 23 16:49:05 2021] Launched impl_1...
Run output will be captured here: D:/109550134/Lab4/Lab4.runs/impl_1/runme.log
set_property PROBES.FILE {} [get_hw_devices xc7a35t_0]
set_property FULL_PROBES.FILE {} [get_hw_devices xc7a35t_0]
set_property PROGRAM.FILE {D:/109550134/Lab4/Lab4.runs/impl_1/lab4.bit} [get_hw_devices xc7a35t_0]
program_hw_devices [get_hw_devices xc7a35t_0]
INFO: [Labtools 27-3164] End of startup status: HIGH
refresh_hw_device [lindex [get_hw_devices xc7a35t_0] 0]
INFO: [Labtools 27-1434] Device xc7a35t (JTAG device index = 0) is programmed with a design that has no supported debug core(s) in it.
reset_run synth_1
launch_runs impl_1 -to_step write_bitstream -jobs 3
[Sat Oct 23 16:52:11 2021] Launched synth_1...
Run output will be captured here: D:/109550134/Lab4/Lab4.runs/synth_1/runme.log
[Sat Oct 23 16:52:11 2021] Launched impl_1...
Run output will be captured here: D:/109550134/Lab4/Lab4.runs/impl_1/runme.log
set_property PROBES.FILE {} [get_hw_devices xc7a35t_0]
set_property FULL_PROBES.FILE {} [get_hw_devices xc7a35t_0]
set_property PROGRAM.FILE {D:/109550134/Lab4/Lab4.runs/impl_1/lab4.bit} [get_hw_devices xc7a35t_0]
program_hw_devices [get_hw_devices xc7a35t_0]
INFO: [Labtools 27-3164] End of startup status: HIGH
refresh_hw_device [lindex [get_hw_devices xc7a35t_0] 0]
INFO: [Labtools 27-1434] Device xc7a35t (JTAG device index = 0) is programmed with a design that has no supported debug core(s) in it.
reset_run synth_1
launch_runs impl_1 -to_step write_bitstream -jobs 3
[Sat Oct 23 17:05:03 2021] Launched synth_1...
Run output will be captured here: D:/109550134/Lab4/Lab4.runs/synth_1/runme.log
[Sat Oct 23 17:05:03 2021] Launched impl_1...
Run output will be captured here: D:/109550134/Lab4/Lab4.runs/impl_1/runme.log
set_property PROBES.FILE {} [get_hw_devices xc7a35t_0]
set_property FULL_PROBES.FILE {} [get_hw_devices xc7a35t_0]
set_property PROGRAM.FILE {D:/109550134/Lab4/Lab4.runs/impl_1/lab4.bit} [get_hw_devices xc7a35t_0]
program_hw_devices [get_hw_devices xc7a35t_0]
INFO: [Labtools 27-3164] End of startup status: HIGH
refresh_hw_device [lindex [get_hw_devices xc7a35t_0] 0]
INFO: [Labtools 27-1434] Device xc7a35t (JTAG device index = 0) is programmed with a design that has no supported debug core(s) in it.
reset_run synth_1
launch_runs impl_1 -to_step write_bitstream -jobs 3
[Sat Oct 23 17:10:20 2021] Launched synth_1...
Run output will be captured here: D:/109550134/Lab4/Lab4.runs/synth_1/runme.log
[Sat Oct 23 17:10:20 2021] Launched impl_1...
Run output will be captured here: D:/109550134/Lab4/Lab4.runs/impl_1/runme.log
set_property PROBES.FILE {} [get_hw_devices xc7a35t_0]
set_property FULL_PROBES.FILE {} [get_hw_devices xc7a35t_0]
set_property PROGRAM.FILE {D:/109550134/Lab4/Lab4.runs/impl_1/lab4.bit} [get_hw_devices xc7a35t_0]
program_hw_devices [get_hw_devices xc7a35t_0]
INFO: [Labtools 27-3164] End of startup status: HIGH
refresh_hw_device [lindex [get_hw_devices xc7a35t_0] 0]
INFO: [Labtools 27-1434] Device xc7a35t (JTAG device index = 0) is programmed with a design that has no supported debug core(s) in it.
reset_run synth_1
launch_runs impl_1 -to_step write_bitstream -jobs 3
[Sat Oct 23 17:14:59 2021] Launched synth_1...
Run output will be captured here: D:/109550134/Lab4/Lab4.runs/synth_1/runme.log
[Sat Oct 23 17:14:59 2021] Launched impl_1...
Run output will be captured here: D:/109550134/Lab4/Lab4.runs/impl_1/runme.log
set_property PROBES.FILE {} [get_hw_devices xc7a35t_0]
set_property FULL_PROBES.FILE {} [get_hw_devices xc7a35t_0]
set_property PROGRAM.FILE {D:/109550134/Lab4/Lab4.runs/impl_1/lab4.bit} [get_hw_devices xc7a35t_0]
program_hw_devices [get_hw_devices xc7a35t_0]
INFO: [Labtools 27-3164] End of startup status: HIGH
refresh_hw_device [lindex [get_hw_devices xc7a35t_0] 0]
INFO: [Labtools 27-1434] Device xc7a35t (JTAG device index = 0) is programmed with a design that has no supported debug core(s) in it.
reset_run synth_1
launch_runs impl_1 -to_step write_bitstream -jobs 3
[Sat Oct 23 17:19:53 2021] Launched synth_1...
Run output will be captured here: D:/109550134/Lab4/Lab4.runs/synth_1/runme.log
[Sat Oct 23 17:19:53 2021] Launched impl_1...
Run output will be captured here: D:/109550134/Lab4/Lab4.runs/impl_1/runme.log
set_property PROBES.FILE {} [get_hw_devices xc7a35t_0]
set_property FULL_PROBES.FILE {} [get_hw_devices xc7a35t_0]
set_property PROGRAM.FILE {D:/109550134/Lab4/Lab4.runs/impl_1/lab4.bit} [get_hw_devices xc7a35t_0]
program_hw_devices [get_hw_devices xc7a35t_0]
INFO: [Labtools 27-3164] End of startup status: HIGH
refresh_hw_device [lindex [get_hw_devices xc7a35t_0] 0]
INFO: [Labtools 27-1434] Device xc7a35t (JTAG device index = 0) is programmed with a design that has no supported debug core(s) in it.
reset_run synth_1
launch_runs impl_1 -to_step write_bitstream -jobs 3
[Sat Oct 23 17:44:16 2021] Launched synth_1...
Run output will be captured here: D:/109550134/Lab4/Lab4.runs/synth_1/runme.log
[Sat Oct 23 17:44:16 2021] Launched impl_1...
Run output will be captured here: D:/109550134/Lab4/Lab4.runs/impl_1/runme.log
reset_run synth_1
launch_runs impl_1 -to_step write_bitstream -jobs 3
[Sat Oct 23 17:48:09 2021] Launched synth_1...
Run output will be captured here: D:/109550134/Lab4/Lab4.runs/synth_1/runme.log
[Sat Oct 23 17:48:09 2021] Launched impl_1...
Run output will be captured here: D:/109550134/Lab4/Lab4.runs/impl_1/runme.log
set_property PROBES.FILE {} [get_hw_devices xc7a35t_0]
set_property FULL_PROBES.FILE {} [get_hw_devices xc7a35t_0]
set_property PROGRAM.FILE {D:/109550134/Lab4/Lab4.runs/impl_1/lab4.bit} [get_hw_devices xc7a35t_0]
program_hw_devices [get_hw_devices xc7a35t_0]
INFO: [Labtools 27-3164] End of startup status: HIGH
refresh_hw_device [lindex [get_hw_devices xc7a35t_0] 0]
INFO: [Labtools 27-1434] Device xc7a35t (JTAG device index = 0) is programmed with a design that has no supported debug core(s) in it.
reset_run synth_1
launch_runs impl_1 -to_step write_bitstream -jobs 3
[Sat Oct 23 17:51:07 2021] Launched synth_1...
Run output will be captured here: D:/109550134/Lab4/Lab4.runs/synth_1/runme.log
[Sat Oct 23 17:51:07 2021] Launched impl_1...
Run output will be captured here: D:/109550134/Lab4/Lab4.runs/impl_1/runme.log
set_property PROBES.FILE {} [get_hw_devices xc7a35t_0]
set_property FULL_PROBES.FILE {} [get_hw_devices xc7a35t_0]
set_property PROGRAM.FILE {D:/109550134/Lab4/Lab4.runs/impl_1/lab4.bit} [get_hw_devices xc7a35t_0]
program_hw_devices [get_hw_devices xc7a35t_0]
INFO: [Labtools 27-3164] End of startup status: HIGH
refresh_hw_device [lindex [get_hw_devices xc7a35t_0] 0]
INFO: [Labtools 27-1434] Device xc7a35t (JTAG device index = 0) is programmed with a design that has no supported debug core(s) in it.
reset_run synth_1
launch_runs impl_1 -to_step write_bitstream -jobs 3
[Sat Oct 23 17:53:47 2021] Launched synth_1...
Run output will be captured here: D:/109550134/Lab4/Lab4.runs/synth_1/runme.log
[Sat Oct 23 17:53:47 2021] Launched impl_1...
Run output will be captured here: D:/109550134/Lab4/Lab4.runs/impl_1/runme.log
set_property PROBES.FILE {} [get_hw_devices xc7a35t_0]
set_property FULL_PROBES.FILE {} [get_hw_devices xc7a35t_0]
set_property PROGRAM.FILE {D:/109550134/Lab4/Lab4.runs/impl_1/lab4.bit} [get_hw_devices xc7a35t_0]
program_hw_devices [get_hw_devices xc7a35t_0]
INFO: [Labtools 27-3164] End of startup status: HIGH
refresh_hw_device [lindex [get_hw_devices xc7a35t_0] 0]
INFO: [Labtools 27-1434] Device xc7a35t (JTAG device index = 0) is programmed with a design that has no supported debug core(s) in it.
reset_run synth_1
launch_runs impl_1 -to_step write_bitstream -jobs 3
[Sat Oct 23 18:01:03 2021] Launched synth_1...
Run output will be captured here: D:/109550134/Lab4/Lab4.runs/synth_1/runme.log
[Sat Oct 23 18:01:03 2021] Launched impl_1...
Run output will be captured here: D:/109550134/Lab4/Lab4.runs/impl_1/runme.log
reset_run synth_1
launch_runs impl_1 -to_step write_bitstream -jobs 3
[Sat Oct 23 18:02:38 2021] Launched synth_1...
Run output will be captured here: D:/109550134/Lab4/Lab4.runs/synth_1/runme.log
[Sat Oct 23 18:02:38 2021] Launched impl_1...
Run output will be captured here: D:/109550134/Lab4/Lab4.runs/impl_1/runme.log
reset_run impl_1
reset_run synth_1
launch_runs impl_1 -to_step write_bitstream -jobs 3
[Sat Oct 23 18:03:40 2021] Launched synth_1...
Run output will be captured here: D:/109550134/Lab4/Lab4.runs/synth_1/runme.log
[Sat Oct 23 18:03:40 2021] Launched impl_1...
Run output will be captured here: D:/109550134/Lab4/Lab4.runs/impl_1/runme.log
set_property PROBES.FILE {} [get_hw_devices xc7a35t_0]
set_property FULL_PROBES.FILE {} [get_hw_devices xc7a35t_0]
set_property PROGRAM.FILE {D:/109550134/Lab4/Lab4.runs/impl_1/lab4.bit} [get_hw_devices xc7a35t_0]
program_hw_devices [get_hw_devices xc7a35t_0]
INFO: [Labtools 27-3164] End of startup status: HIGH
refresh_hw_device [lindex [get_hw_devices xc7a35t_0] 0]
INFO: [Labtools 27-1434] Device xc7a35t (JTAG device index = 0) is programmed with a design that has no supported debug core(s) in it.
reset_run impl_1 -prev_step 
launch_runs impl_1 -to_step write_bitstream -jobs 3
WARNING: [Vivado 12-872] Run step 'Design Initialization' is out-of-date.
[Sat Oct 23 18:08:33 2021] Launched impl_1...
Run output will be captured here: D:/109550134/Lab4/Lab4.runs/impl_1/runme.log
set_property PROBES.FILE {} [get_hw_devices xc7a35t_0]
set_property FULL_PROBES.FILE {} [get_hw_devices xc7a35t_0]
set_property PROGRAM.FILE {D:/109550134/Lab4/Lab4.runs/impl_1/lab4.bit} [get_hw_devices xc7a35t_0]
program_hw_devices [get_hw_devices xc7a35t_0]
INFO: [Labtools 27-3164] End of startup status: HIGH
refresh_hw_device [lindex [get_hw_devices xc7a35t_0] 0]
INFO: [Labtools 27-1434] Device xc7a35t (JTAG device index = 0) is programmed with a design that has no supported debug core(s) in it.
reset_run synth_1
launch_runs impl_1 -to_step write_bitstream -jobs 3
[Sat Oct 23 18:11:01 2021] Launched synth_1...
Run output will be captured here: D:/109550134/Lab4/Lab4.runs/synth_1/runme.log
[Sat Oct 23 18:11:01 2021] Launched impl_1...
Run output will be captured here: D:/109550134/Lab4/Lab4.runs/impl_1/runme.log
set_property PROBES.FILE {} [get_hw_devices xc7a35t_0]
set_property FULL_PROBES.FILE {} [get_hw_devices xc7a35t_0]
set_property PROGRAM.FILE {D:/109550134/Lab4/Lab4.runs/impl_1/lab4.bit} [get_hw_devices xc7a35t_0]
program_hw_devices [get_hw_devices xc7a35t_0]
INFO: [Labtools 27-3164] End of startup status: HIGH
refresh_hw_device [lindex [get_hw_devices xc7a35t_0] 0]
INFO: [Labtools 27-1434] Device xc7a35t (JTAG device index = 0) is programmed with a design that has no supported debug core(s) in it.
reset_run synth_1
launch_runs impl_1 -to_step write_bitstream -jobs 3
[Sat Oct 23 18:13:23 2021] Launched synth_1...
Run output will be captured here: D:/109550134/Lab4/Lab4.runs/synth_1/runme.log
[Sat Oct 23 18:13:23 2021] Launched impl_1...
Run output will be captured here: D:/109550134/Lab4/Lab4.runs/impl_1/runme.log
set_property PROBES.FILE {} [get_hw_devices xc7a35t_0]
set_property FULL_PROBES.FILE {} [get_hw_devices xc7a35t_0]
set_property PROGRAM.FILE {D:/109550134/Lab4/Lab4.runs/impl_1/lab4.bit} [get_hw_devices xc7a35t_0]
program_hw_devices [get_hw_devices xc7a35t_0]
INFO: [Labtools 27-3164] End of startup status: HIGH
refresh_hw_device [lindex [get_hw_devices xc7a35t_0] 0]
INFO: [Labtools 27-1434] Device xc7a35t (JTAG device index = 0) is programmed with a design that has no supported debug core(s) in it.
reset_run synth_1
launch_runs impl_1 -to_step write_bitstream -jobs 3
[Sat Oct 23 18:16:56 2021] Launched synth_1...
Run output will be captured here: D:/109550134/Lab4/Lab4.runs/synth_1/runme.log
[Sat Oct 23 18:16:56 2021] Launched impl_1...
Run output will be captured here: D:/109550134/Lab4/Lab4.runs/impl_1/runme.log
set_property PROBES.FILE {} [get_hw_devices xc7a35t_0]
set_property FULL_PROBES.FILE {} [get_hw_devices xc7a35t_0]
set_property PROGRAM.FILE {D:/109550134/Lab4/Lab4.runs/impl_1/lab4.bit} [get_hw_devices xc7a35t_0]
program_hw_devices [get_hw_devices xc7a35t_0]
INFO: [Labtools 27-3164] End of startup status: HIGH
refresh_hw_device [lindex [get_hw_devices xc7a35t_0] 0]
INFO: [Labtools 27-1434] Device xc7a35t (JTAG device index = 0) is programmed with a design that has no supported debug core(s) in it.
reset_run synth_1
launch_runs impl_1 -to_step write_bitstream -jobs 3
[Sat Oct 23 18:21:03 2021] Launched synth_1...
Run output will be captured here: D:/109550134/Lab4/Lab4.runs/synth_1/runme.log
[Sat Oct 23 18:21:03 2021] Launched impl_1...
Run output will be captured here: D:/109550134/Lab4/Lab4.runs/impl_1/runme.log
set_property PROBES.FILE {} [get_hw_devices xc7a35t_0]
set_property FULL_PROBES.FILE {} [get_hw_devices xc7a35t_0]
set_property PROGRAM.FILE {D:/109550134/Lab4/Lab4.runs/impl_1/lab4.bit} [get_hw_devices xc7a35t_0]
program_hw_devices [get_hw_devices xc7a35t_0]
INFO: [Labtools 27-3164] End of startup status: HIGH
refresh_hw_device [lindex [get_hw_devices xc7a35t_0] 0]
INFO: [Labtools 27-1434] Device xc7a35t (JTAG device index = 0) is programmed with a design that has no supported debug core(s) in it.
reset_run impl_1 -prev_step 
launch_runs impl_1 -to_step write_bitstream -jobs 3
WARNING: [Vivado 12-872] Run step 'Design Initialization' is out-of-date.
[Sat Oct 23 18:23:42 2021] Launched impl_1...
Run output will be captured here: D:/109550134/Lab4/Lab4.runs/impl_1/runme.log
set_property PROBES.FILE {} [get_hw_devices xc7a35t_0]
set_property FULL_PROBES.FILE {} [get_hw_devices xc7a35t_0]
set_property PROGRAM.FILE {D:/109550134/Lab4/Lab4.runs/impl_1/lab4.bit} [get_hw_devices xc7a35t_0]
program_hw_devices [get_hw_devices xc7a35t_0]
INFO: [Labtools 27-3164] End of startup status: HIGH
refresh_hw_device [lindex [get_hw_devices xc7a35t_0] 0]
INFO: [Labtools 27-1434] Device xc7a35t (JTAG device index = 0) is programmed with a design that has no supported debug core(s) in it.
reset_run synth_1
launch_runs impl_1 -to_step write_bitstream -jobs 3
[Sat Oct 23 18:28:15 2021] Launched synth_1...
Run output will be captured here: D:/109550134/Lab4/Lab4.runs/synth_1/runme.log
[Sat Oct 23 18:28:15 2021] Launched impl_1...
Run output will be captured here: D:/109550134/Lab4/Lab4.runs/impl_1/runme.log
set_property PROBES.FILE {} [get_hw_devices xc7a35t_0]
set_property FULL_PROBES.FILE {} [get_hw_devices xc7a35t_0]
set_property PROGRAM.FILE {D:/109550134/Lab4/Lab4.runs/impl_1/lab4.bit} [get_hw_devices xc7a35t_0]
program_hw_devices [get_hw_devices xc7a35t_0]
INFO: [Labtools 27-3164] End of startup status: HIGH
refresh_hw_device [lindex [get_hw_devices xc7a35t_0] 0]
INFO: [Labtools 27-1434] Device xc7a35t (JTAG device index = 0) is programmed with a design that has no supported debug core(s) in it.
reset_run synth_1
launch_runs impl_1 -to_step write_bitstream -jobs 3
[Sat Oct 23 18:32:06 2021] Launched synth_1...
Run output will be captured here: D:/109550134/Lab4/Lab4.runs/synth_1/runme.log
[Sat Oct 23 18:32:06 2021] Launched impl_1...
Run output will be captured here: D:/109550134/Lab4/Lab4.runs/impl_1/runme.log
set_property PROBES.FILE {} [get_hw_devices xc7a35t_0]
set_property FULL_PROBES.FILE {} [get_hw_devices xc7a35t_0]
set_property PROGRAM.FILE {D:/109550134/Lab4/Lab4.runs/impl_1/lab4.bit} [get_hw_devices xc7a35t_0]
program_hw_devices [get_hw_devices xc7a35t_0]
INFO: [Labtools 27-3164] End of startup status: HIGH
refresh_hw_device [lindex [get_hw_devices xc7a35t_0] 0]
INFO: [Labtools 27-1434] Device xc7a35t (JTAG device index = 0) is programmed with a design that has no supported debug core(s) in it.
reset_run synth_1
launch_runs impl_1 -to_step write_bitstream -jobs 3
[Sat Oct 23 18:36:39 2021] Launched synth_1...
Run output will be captured here: D:/109550134/Lab4/Lab4.runs/synth_1/runme.log
[Sat Oct 23 18:36:39 2021] Launched impl_1...
Run output will be captured here: D:/109550134/Lab4/Lab4.runs/impl_1/runme.log
set_property PROBES.FILE {} [get_hw_devices xc7a35t_0]
set_property FULL_PROBES.FILE {} [get_hw_devices xc7a35t_0]
set_property PROGRAM.FILE {D:/109550134/Lab4/Lab4.runs/impl_1/lab4.bit} [get_hw_devices xc7a35t_0]
program_hw_devices [get_hw_devices xc7a35t_0]
INFO: [Labtools 27-3164] End of startup status: HIGH
refresh_hw_device [lindex [get_hw_devices xc7a35t_0] 0]
INFO: [Labtools 27-1434] Device xc7a35t (JTAG device index = 0) is programmed with a design that has no supported debug core(s) in it.
reset_run impl_1 -prev_step 
launch_runs impl_1 -to_step write_bitstream -jobs 3
WARNING: [Vivado 12-872] Run step 'Design Initialization' is out-of-date.
[Sat Oct 23 18:45:11 2021] Launched impl_1...
Run output will be captured here: D:/109550134/Lab4/Lab4.runs/impl_1/runme.log
set_property PROBES.FILE {} [get_hw_devices xc7a35t_0]
set_property FULL_PROBES.FILE {} [get_hw_devices xc7a35t_0]
set_property PROGRAM.FILE {D:/109550134/Lab4/Lab4.runs/impl_1/lab4.bit} [get_hw_devices xc7a35t_0]
program_hw_devices [get_hw_devices xc7a35t_0]
INFO: [Labtools 27-3164] End of startup status: HIGH
refresh_hw_device [lindex [get_hw_devices xc7a35t_0] 0]
INFO: [Labtools 27-1434] Device xc7a35t (JTAG device index = 0) is programmed with a design that has no supported debug core(s) in it.
reset_run synth_1
launch_runs impl_1 -to_step write_bitstream -jobs 3
[Sat Oct 23 18:47:25 2021] Launched synth_1...
Run output will be captured here: D:/109550134/Lab4/Lab4.runs/synth_1/runme.log
[Sat Oct 23 18:47:25 2021] Launched impl_1...
Run output will be captured here: D:/109550134/Lab4/Lab4.runs/impl_1/runme.log
set_property PROBES.FILE {} [get_hw_devices xc7a35t_0]
set_property FULL_PROBES.FILE {} [get_hw_devices xc7a35t_0]
set_property PROGRAM.FILE {D:/109550134/Lab4/Lab4.runs/impl_1/lab4.bit} [get_hw_devices xc7a35t_0]
program_hw_devices [get_hw_devices xc7a35t_0]
INFO: [Labtools 27-3164] End of startup status: HIGH
refresh_hw_device [lindex [get_hw_devices xc7a35t_0] 0]
INFO: [Labtools 27-1434] Device xc7a35t (JTAG device index = 0) is programmed with a design that has no supported debug core(s) in it.
reset_run impl_1 -prev_step 
launch_runs impl_1 -to_step write_bitstream -jobs 3
WARNING: [Vivado 12-872] Run step 'Design Initialization' is out-of-date.
[Sat Oct 23 18:49:58 2021] Launched impl_1...
Run output will be captured here: D:/109550134/Lab4/Lab4.runs/impl_1/runme.log
set_property PROBES.FILE {} [get_hw_devices xc7a35t_0]
set_property FULL_PROBES.FILE {} [get_hw_devices xc7a35t_0]
set_property PROGRAM.FILE {D:/109550134/Lab4/Lab4.runs/impl_1/lab4.bit} [get_hw_devices xc7a35t_0]
program_hw_devices [get_hw_devices xc7a35t_0]
INFO: [Labtools 27-3164] End of startup status: HIGH
refresh_hw_device [lindex [get_hw_devices xc7a35t_0] 0]
INFO: [Labtools 27-1434] Device xc7a35t (JTAG device index = 0) is programmed with a design that has no supported debug core(s) in it.
reset_run synth_1
launch_runs impl_1 -to_step write_bitstream -jobs 3
[Sat Oct 23 18:52:43 2021] Launched synth_1...
Run output will be captured here: D:/109550134/Lab4/Lab4.runs/synth_1/runme.log
[Sat Oct 23 18:52:43 2021] Launched impl_1...
Run output will be captured here: D:/109550134/Lab4/Lab4.runs/impl_1/runme.log
set_property PROBES.FILE {} [get_hw_devices xc7a35t_0]
set_property FULL_PROBES.FILE {} [get_hw_devices xc7a35t_0]
set_property PROGRAM.FILE {D:/109550134/Lab4/Lab4.runs/impl_1/lab4.bit} [get_hw_devices xc7a35t_0]
program_hw_devices [get_hw_devices xc7a35t_0]
INFO: [Labtools 27-3164] End of startup status: HIGH
refresh_hw_device [lindex [get_hw_devices xc7a35t_0] 0]
INFO: [Labtools 27-1434] Device xc7a35t (JTAG device index = 0) is programmed with a design that has no supported debug core(s) in it.
reset_run synth_1
launch_runs impl_1 -to_step write_bitstream -jobs 3
[Sat Oct 23 18:59:05 2021] Launched synth_1...
Run output will be captured here: D:/109550134/Lab4/Lab4.runs/synth_1/runme.log
[Sat Oct 23 18:59:05 2021] Launched impl_1...
Run output will be captured here: D:/109550134/Lab4/Lab4.runs/impl_1/runme.log
set_property PROBES.FILE {} [get_hw_devices xc7a35t_0]
set_property FULL_PROBES.FILE {} [get_hw_devices xc7a35t_0]
set_property PROGRAM.FILE {D:/109550134/Lab4/Lab4.runs/impl_1/lab4.bit} [get_hw_devices xc7a35t_0]
program_hw_devices [get_hw_devices xc7a35t_0]
INFO: [Labtools 27-3164] End of startup status: HIGH
refresh_hw_device [lindex [get_hw_devices xc7a35t_0] 0]
INFO: [Labtools 27-1434] Device xc7a35t (JTAG device index = 0) is programmed with a design that has no supported debug core(s) in it.
reset_run synth_1
launch_runs impl_1 -to_step write_bitstream -jobs 3
[Sat Oct 23 19:06:24 2021] Launched synth_1...
Run output will be captured here: D:/109550134/Lab4/Lab4.runs/synth_1/runme.log
[Sat Oct 23 19:06:24 2021] Launched impl_1...
Run output will be captured here: D:/109550134/Lab4/Lab4.runs/impl_1/runme.log
set_property PROBES.FILE {} [get_hw_devices xc7a35t_0]
set_property FULL_PROBES.FILE {} [get_hw_devices xc7a35t_0]
set_property PROGRAM.FILE {D:/109550134/Lab4/Lab4.runs/impl_1/lab4.bit} [get_hw_devices xc7a35t_0]
program_hw_devices [get_hw_devices xc7a35t_0]
INFO: [Labtools 27-3164] End of startup status: HIGH
refresh_hw_device [lindex [get_hw_devices xc7a35t_0] 0]
INFO: [Labtools 27-1434] Device xc7a35t (JTAG device index = 0) is programmed with a design that has no supported debug core(s) in it.
reset_run synth_1
launch_runs impl_1 -to_step write_bitstream -jobs 3
[Sat Oct 23 19:11:12 2021] Launched synth_1...
Run output will be captured here: D:/109550134/Lab4/Lab4.runs/synth_1/runme.log
[Sat Oct 23 19:11:12 2021] Launched impl_1...
Run output will be captured here: D:/109550134/Lab4/Lab4.runs/impl_1/runme.log
set_property PROBES.FILE {} [get_hw_devices xc7a35t_0]
set_property FULL_PROBES.FILE {} [get_hw_devices xc7a35t_0]
set_property PROGRAM.FILE {D:/109550134/Lab4/Lab4.runs/impl_1/lab4.bit} [get_hw_devices xc7a35t_0]
program_hw_devices [get_hw_devices xc7a35t_0]
INFO: [Labtools 27-3164] End of startup status: HIGH
refresh_hw_device [lindex [get_hw_devices xc7a35t_0] 0]
INFO: [Labtools 27-1434] Device xc7a35t (JTAG device index = 0) is programmed with a design that has no supported debug core(s) in it.
reset_run synth_1
launch_runs impl_1 -to_step write_bitstream -jobs 3
[Sat Oct 23 19:14:22 2021] Launched synth_1...
Run output will be captured here: D:/109550134/Lab4/Lab4.runs/synth_1/runme.log
[Sat Oct 23 19:14:23 2021] Launched impl_1...
Run output will be captured here: D:/109550134/Lab4/Lab4.runs/impl_1/runme.log
set_property PROBES.FILE {} [get_hw_devices xc7a35t_0]
set_property FULL_PROBES.FILE {} [get_hw_devices xc7a35t_0]
set_property PROGRAM.FILE {D:/109550134/Lab4/Lab4.runs/impl_1/lab4.bit} [get_hw_devices xc7a35t_0]
program_hw_devices [get_hw_devices xc7a35t_0]
INFO: [Labtools 27-3164] End of startup status: HIGH
refresh_hw_device [lindex [get_hw_devices xc7a35t_0] 0]
INFO: [Labtools 27-1434] Device xc7a35t (JTAG device index = 0) is programmed with a design that has no supported debug core(s) in it.
exit
INFO: [Common 17-206] Exiting Vivado at Sat Oct 23 19:20:34 2021...
