#-----------------------------------------------------------
# Vivado v2020.1 (64-bit)
# SW Build 2902540 on Wed May 27 19:54:49 MDT 2020
# IP Build 2902112 on Wed May 27 22:43:36 MDT 2020
# Start of session at: Mon Nov  2 17:16:55 2020
# Process ID: 1036
# Current directory: C:/Users/Shlab26/Downloads/lab6
# Command line: vivado.exe -gui_launcher_event rodinguilauncherevent6288 C:\Users\Shlab26\Downloads\lab6\lab6.xpr
# Log file: C:/Users/Shlab26/Downloads/lab6/vivado.log
# Journal file: C:/Users/Shlab26/Downloads/lab6\vivado.jou
#-----------------------------------------------------------
start_gui
open_project C:/Users/Shlab26/Downloads/lab6/lab6.xpr
Scanning sources...
Finished scanning sources
INFO: [IP_Flow 19-234] Refreshing IP repositories
INFO: [IP_Flow 19-1704] No user IP repositories specified
INFO: [IP_Flow 19-2313] Loaded Vivado IP repository 'C:/Xilinx/Vivado/2020.1/data/ip'.
update_compile_order -fileset sources_1
exit
INFO: [Common 17-206] Exiting Vivado at Mon Nov  2 17:17:14 2020...
