#-----------------------------------------------------------
# Vivado v2021.1 (64-bit)
# SW Build 3247384 on Thu Jun 10 19:36:33 MDT 2021
# IP Build 3246043 on Fri Jun 11 00:30:35 MDT 2021
# Start of session at: Sun Dec  5 14:15:15 2021
# Process ID: 5636
# Current directory: D:/109550134/lab9_frame/lab9_1205
# Command line: vivado.exe -gui_launcher_event rodinguilauncherevent9144 D:\109550134\lab9_frame\lab9_1205\lab9.xpr
# Log file: D:/109550134/lab9_frame/lab9_1205/vivado.log
# Journal file: D:/109550134/lab9_frame/lab9_1205\vivado.jou
#-----------------------------------------------------------
start_gui
open_project D:/109550134/lab9_frame/lab9_1205/lab9.xpr
INFO: [Project 1-313] Project file moved from 'D:/109550134/lab9_frame/lab9_1204 _2' since last save.
WARNING: [filemgmt 56-2] Default IP Output Path : Could not find the directory 'D:/109550134/lab9_frame/lab9_1205/lab9.gen/sources_1', nor could it be found using path 'D:/109550134/lab9_frame/lab9_1204 _2/lab9.gen/sources_1'.
Scanning sources...
Finished scanning sources
INFO: [IP_Flow 19-234] Refreshing IP repositories
INFO: [IP_Flow 19-1704] No user IP repositories specified
INFO: [IP_Flow 19-2313] Loaded Vivado IP repository 'C:/Xilinx/Vivado/2021.1/data/ip'.
open_project: Time (s): cpu = 00:00:12 ; elapsed = 00:00:06 . Memory (MB): peak = 1448.090 ; gain = 0.000
update_compile_order -fileset sources_1
reset_run synth_1
WARNING: [Vivado 12-1017] Problems encountered:
1. Failed to delete one or more files in run directory D:/109550134/lab9_frame/lab9_1205/lab9.runs/synth_1

launch_runs impl_1 -to_step write_bitstream -jobs 6
[Sun Dec  5 14:55:18 2021] Launched synth_1...
Run output will be captured here: D:/109550134/lab9_frame/lab9_1205/lab9.runs/synth_1/runme.log
[Sun Dec  5 14:55:18 2021] Launched impl_1...
Run output will be captured here: D:/109550134/lab9_frame/lab9_1205/lab9.runs/impl_1/runme.log
reset_run synth_1
WARNING: [Vivado 12-1017] Problems encountered:
1. Failed to delete one or more files in run directory D:/109550134/lab9_frame/lab9_1205/lab9.runs/synth_1

launch_runs impl_1 -to_step write_bitstream -jobs 6
[Sun Dec  5 14:58:54 2021] Launched synth_1...
Run output will be captured here: D:/109550134/lab9_frame/lab9_1205/lab9.runs/synth_1/runme.log
[Sun Dec  5 14:58:54 2021] Launched impl_1...
Run output will be captured here: D:/109550134/lab9_frame/lab9_1205/lab9.runs/impl_1/runme.log
open_hw_manager
connect_hw_server -allow_non_jtag
INFO: [Labtools 27-2285] Connecting to hw_server url TCP:localhost:3121
INFO: [Labtools 27-2222] Launching hw_server...
INFO: [Labtools 27-2221] Launch Output:

****** Xilinx hw_server v2021.1
  **** Build date : Jun 10 2021 at 20:17:23
    ** Copyright 1986-2021 Xilinx, Inc. All Rights Reserved.


INFO: [Labtools 27-3415] Connecting to cs_server url TCP:localhost:3042
INFO: [Labtools 27-3417] Launching cs_server...
INFO: [Labtools 27-2221] Launch Output:


******** Xilinx cs_server v2021.1
  ****** Build date   : May 27 2021-01:32:33
    **** Build number : 2021.1.1622050353
      ** Copyright 2017-2021 Xilinx, Inc. All Rights Reserved.



connect_hw_server: Time (s): cpu = 00:00:00 ; elapsed = 00:00:08 . Memory (MB): peak = 1448.090 ; gain = 0.000
open_hw_target
INFO: [Labtoolstcl 44-466] Opening hw_target localhost:3121/xilinx_tcf/Digilent/210319A438C3A
open_hw_target: Time (s): cpu = 00:00:06 ; elapsed = 00:00:06 . Memory (MB): peak = 2727.781 ; gain = 1279.691
set_property PROGRAM.FILE {D:/109550134/lab9_frame/lab9_1205/lab9.runs/impl_1/lab8.bit} [get_hw_devices xc7a35t_0]
current_hw_device [get_hw_devices xc7a35t_0]
refresh_hw_device -update_hw_probes false [lindex [get_hw_devices xc7a35t_0] 0]
INFO: [Labtools 27-1434] Device xc7a35t (JTAG device index = 0) is programmed with a design that has no supported debug core(s) in it.
set_property PROBES.FILE {} [get_hw_devices xc7a35t_0]
set_property FULL_PROBES.FILE {} [get_hw_devices xc7a35t_0]
set_property PROGRAM.FILE {D:/109550134/lab9_frame/lab9_1205/lab9.runs/impl_1/lab8.bit} [get_hw_devices xc7a35t_0]
program_hw_devices [get_hw_devices xc7a35t_0]
INFO: [Labtools 27-3164] End of startup status: HIGH
refresh_hw_device [lindex [get_hw_devices xc7a35t_0] 0]
INFO: [Labtools 27-1434] Device xc7a35t (JTAG device index = 0) is programmed with a design that has no supported debug core(s) in it.
reset_run synth_1
WARNING: [Vivado 12-1017] Problems encountered:
1. Failed to delete one or more files in run directory D:/109550134/lab9_frame/lab9_1205/lab9.runs/synth_1

launch_runs impl_1 -to_step write_bitstream -jobs 6
[Sun Dec  5 15:05:26 2021] Launched synth_1...
Run output will be captured here: D:/109550134/lab9_frame/lab9_1205/lab9.runs/synth_1/runme.log
[Sun Dec  5 15:05:26 2021] Launched impl_1...
Run output will be captured here: D:/109550134/lab9_frame/lab9_1205/lab9.runs/impl_1/runme.log
set_property PROBES.FILE {} [get_hw_devices xc7a35t_0]
set_property FULL_PROBES.FILE {} [get_hw_devices xc7a35t_0]
set_property PROGRAM.FILE {D:/109550134/lab9_frame/lab9_1205/lab9.runs/impl_1/lab8.bit} [get_hw_devices xc7a35t_0]
program_hw_devices [get_hw_devices xc7a35t_0]
INFO: [Labtools 27-3164] End of startup status: HIGH
refresh_hw_device [lindex [get_hw_devices xc7a35t_0] 0]
INFO: [Labtools 27-1434] Device xc7a35t (JTAG device index = 0) is programmed with a design that has no supported debug core(s) in it.
reset_run synth_1
WARNING: [Vivado 12-1017] Problems encountered:
1. Failed to delete one or more files in run directory D:/109550134/lab9_frame/lab9_1205/lab9.runs/synth_1

launch_runs impl_1 -to_step write_bitstream -jobs 6
[Sun Dec  5 15:22:26 2021] Launched synth_1...
Run output will be captured here: D:/109550134/lab9_frame/lab9_1205/lab9.runs/synth_1/runme.log
[Sun Dec  5 15:22:26 2021] Launched impl_1...
Run output will be captured here: D:/109550134/lab9_frame/lab9_1205/lab9.runs/impl_1/runme.log
reset_run synth_1
WARNING: [Vivado 12-1017] Problems encountered:
1. Failed to delete one or more files in run directory D:/109550134/lab9_frame/lab9_1205/lab9.runs/synth_1

launch_runs impl_1 -to_step write_bitstream -jobs 6
[Sun Dec  5 15:23:56 2021] Launched synth_1...
Run output will be captured here: D:/109550134/lab9_frame/lab9_1205/lab9.runs/synth_1/runme.log
[Sun Dec  5 15:23:57 2021] Launched impl_1...
Run output will be captured here: D:/109550134/lab9_frame/lab9_1205/lab9.runs/impl_1/runme.log
reset_run synth_1
WARNING: [Vivado 12-1017] Problems encountered:
1. Failed to delete one or more files in run directory D:/109550134/lab9_frame/lab9_1205/lab9.runs/synth_1

launch_runs impl_1 -to_step write_bitstream -jobs 6
[Sun Dec  5 15:28:46 2021] Launched synth_1...
Run output will be captured here: D:/109550134/lab9_frame/lab9_1205/lab9.runs/synth_1/runme.log
[Sun Dec  5 15:28:46 2021] Launched impl_1...
Run output will be captured here: D:/109550134/lab9_frame/lab9_1205/lab9.runs/impl_1/runme.log
reset_run synth_1
WARNING: [Vivado 12-1017] Problems encountered:
1. Failed to delete one or more files in run directory D:/109550134/lab9_frame/lab9_1205/lab9.runs/synth_1

launch_runs impl_1 -to_step write_bitstream -jobs 6
[Sun Dec  5 15:29:26 2021] Launched synth_1...
Run output will be captured here: D:/109550134/lab9_frame/lab9_1205/lab9.runs/synth_1/runme.log
[Sun Dec  5 15:29:26 2021] Launched impl_1...
Run output will be captured here: D:/109550134/lab9_frame/lab9_1205/lab9.runs/impl_1/runme.log
open_run impl_1
INFO: [Device 21-403] Loading part xc7a35ticsg324-1L
Netlist sorting complete. Time (s): cpu = 00:00:00 ; elapsed = 00:00:00.014 . Memory (MB): peak = 3060.504 ; gain = 0.000
INFO: [Netlist 29-17] Analyzing 267 Unisim elements for replacement
INFO: [Netlist 29-28] Unisim Transformation completed in 0 CPU seconds
WARNING: [Netlist 29-101] Netlist 'lab8' is not ideal for floorplanning, since the cellview 'lab8' contains a large number of primitives.  Please consider enabling hierarchy in synthesis if you want to do floorplanning.
INFO: [Project 1-479] Netlist was created with Vivado 2021.1
INFO: [Project 1-570] Preparing netlist for logic optimization
INFO: [Timing 38-478] Restoring timing data from binary archive.
INFO: [Common 17-41] Interrupt caught. Command should exit soon.
INFO: [Timing 38-479] Binary timing data restore complete.
INFO: [Project 1-856] Restoring constraints from binary archive.
INFO: [Project 1-853] Binary constraint restore complete.
Reading XDEF placement.
Reading placer database...
Reading XDEF routing.
Restored from archive | CPU: 0.000000 secs | Memory: 0.000000 MB |
Finished XDEF File Restore: Time (s): cpu = 00:00:00 ; elapsed = 00:00:00.113 . Memory (MB): peak = 3747.672 ; gain = 0.000
open_run: Time (s): cpu = 00:00:12 ; elapsed = 00:00:12 . Memory (MB): peak = 3747.672 ; gain = 978.352
INFO: [Common 17-344] 'open_run' was cancelled
set_property PROBES.FILE {} [get_hw_devices xc7a35t_0]
set_property FULL_PROBES.FILE {} [get_hw_devices xc7a35t_0]
set_property PROGRAM.FILE {D:/109550134/lab9_frame/lab9_1205/lab9.runs/impl_1/lab8.bit} [get_hw_devices xc7a35t_0]
program_hw_devices [get_hw_devices xc7a35t_0]
INFO: [Labtools 27-3164] End of startup status: HIGH
refresh_hw_device [lindex [get_hw_devices xc7a35t_0] 0]
INFO: [Labtools 27-1434] Device xc7a35t (JTAG device index = 0) is programmed with a design that has no supported debug core(s) in it.
reset_run synth_1
WARNING: [Vivado 12-1017] Problems encountered:
1. Failed to delete one or more files in run directory D:/109550134/lab9_frame/lab9_1205/lab9.runs/synth_1

launch_runs impl_1 -to_step write_bitstream -jobs 6
[Sun Dec  5 15:34:47 2021] Launched synth_1...
Run output will be captured here: D:/109550134/lab9_frame/lab9_1205/lab9.runs/synth_1/runme.log
[Sun Dec  5 15:34:47 2021] Launched impl_1...
Run output will be captured here: D:/109550134/lab9_frame/lab9_1205/lab9.runs/impl_1/runme.log
set_property PROBES.FILE {} [get_hw_devices xc7a35t_0]
set_property FULL_PROBES.FILE {} [get_hw_devices xc7a35t_0]
set_property PROGRAM.FILE {D:/109550134/lab9_frame/lab9_1205/lab9.runs/impl_1/lab8.bit} [get_hw_devices xc7a35t_0]
program_hw_devices [get_hw_devices xc7a35t_0]
INFO: [Labtools 27-3164] End of startup status: HIGH
refresh_hw_device [lindex [get_hw_devices xc7a35t_0] 0]
INFO: [Labtools 27-1434] Device xc7a35t (JTAG device index = 0) is programmed with a design that has no supported debug core(s) in it.
set_property PROBES.FILE {} [get_hw_devices xc7a35t_0]
set_property FULL_PROBES.FILE {} [get_hw_devices xc7a35t_0]
set_property PROGRAM.FILE {D:/109550134/lab9_frame/lab9_1205/lab9.runs/impl_1/lab8.bit} [get_hw_devices xc7a35t_0]
program_hw_devices [get_hw_devices xc7a35t_0]
INFO: [Labtools 27-3164] End of startup status: HIGH
refresh_hw_device [lindex [get_hw_devices xc7a35t_0] 0]
INFO: [Labtools 27-1434] Device xc7a35t (JTAG device index = 0) is programmed with a design that has no supported debug core(s) in it.
reset_run synth_1
WARNING: [Vivado 12-1017] Problems encountered:
1. Failed to delete one or more files in run directory D:/109550134/lab9_frame/lab9_1205/lab9.runs/synth_1

launch_runs impl_1 -to_step write_bitstream -jobs 6
[Sun Dec  5 15:45:12 2021] Launched synth_1...
Run output will be captured here: D:/109550134/lab9_frame/lab9_1205/lab9.runs/synth_1/runme.log
[Sun Dec  5 15:45:12 2021] Launched impl_1...
Run output will be captured here: D:/109550134/lab9_frame/lab9_1205/lab9.runs/impl_1/runme.log
set_property PROBES.FILE {} [get_hw_devices xc7a35t_0]
set_property FULL_PROBES.FILE {} [get_hw_devices xc7a35t_0]
set_property PROGRAM.FILE {D:/109550134/lab9_frame/lab9_1205/lab9.runs/impl_1/lab8.bit} [get_hw_devices xc7a35t_0]
program_hw_devices [get_hw_devices xc7a35t_0]
INFO: [Labtools 27-3164] End of startup status: HIGH
refresh_hw_device [lindex [get_hw_devices xc7a35t_0] 0]
INFO: [Labtools 27-1434] Device xc7a35t (JTAG device index = 0) is programmed with a design that has no supported debug core(s) in it.
reset_run synth_1
WARNING: [Vivado 12-1017] Problems encountered:
1. Failed to delete one or more files in run directory D:/109550134/lab9_frame/lab9_1205/lab9.runs/synth_1

launch_runs impl_1 -to_step write_bitstream -jobs 6
[Sun Dec  5 15:54:17 2021] Launched synth_1...
Run output will be captured here: D:/109550134/lab9_frame/lab9_1205/lab9.runs/synth_1/runme.log
[Sun Dec  5 15:54:17 2021] Launched impl_1...
Run output will be captured here: D:/109550134/lab9_frame/lab9_1205/lab9.runs/impl_1/runme.log
set_property PROBES.FILE {} [get_hw_devices xc7a35t_0]
set_property FULL_PROBES.FILE {} [get_hw_devices xc7a35t_0]
set_property PROGRAM.FILE {D:/109550134/lab9_frame/lab9_1205/lab9.runs/impl_1/lab8.bit} [get_hw_devices xc7a35t_0]
program_hw_devices [get_hw_devices xc7a35t_0]
INFO: [Labtools 27-3164] End of startup status: HIGH
refresh_hw_device [lindex [get_hw_devices xc7a35t_0] 0]
INFO: [Labtools 27-1434] Device xc7a35t (JTAG device index = 0) is programmed with a design that has no supported debug core(s) in it.
reset_run synth_1
WARNING: [Vivado 12-1017] Problems encountered:
1. Failed to delete one or more files in run directory D:/109550134/lab9_frame/lab9_1205/lab9.runs/synth_1

launch_runs impl_1 -to_step write_bitstream -jobs 6
[Sun Dec  5 16:06:00 2021] Launched synth_1...
Run output will be captured here: D:/109550134/lab9_frame/lab9_1205/lab9.runs/synth_1/runme.log
[Sun Dec  5 16:06:00 2021] Launched impl_1...
Run output will be captured here: D:/109550134/lab9_frame/lab9_1205/lab9.runs/impl_1/runme.log
set_property PROBES.FILE {} [get_hw_devices xc7a35t_0]
set_property FULL_PROBES.FILE {} [get_hw_devices xc7a35t_0]
set_property PROGRAM.FILE {D:/109550134/lab9_frame/lab9_1205/lab9.runs/impl_1/lab8.bit} [get_hw_devices xc7a35t_0]
program_hw_devices [get_hw_devices xc7a35t_0]
INFO: [Labtools 27-3164] End of startup status: HIGH
refresh_hw_device [lindex [get_hw_devices xc7a35t_0] 0]
INFO: [Labtools 27-1434] Device xc7a35t (JTAG device index = 0) is programmed with a design that has no supported debug core(s) in it.
reset_run synth_1
WARNING: [Vivado 12-1017] Problems encountered:
1. Failed to delete one or more files in run directory D:/109550134/lab9_frame/lab9_1205/lab9.runs/synth_1

launch_runs impl_1 -to_step write_bitstream -jobs 6
[Sun Dec  5 16:21:48 2021] Launched synth_1...
Run output will be captured here: D:/109550134/lab9_frame/lab9_1205/lab9.runs/synth_1/runme.log
[Sun Dec  5 16:21:48 2021] Launched impl_1...
Run output will be captured here: D:/109550134/lab9_frame/lab9_1205/lab9.runs/impl_1/runme.log
reset_run synth_1
WARNING: [Vivado 12-1017] Problems encountered:
1. Failed to delete one or more files in run directory D:/109550134/lab9_frame/lab9_1205/lab9.runs/synth_1

launch_runs impl_1 -to_step write_bitstream -jobs 6
[Sun Dec  5 16:22:20 2021] Launched synth_1...
Run output will be captured here: D:/109550134/lab9_frame/lab9_1205/lab9.runs/synth_1/runme.log
[Sun Dec  5 16:22:20 2021] Launched impl_1...
Run output will be captured here: D:/109550134/lab9_frame/lab9_1205/lab9.runs/impl_1/runme.log
reset_run synth_1
WARNING: [Vivado 12-1017] Problems encountered:
1. Failed to delete one or more files in run directory D:/109550134/lab9_frame/lab9_1205/lab9.runs/synth_1

launch_runs impl_1 -to_step write_bitstream -jobs 6
[Sun Dec  5 16:24:08 2021] Launched synth_1...
Run output will be captured here: D:/109550134/lab9_frame/lab9_1205/lab9.runs/synth_1/runme.log
[Sun Dec  5 16:24:08 2021] Launched impl_1...
Run output will be captured here: D:/109550134/lab9_frame/lab9_1205/lab9.runs/impl_1/runme.log
set_property PROBES.FILE {} [get_hw_devices xc7a35t_0]
set_property FULL_PROBES.FILE {} [get_hw_devices xc7a35t_0]
set_property PROGRAM.FILE {D:/109550134/lab9_frame/lab9_1205/lab9.runs/impl_1/lab8.bit} [get_hw_devices xc7a35t_0]
program_hw_devices [get_hw_devices xc7a35t_0]
INFO: [Labtools 27-3164] End of startup status: HIGH
refresh_hw_device [lindex [get_hw_devices xc7a35t_0] 0]
INFO: [Labtools 27-1434] Device xc7a35t (JTAG device index = 0) is programmed with a design that has no supported debug core(s) in it.
reset_run synth_1
WARNING: [Vivado 12-1017] Problems encountered:
1. Failed to delete one or more files in run directory D:/109550134/lab9_frame/lab9_1205/lab9.runs/synth_1

launch_runs impl_1 -to_step write_bitstream -jobs 6
[Sun Dec  5 16:40:31 2021] Launched synth_1...
Run output will be captured here: D:/109550134/lab9_frame/lab9_1205/lab9.runs/synth_1/runme.log
[Sun Dec  5 16:40:31 2021] Launched impl_1...
Run output will be captured here: D:/109550134/lab9_frame/lab9_1205/lab9.runs/impl_1/runme.log
set_property PROBES.FILE {} [get_hw_devices xc7a35t_0]
set_property FULL_PROBES.FILE {} [get_hw_devices xc7a35t_0]
set_property PROGRAM.FILE {D:/109550134/lab9_frame/lab9_1205/lab9.runs/impl_1/lab8.bit} [get_hw_devices xc7a35t_0]
program_hw_devices [get_hw_devices xc7a35t_0]
INFO: [Labtools 27-3164] End of startup status: HIGH
refresh_hw_device [lindex [get_hw_devices xc7a35t_0] 0]
INFO: [Labtools 27-1434] Device xc7a35t (JTAG device index = 0) is programmed with a design that has no supported debug core(s) in it.
reset_run synth_1
WARNING: [Vivado 12-1017] Problems encountered:
1. Failed to delete one or more files in run directory D:/109550134/lab9_frame/lab9_1205/lab9.runs/synth_1

launch_runs impl_1 -to_step write_bitstream -jobs 6
[Sun Dec  5 16:44:58 2021] Launched synth_1...
Run output will be captured here: D:/109550134/lab9_frame/lab9_1205/lab9.runs/synth_1/runme.log
[Sun Dec  5 16:44:58 2021] Launched impl_1...
Run output will be captured here: D:/109550134/lab9_frame/lab9_1205/lab9.runs/impl_1/runme.log
set_property PROBES.FILE {} [get_hw_devices xc7a35t_0]
set_property FULL_PROBES.FILE {} [get_hw_devices xc7a35t_0]
set_property PROGRAM.FILE {D:/109550134/lab9_frame/lab9_1205/lab9.runs/impl_1/lab8.bit} [get_hw_devices xc7a35t_0]
program_hw_devices [get_hw_devices xc7a35t_0]
INFO: [Labtools 27-3164] End of startup status: HIGH
refresh_hw_device [lindex [get_hw_devices xc7a35t_0] 0]
INFO: [Labtools 27-1434] Device xc7a35t (JTAG device index = 0) is programmed with a design that has no supported debug core(s) in it.
reset_run synth_1
WARNING: [Vivado 12-1017] Problems encountered:
1. Failed to delete one or more files in run directory D:/109550134/lab9_frame/lab9_1205/lab9.runs/synth_1

launch_runs impl_1 -to_step write_bitstream -jobs 6
[Sun Dec  5 16:49:03 2021] Launched synth_1...
Run output will be captured here: D:/109550134/lab9_frame/lab9_1205/lab9.runs/synth_1/runme.log
[Sun Dec  5 16:49:03 2021] Launched impl_1...
Run output will be captured here: D:/109550134/lab9_frame/lab9_1205/lab9.runs/impl_1/runme.log
set_property PROBES.FILE {} [get_hw_devices xc7a35t_0]
set_property FULL_PROBES.FILE {} [get_hw_devices xc7a35t_0]
set_property PROGRAM.FILE {D:/109550134/lab9_frame/lab9_1205/lab9.runs/impl_1/lab8.bit} [get_hw_devices xc7a35t_0]
program_hw_devices [get_hw_devices xc7a35t_0]
INFO: [Labtools 27-3164] End of startup status: HIGH
refresh_hw_device [lindex [get_hw_devices xc7a35t_0] 0]
INFO: [Labtools 27-1434] Device xc7a35t (JTAG device index = 0) is programmed with a design that has no supported debug core(s) in it.
reset_run synth_1
WARNING: [Vivado 12-1017] Problems encountered:
1. Failed to delete one or more files in run directory D:/109550134/lab9_frame/lab9_1205/lab9.runs/synth_1

launch_runs impl_1 -to_step write_bitstream -jobs 6
[Sun Dec  5 16:56:07 2021] Launched synth_1...
Run output will be captured here: D:/109550134/lab9_frame/lab9_1205/lab9.runs/synth_1/runme.log
[Sun Dec  5 16:56:07 2021] Launched impl_1...
Run output will be captured here: D:/109550134/lab9_frame/lab9_1205/lab9.runs/impl_1/runme.log
set_property PROBES.FILE {} [get_hw_devices xc7a35t_0]
set_property FULL_PROBES.FILE {} [get_hw_devices xc7a35t_0]
set_property PROGRAM.FILE {D:/109550134/lab9_frame/lab9_1205/lab9.runs/impl_1/lab8.bit} [get_hw_devices xc7a35t_0]
program_hw_devices [get_hw_devices xc7a35t_0]
INFO: [Labtools 27-3164] End of startup status: HIGH
refresh_hw_device [lindex [get_hw_devices xc7a35t_0] 0]
INFO: [Labtools 27-1434] Device xc7a35t (JTAG device index = 0) is programmed with a design that has no supported debug core(s) in it.
set_property PROBES.FILE {} [get_hw_devices xc7a35t_0]
set_property FULL_PROBES.FILE {} [get_hw_devices xc7a35t_0]
set_property PROGRAM.FILE {D:/109550134/lab9_frame/lab9_1205/lab9.runs/impl_1/lab8.bit} [get_hw_devices xc7a35t_0]
program_hw_devices [get_hw_devices xc7a35t_0]
INFO: [Labtools 27-3164] End of startup status: HIGH
refresh_hw_device [lindex [get_hw_devices xc7a35t_0] 0]
INFO: [Labtools 27-1434] Device xc7a35t (JTAG device index = 0) is programmed with a design that has no supported debug core(s) in it.
reset_run impl_1 -prev_step 
launch_runs impl_1 -to_step write_bitstream -jobs 6
WARNING: [Vivado 12-872] Run step 'Design Initialization' is out-of-date.
[Sun Dec  5 17:01:41 2021] Launched impl_1...
Run output will be captured here: D:/109550134/lab9_frame/lab9_1205/lab9.runs/impl_1/runme.log
reset_run synth_1
WARNING: [Vivado 12-1017] Problems encountered:
1. Failed to delete one or more files in run directory D:/109550134/lab9_frame/lab9_1205/lab9.runs/synth_1

launch_runs impl_1 -to_step write_bitstream -jobs 6
[Sun Dec  5 17:03:59 2021] Launched synth_1...
Run output will be captured here: D:/109550134/lab9_frame/lab9_1205/lab9.runs/synth_1/runme.log
[Sun Dec  5 17:03:59 2021] Launched impl_1...
Run output will be captured here: D:/109550134/lab9_frame/lab9_1205/lab9.runs/impl_1/runme.log
set_property PROBES.FILE {} [get_hw_devices xc7a35t_0]
set_property FULL_PROBES.FILE {} [get_hw_devices xc7a35t_0]
set_property PROGRAM.FILE {D:/109550134/lab9_frame/lab9_1205/lab9.runs/impl_1/lab8.bit} [get_hw_devices xc7a35t_0]
program_hw_devices [get_hw_devices xc7a35t_0]
INFO: [Labtools 27-3164] End of startup status: HIGH
refresh_hw_device [lindex [get_hw_devices xc7a35t_0] 0]
INFO: [Labtools 27-1434] Device xc7a35t (JTAG device index = 0) is programmed with a design that has no supported debug core(s) in it.
reset_run impl_1 -prev_step 
launch_runs impl_1 -to_step write_bitstream -jobs 6
WARNING: [Vivado 12-872] Run step 'Design Initialization' is out-of-date.
[Sun Dec  5 17:09:28 2021] Launched impl_1...
Run output will be captured here: D:/109550134/lab9_frame/lab9_1205/lab9.runs/impl_1/runme.log
reset_run impl_1 -prev_step 
WARNING: [Vivado 12-1017] Problems encountered:
1. PID not specified

reset_run synth_1
WARNING: [Vivado 12-1017] Problems encountered:
1. Failed to delete one or more files in run directory D:/109550134/lab9_frame/lab9_1205/lab9.runs/synth_1

launch_runs impl_1 -to_step write_bitstream -jobs 6
[Sun Dec  5 17:09:36 2021] Launched synth_1...
Run output will be captured here: D:/109550134/lab9_frame/lab9_1205/lab9.runs/synth_1/runme.log
[Sun Dec  5 17:09:36 2021] Launched impl_1...
Run output will be captured here: D:/109550134/lab9_frame/lab9_1205/lab9.runs/impl_1/runme.log
reset_run synth_1
WARNING: [Vivado 12-1017] Problems encountered:
1. Failed to delete one or more files in run directory D:/109550134/lab9_frame/lab9_1205/lab9.runs/synth_1

launch_runs impl_1 -to_step write_bitstream -jobs 6
[Sun Dec  5 17:13:43 2021] Launched synth_1...
Run output will be captured here: D:/109550134/lab9_frame/lab9_1205/lab9.runs/synth_1/runme.log
[Sun Dec  5 17:13:43 2021] Launched impl_1...
Run output will be captured here: D:/109550134/lab9_frame/lab9_1205/lab9.runs/impl_1/runme.log
reset_run synth_1
WARNING: [Vivado 12-1017] Problems encountered:
1. PID not specified

launch_runs impl_1 -to_step write_bitstream -jobs 6
[Sun Dec  5 17:13:46 2021] Launched synth_1...
Run output will be captured here: D:/109550134/lab9_frame/lab9_1205/lab9.runs/synth_1/runme.log
[Sun Dec  5 17:13:46 2021] Launched impl_1...
Run output will be captured here: D:/109550134/lab9_frame/lab9_1205/lab9.runs/impl_1/runme.log
set_property PROBES.FILE {} [get_hw_devices xc7a35t_0]
set_property FULL_PROBES.FILE {} [get_hw_devices xc7a35t_0]
set_property PROGRAM.FILE {D:/109550134/lab9_frame/lab9_1205/lab9.runs/impl_1/lab8.bit} [get_hw_devices xc7a35t_0]
program_hw_devices [get_hw_devices xc7a35t_0]
INFO: [Labtools 27-3164] End of startup status: HIGH
refresh_hw_device [lindex [get_hw_devices xc7a35t_0] 0]
INFO: [Labtools 27-1434] Device xc7a35t (JTAG device index = 0) is programmed with a design that has no supported debug core(s) in it.
reset_run synth_1
WARNING: [Vivado 12-1017] Problems encountered:
1. Failed to delete one or more files in run directory D:/109550134/lab9_frame/lab9_1205/lab9.runs/synth_1

launch_runs impl_1 -to_step write_bitstream -jobs 6
[Sun Dec  5 17:23:19 2021] Launched synth_1...
Run output will be captured here: D:/109550134/lab9_frame/lab9_1205/lab9.runs/synth_1/runme.log
[Sun Dec  5 17:23:19 2021] Launched impl_1...
Run output will be captured here: D:/109550134/lab9_frame/lab9_1205/lab9.runs/impl_1/runme.log
reset_run synth_1
WARNING: [Vivado 12-1017] Problems encountered:
1. PID not specified

launch_runs impl_1 -to_step write_bitstream -jobs 6
[Sun Dec  5 17:23:21 2021] Launched synth_1...
Run output will be captured here: D:/109550134/lab9_frame/lab9_1205/lab9.runs/synth_1/runme.log
[Sun Dec  5 17:23:21 2021] Launched impl_1...
Run output will be captured here: D:/109550134/lab9_frame/lab9_1205/lab9.runs/impl_1/runme.log
set_property PROBES.FILE {} [get_hw_devices xc7a35t_0]
set_property FULL_PROBES.FILE {} [get_hw_devices xc7a35t_0]
set_property PROGRAM.FILE {D:/109550134/lab9_frame/lab9_1205/lab9.runs/impl_1/lab8.bit} [get_hw_devices xc7a35t_0]
program_hw_devices [get_hw_devices xc7a35t_0]
INFO: [Labtools 27-3164] End of startup status: HIGH
refresh_hw_device [lindex [get_hw_devices xc7a35t_0] 0]
INFO: [Labtools 27-1434] Device xc7a35t (JTAG device index = 0) is programmed with a design that has no supported debug core(s) in it.
reset_run impl_1 -prev_step 
launch_runs impl_1 -to_step write_bitstream -jobs 6
WARNING: [Vivado 12-872] Run step 'Design Initialization' is out-of-date.
[Sun Dec  5 17:39:37 2021] Launched impl_1...
Run output will be captured here: D:/109550134/lab9_frame/lab9_1205/lab9.runs/impl_1/runme.log
reset_run synth_1
WARNING: [Vivado 12-1017] Problems encountered:
1. Failed to delete one or more files in run directory D:/109550134/lab9_frame/lab9_1205/lab9.runs/synth_1

launch_runs impl_1 -to_step write_bitstream -jobs 6
[Sun Dec  5 17:40:51 2021] Launched synth_1...
Run output will be captured here: D:/109550134/lab9_frame/lab9_1205/lab9.runs/synth_1/runme.log
[Sun Dec  5 17:40:51 2021] Launched impl_1...
Run output will be captured here: D:/109550134/lab9_frame/lab9_1205/lab9.runs/impl_1/runme.log
set_property PROBES.FILE {} [get_hw_devices xc7a35t_0]
set_property FULL_PROBES.FILE {} [get_hw_devices xc7a35t_0]
set_property PROGRAM.FILE {D:/109550134/lab9_frame/lab9_1205/lab9.runs/impl_1/lab8.bit} [get_hw_devices xc7a35t_0]
program_hw_devices [get_hw_devices xc7a35t_0]
INFO: [Labtools 27-3164] End of startup status: HIGH
refresh_hw_device [lindex [get_hw_devices xc7a35t_0] 0]
INFO: [Labtools 27-1434] Device xc7a35t (JTAG device index = 0) is programmed with a design that has no supported debug core(s) in it.
reset_run synth_1
WARNING: [Vivado 12-1017] Problems encountered:
1. Failed to delete one or more files in run directory D:/109550134/lab9_frame/lab9_1205/lab9.runs/synth_1

launch_runs impl_1 -to_step write_bitstream -jobs 6
[Sun Dec  5 17:51:52 2021] Launched synth_1...
Run output will be captured here: D:/109550134/lab9_frame/lab9_1205/lab9.runs/synth_1/runme.log
[Sun Dec  5 17:51:52 2021] Launched impl_1...
Run output will be captured here: D:/109550134/lab9_frame/lab9_1205/lab9.runs/impl_1/runme.log
set_property PROBES.FILE {} [get_hw_devices xc7a35t_0]
set_property FULL_PROBES.FILE {} [get_hw_devices xc7a35t_0]
set_property PROGRAM.FILE {D:/109550134/lab9_frame/lab9_1205/lab9.runs/impl_1/lab8.bit} [get_hw_devices xc7a35t_0]
program_hw_devices [get_hw_devices xc7a35t_0]
INFO: [Labtools 27-3164] End of startup status: HIGH
refresh_hw_device [lindex [get_hw_devices xc7a35t_0] 0]
INFO: [Labtools 27-1434] Device xc7a35t (JTAG device index = 0) is programmed with a design that has no supported debug core(s) in it.
reset_run synth_1
WARNING: [Vivado 12-1017] Problems encountered:
1. Failed to delete one or more files in run directory D:/109550134/lab9_frame/lab9_1205/lab9.runs/synth_1

launch_runs impl_1 -to_step write_bitstream -jobs 6
[Sun Dec  5 17:57:35 2021] Launched synth_1...
Run output will be captured here: D:/109550134/lab9_frame/lab9_1205/lab9.runs/synth_1/runme.log
[Sun Dec  5 17:57:35 2021] Launched impl_1...
Run output will be captured here: D:/109550134/lab9_frame/lab9_1205/lab9.runs/impl_1/runme.log
set_property PROBES.FILE {} [get_hw_devices xc7a35t_0]
set_property FULL_PROBES.FILE {} [get_hw_devices xc7a35t_0]
set_property PROGRAM.FILE {D:/109550134/lab9_frame/lab9_1205/lab9.runs/impl_1/lab8.bit} [get_hw_devices xc7a35t_0]
program_hw_devices [get_hw_devices xc7a35t_0]
INFO: [Labtools 27-3164] End of startup status: HIGH
refresh_hw_device [lindex [get_hw_devices xc7a35t_0] 0]
INFO: [Labtools 27-1434] Device xc7a35t (JTAG device index = 0) is programmed with a design that has no supported debug core(s) in it.
reset_run synth_1
WARNING: [Vivado 12-1017] Problems encountered:
1. Failed to delete one or more files in run directory D:/109550134/lab9_frame/lab9_1205/lab9.runs/synth_1

launch_runs impl_1 -to_step write_bitstream -jobs 6
[Sun Dec  5 18:02:50 2021] Launched synth_1...
Run output will be captured here: D:/109550134/lab9_frame/lab9_1205/lab9.runs/synth_1/runme.log
[Sun Dec  5 18:02:50 2021] Launched impl_1...
Run output will be captured here: D:/109550134/lab9_frame/lab9_1205/lab9.runs/impl_1/runme.log
set_property PROBES.FILE {} [get_hw_devices xc7a35t_0]
set_property FULL_PROBES.FILE {} [get_hw_devices xc7a35t_0]
set_property PROGRAM.FILE {D:/109550134/lab9_frame/lab9_1205/lab9.runs/impl_1/lab8.bit} [get_hw_devices xc7a35t_0]
program_hw_devices [get_hw_devices xc7a35t_0]
INFO: [Labtools 27-3164] End of startup status: HIGH
refresh_hw_device [lindex [get_hw_devices xc7a35t_0] 0]
INFO: [Labtools 27-1434] Device xc7a35t (JTAG device index = 0) is programmed with a design that has no supported debug core(s) in it.
exit
INFO: [Common 17-206] Exiting Vivado at Sun Dec  5 19:03:50 2021...
