#-----------------------------------------------------------
# Vivado v2021.1 (64-bit)
# SW Build 3247384 on Thu Jun 10 19:36:33 MDT 2021
# IP Build 3246043 on Fri Jun 11 00:30:35 MDT 2021
# Start of session at: Sat Dec  4 16:38:16 2021
# Process ID: 8812
# Current directory: D:/109550134/lab9_frame/lab9_original_frame
# Command line: vivado.exe -gui_launcher_event rodinguilauncherevent8312 D:\109550134\lab9_frame\lab9_original_frame\lab9.xpr
# Log file: D:/109550134/lab9_frame/lab9_original_frame/vivado.log
# Journal file: D:/109550134/lab9_frame/lab9_original_frame\vivado.jou
#-----------------------------------------------------------
start_gui
open_project D:/109550134/lab9_frame/lab9_original_frame/lab9.xpr
WARNING: [filemgmt 56-3] Default IP Output Path : Could not find the directory 'D:/109550134/lab9_frame/lab9_original_frame/lab9.gen/sources_1'.
Scanning sources...
Finished scanning sources
INFO: [IP_Flow 19-234] Refreshing IP repositories
INFO: [IP_Flow 19-1704] No user IP repositories specified
INFO: [IP_Flow 19-2313] Loaded Vivado IP repository 'C:/Xilinx/Vivado/2021.1/data/ip'.
open_project: Time (s): cpu = 00:00:14 ; elapsed = 00:00:16 . Memory (MB): peak = 1105.727 ; gain = 0.000
update_compile_order -fileset sources_1
open_hw_manager
reset_run synth_1
WARNING: [Vivado 12-1017] Problems encountered:
1. Failed to delete one or more files in run directory D:/109550134/lab9_frame/lab9_original_frame/lab9.runs/synth_1

launch_runs impl_1 -to_step write_bitstream -jobs 6
[Sat Dec  4 17:20:01 2021] Launched synth_1...
Run output will be captured here: D:/109550134/lab9_frame/lab9_original_frame/lab9.runs/synth_1/runme.log
[Sat Dec  4 17:20:01 2021] Launched impl_1...
Run output will be captured here: D:/109550134/lab9_frame/lab9_original_frame/lab9.runs/impl_1/runme.log
reset_run synth_1
WARNING: [Vivado 12-1017] Problems encountered:
1. Failed to delete one or more files in run directory D:/109550134/lab9_frame/lab9_original_frame/lab9.runs/synth_1

launch_runs impl_1 -to_step write_bitstream -jobs 6
[Sat Dec  4 17:21:50 2021] Launched synth_1...
Run output will be captured here: D:/109550134/lab9_frame/lab9_original_frame/lab9.runs/synth_1/runme.log
[Sat Dec  4 17:21:50 2021] Launched impl_1...
Run output will be captured here: D:/109550134/lab9_frame/lab9_original_frame/lab9.runs/impl_1/runme.log
reset_run synth_1
WARNING: [Vivado 12-1017] Problems encountered:
1. Failed to delete one or more files in run directory D:/109550134/lab9_frame/lab9_original_frame/lab9.runs/synth_1

launch_runs impl_1 -to_step write_bitstream -jobs 6
[Sat Dec  4 17:23:34 2021] Launched synth_1...
Run output will be captured here: D:/109550134/lab9_frame/lab9_original_frame/lab9.runs/synth_1/runme.log
[Sat Dec  4 17:23:34 2021] Launched impl_1...
Run output will be captured here: D:/109550134/lab9_frame/lab9_original_frame/lab9.runs/impl_1/runme.log
open_run impl_1
INFO: [Device 21-403] Loading part xc7a35ticsg324-1L
Netlist sorting complete. Time (s): cpu = 00:00:00 ; elapsed = 00:00:00.009 . Memory (MB): peak = 1248.988 ; gain = 0.000
INFO: [Netlist 29-17] Analyzing 204 Unisim elements for replacement
INFO: [Netlist 29-28] Unisim Transformation completed in 0 CPU seconds
WARNING: [Netlist 29-101] Netlist 'lab8' is not ideal for floorplanning, since the cellview 'lab8' contains a large number of primitives.  Please consider enabling hierarchy in synthesis if you want to do floorplanning.
INFO: [Project 1-479] Netlist was created with Vivado 2021.1
INFO: [Project 1-570] Preparing netlist for logic optimization
INFO: [Common 17-41] Interrupt caught. Command should exit soon.
INFO: [Timing 38-478] Restoring timing data from binary archive.
INFO: [Timing 38-479] Binary timing data restore complete.
INFO: [Project 1-856] Restoring constraints from binary archive.
INFO: [Project 1-853] Binary constraint restore complete.
Reading XDEF placement.
Reading placer database...
Reading XDEF routing.
Restored from archive | CPU: 1.000000 secs | Memory: 0.000000 MB |
Finished XDEF File Restore: Time (s): cpu = 00:00:01 ; elapsed = 00:00:00.068 . Memory (MB): peak = 1930.289 ; gain = 0.000
open_run: Time (s): cpu = 00:00:12 ; elapsed = 00:00:12 . Memory (MB): peak = 1930.289 ; gain = 824.563
INFO: [Common 17-344] 'open_run' was cancelled
connect_hw_server -allow_non_jtag
INFO: [Labtools 27-2285] Connecting to hw_server url TCP:localhost:3121
INFO: [Labtools 27-2222] Launching hw_server...
INFO: [Labtools 27-2221] Launch Output:

****** Xilinx hw_server v2021.1
  **** Build date : Jun 10 2021 at 20:17:23
    ** Copyright 1986-2021 Xilinx, Inc. All Rights Reserved.


INFO: [Labtools 27-3415] Connecting to cs_server url TCP:localhost:3042
INFO: [Labtools 27-3417] Launching cs_server...
INFO: [Labtools 27-2221] Launch Output:


******** Xilinx cs_server v2021.1
  ****** Build date   : May 27 2021-01:32:33
    **** Build number : 2021.1.1622050353
      ** Copyright 2017-2021 Xilinx, Inc. All Rights Reserved.



connect_hw_server: Time (s): cpu = 00:00:01 ; elapsed = 00:00:08 . Memory (MB): peak = 1930.289 ; gain = 0.000
open_hw_target
INFO: [Labtoolstcl 44-466] Opening hw_target localhost:3121/xilinx_tcf/Digilent/210319A43273A
open_hw_target: Time (s): cpu = 00:00:05 ; elapsed = 00:00:05 . Memory (MB): peak = 3494.047 ; gain = 1563.758
set_property PROGRAM.FILE {D:/109550134/lab9_frame/lab9_original_frame/lab9.runs/impl_1/lab8.bit} [get_hw_devices xc7a35t_0]
current_hw_device [get_hw_devices xc7a35t_0]
refresh_hw_device -update_hw_probes false [lindex [get_hw_devices xc7a35t_0] 0]
INFO: [Labtools 27-1434] Device xc7a35t (JTAG device index = 0) is programmed with a design that has no supported debug core(s) in it.
set_property PROBES.FILE {} [get_hw_devices xc7a35t_0]
set_property FULL_PROBES.FILE {} [get_hw_devices xc7a35t_0]
set_property PROGRAM.FILE {D:/109550134/lab9_frame/lab9_original_frame/lab9.runs/impl_1/lab8.bit} [get_hw_devices xc7a35t_0]
program_hw_devices [get_hw_devices xc7a35t_0]
INFO: [Labtools 27-3164] End of startup status: HIGH
refresh_hw_device [lindex [get_hw_devices xc7a35t_0] 0]
INFO: [Labtools 27-1434] Device xc7a35t (JTAG device index = 0) is programmed with a design that has no supported debug core(s) in it.
reset_run synth_1
WARNING: [Vivado 12-1017] Problems encountered:
1. Failed to delete one or more files in run directory D:/109550134/lab9_frame/lab9_original_frame/lab9.runs/synth_1

launch_runs impl_1 -to_step write_bitstream -jobs 6
[Sat Dec  4 17:59:48 2021] Launched synth_1...
Run output will be captured here: D:/109550134/lab9_frame/lab9_original_frame/lab9.runs/synth_1/runme.log
[Sat Dec  4 17:59:48 2021] Launched impl_1...
Run output will be captured here: D:/109550134/lab9_frame/lab9_original_frame/lab9.runs/impl_1/runme.log
reset_run synth_1
WARNING: [Vivado 12-1017] Problems encountered:
1. Failed to delete one or more files in run directory D:/109550134/lab9_frame/lab9_original_frame/lab9.runs/synth_1

launch_runs impl_1 -to_step write_bitstream -jobs 6
[Sat Dec  4 18:00:53 2021] Launched synth_1...
Run output will be captured here: D:/109550134/lab9_frame/lab9_original_frame/lab9.runs/synth_1/runme.log
[Sat Dec  4 18:00:53 2021] Launched impl_1...
Run output will be captured here: D:/109550134/lab9_frame/lab9_original_frame/lab9.runs/impl_1/runme.log
reset_run synth_1
WARNING: [Vivado 12-1017] Problems encountered:
1. Failed to delete one or more files in run directory D:/109550134/lab9_frame/lab9_original_frame/lab9.runs/synth_1

launch_runs impl_1 -to_step write_bitstream -jobs 6
[Sat Dec  4 18:02:59 2021] Launched synth_1...
Run output will be captured here: D:/109550134/lab9_frame/lab9_original_frame/lab9.runs/synth_1/runme.log
[Sat Dec  4 18:02:59 2021] Launched impl_1...
Run output will be captured here: D:/109550134/lab9_frame/lab9_original_frame/lab9.runs/impl_1/runme.log
reset_run synth_1
WARNING: [Vivado 12-1017] Problems encountered:
1. Failed to delete one or more files in run directory D:/109550134/lab9_frame/lab9_original_frame/lab9.runs/synth_1

launch_runs impl_1 -to_step write_bitstream -jobs 6
[Sat Dec  4 18:04:46 2021] Launched synth_1...
Run output will be captured here: D:/109550134/lab9_frame/lab9_original_frame/lab9.runs/synth_1/runme.log
[Sat Dec  4 18:04:46 2021] Launched impl_1...
Run output will be captured here: D:/109550134/lab9_frame/lab9_original_frame/lab9.runs/impl_1/runme.log
reset_run synth_1
WARNING: [Vivado 12-1017] Problems encountered:
1. Failed to delete one or more files in run directory D:/109550134/lab9_frame/lab9_original_frame/lab9.runs/synth_1

launch_runs impl_1 -to_step write_bitstream -jobs 6
[Sat Dec  4 18:05:35 2021] Launched synth_1...
Run output will be captured here: D:/109550134/lab9_frame/lab9_original_frame/lab9.runs/synth_1/runme.log
[Sat Dec  4 18:05:35 2021] Launched impl_1...
Run output will be captured here: D:/109550134/lab9_frame/lab9_original_frame/lab9.runs/impl_1/runme.log
open_run impl_1
Netlist sorting complete. Time (s): cpu = 00:00:00 ; elapsed = 00:00:00.010 . Memory (MB): peak = 3567.133 ; gain = 0.000
INFO: [Netlist 29-17] Analyzing 204 Unisim elements for replacement
INFO: [Netlist 29-28] Unisim Transformation completed in 0 CPU seconds
WARNING: [Netlist 29-101] Netlist 'lab8' is not ideal for floorplanning, since the cellview 'lab8' contains a large number of primitives.  Please consider enabling hierarchy in synthesis if you want to do floorplanning.
INFO: [Project 1-479] Netlist was created with Vivado 2021.1
INFO: [Project 1-570] Preparing netlist for logic optimization
INFO: [Timing 38-478] Restoring timing data from binary archive.
INFO: [Timing 38-479] Binary timing data restore complete.
INFO: [Project 1-856] Restoring constraints from binary archive.
INFO: [Project 1-853] Binary constraint restore complete.
Reading XDEF placement.
Reading placer database...
Reading XDEF routing.
Read XDEF File: Time (s): cpu = 00:00:01 ; elapsed = 00:00:00.150 . Memory (MB): peak = 3759.699 ; gain = 0.000
Restored from archive | CPU: 1.000000 secs | Memory: 0.000000 MB |
Finished XDEF File Restore: Time (s): cpu = 00:00:01 ; elapsed = 00:00:00.150 . Memory (MB): peak = 3759.699 ; gain = 0.000
Netlist sorting complete. Time (s): cpu = 00:00:00 ; elapsed = 00:00:00.001 . Memory (MB): peak = 3759.699 ; gain = 0.000
INFO: [Project 1-111] Unisim Transformation Summary:
No Unisim elements were transformed.

CRITICAL WARNING: [Timing 38-282] The design failed to meet the timing requirements. Please see the timing summary report for details on the timing violations.
set_property PROBES.FILE {} [get_hw_devices xc7a35t_0]
set_property FULL_PROBES.FILE {} [get_hw_devices xc7a35t_0]
set_property PROGRAM.FILE {D:/109550134/lab9_frame/lab9_original_frame/lab9.runs/impl_1/lab8.bit} [get_hw_devices xc7a35t_0]
program_hw_devices [get_hw_devices xc7a35t_0]
INFO: [Labtools 27-3164] End of startup status: HIGH
refresh_hw_device [lindex [get_hw_devices xc7a35t_0] 0]
INFO: [Labtools 27-1434] Device xc7a35t (JTAG device index = 0) is programmed with a design that has no supported debug core(s) in it.
reset_run synth_1
WARNING: [Vivado 12-1017] Problems encountered:
1. Failed to delete one or more files in run directory D:/109550134/lab9_frame/lab9_original_frame/lab9.runs/synth_1

launch_runs impl_1 -to_step write_bitstream -jobs 6
[Sat Dec  4 18:28:51 2021] Launched synth_1...
Run output will be captured here: D:/109550134/lab9_frame/lab9_original_frame/lab9.runs/synth_1/runme.log
[Sat Dec  4 18:28:51 2021] Launched impl_1...
Run output will be captured here: D:/109550134/lab9_frame/lab9_original_frame/lab9.runs/impl_1/runme.log
reset_run synth_1
WARNING: [Vivado 12-1017] Problems encountered:
1. Failed to delete one or more files in run directory D:/109550134/lab9_frame/lab9_original_frame/lab9.runs/synth_1

launch_runs impl_1 -to_step write_bitstream -jobs 6
[Sat Dec  4 18:31:06 2021] Launched synth_1...
Run output will be captured here: D:/109550134/lab9_frame/lab9_original_frame/lab9.runs/synth_1/runme.log
[Sat Dec  4 18:31:06 2021] Launched impl_1...
Run output will be captured here: D:/109550134/lab9_frame/lab9_original_frame/lab9.runs/impl_1/runme.log
reset_run synth_1
WARNING: [Vivado 12-1017] Problems encountered:
1. Failed to delete one or more files in run directory D:/109550134/lab9_frame/lab9_original_frame/lab9.runs/synth_1

launch_runs impl_1 -to_step write_bitstream -jobs 6
[Sat Dec  4 18:33:17 2021] Launched synth_1...
Run output will be captured here: D:/109550134/lab9_frame/lab9_original_frame/lab9.runs/synth_1/runme.log
[Sat Dec  4 18:33:17 2021] Launched impl_1...
Run output will be captured here: D:/109550134/lab9_frame/lab9_original_frame/lab9.runs/impl_1/runme.log
set_property PROBES.FILE {} [get_hw_devices xc7a35t_0]
set_property FULL_PROBES.FILE {} [get_hw_devices xc7a35t_0]
set_property PROGRAM.FILE {D:/109550134/lab9_frame/lab9_original_frame/lab9.runs/impl_1/lab8.bit} [get_hw_devices xc7a35t_0]
program_hw_devices [get_hw_devices xc7a35t_0]
INFO: [Labtools 27-3164] End of startup status: HIGH
refresh_hw_device [lindex [get_hw_devices xc7a35t_0] 0]
INFO: [Labtools 27-1434] Device xc7a35t (JTAG device index = 0) is programmed with a design that has no supported debug core(s) in it.
reset_run impl_1 -prev_step 
launch_runs impl_1 -to_step write_bitstream -jobs 6
WARNING: [Vivado 12-872] Run step 'Design Initialization' is out-of-date.
[Sat Dec  4 18:39:50 2021] Launched impl_1...
Run output will be captured here: D:/109550134/lab9_frame/lab9_original_frame/lab9.runs/impl_1/runme.log
reset_run synth_1
WARNING: [Vivado 12-1017] Problems encountered:
1. Failed to delete one or more files in run directory D:/109550134/lab9_frame/lab9_original_frame/lab9.runs/synth_1

launch_runs impl_1 -to_step write_bitstream -jobs 6
[Sat Dec  4 18:42:22 2021] Launched synth_1...
Run output will be captured here: D:/109550134/lab9_frame/lab9_original_frame/lab9.runs/synth_1/runme.log
[Sat Dec  4 18:42:22 2021] Launched impl_1...
Run output will be captured here: D:/109550134/lab9_frame/lab9_original_frame/lab9.runs/impl_1/runme.log
reset_run synth_1
WARNING: [Vivado 12-1017] Problems encountered:
1. Failed to delete one or more files in run directory D:/109550134/lab9_frame/lab9_original_frame/lab9.runs/synth_1

launch_runs impl_1 -to_step write_bitstream -jobs 6
[Sat Dec  4 18:45:09 2021] Launched synth_1...
Run output will be captured here: D:/109550134/lab9_frame/lab9_original_frame/lab9.runs/synth_1/runme.log
[Sat Dec  4 18:45:09 2021] Launched impl_1...
Run output will be captured here: D:/109550134/lab9_frame/lab9_original_frame/lab9.runs/impl_1/runme.log
set_property PROBES.FILE {} [get_hw_devices xc7a35t_0]
set_property FULL_PROBES.FILE {} [get_hw_devices xc7a35t_0]
set_property PROGRAM.FILE {D:/109550134/lab9_frame/lab9_original_frame/lab9.runs/impl_1/lab8.bit} [get_hw_devices xc7a35t_0]
program_hw_devices [get_hw_devices xc7a35t_0]
INFO: [Labtools 27-3164] End of startup status: HIGH
refresh_hw_device [lindex [get_hw_devices xc7a35t_0] 0]
INFO: [Labtools 27-1434] Device xc7a35t (JTAG device index = 0) is programmed with a design that has no supported debug core(s) in it.
reset_run impl_1 -prev_step 
launch_runs impl_1 -to_step write_bitstream -jobs 6
WARNING: [Vivado 12-872] Run step 'Design Initialization' is out-of-date.
[Sat Dec  4 18:51:01 2021] Launched impl_1...
Run output will be captured here: D:/109550134/lab9_frame/lab9_original_frame/lab9.runs/impl_1/runme.log
reset_run synth_1
WARNING: [Vivado 12-1017] Problems encountered:
1. Failed to delete one or more files in run directory D:/109550134/lab9_frame/lab9_original_frame/lab9.runs/synth_1

launch_runs impl_1 -to_step write_bitstream -jobs 6
[Sat Dec  4 18:51:53 2021] Launched synth_1...
Run output will be captured here: D:/109550134/lab9_frame/lab9_original_frame/lab9.runs/synth_1/runme.log
[Sat Dec  4 18:51:53 2021] Launched impl_1...
Run output will be captured here: D:/109550134/lab9_frame/lab9_original_frame/lab9.runs/impl_1/runme.log
set_property PROBES.FILE {} [get_hw_devices xc7a35t_0]
set_property FULL_PROBES.FILE {} [get_hw_devices xc7a35t_0]
set_property PROGRAM.FILE {D:/109550134/lab9_frame/lab9_original_frame/lab9.runs/impl_1/lab8.bit} [get_hw_devices xc7a35t_0]
program_hw_devices [get_hw_devices xc7a35t_0]
INFO: [Labtools 27-3164] End of startup status: HIGH
refresh_hw_device [lindex [get_hw_devices xc7a35t_0] 0]
INFO: [Labtools 27-1434] Device xc7a35t (JTAG device index = 0) is programmed with a design that has no supported debug core(s) in it.
ERROR: [Labtoolstcl 44-513] HW Target shutdown. Closing target: localhost:3121/xilinx_tcf/Digilent/210319A43273A
INFO: [Labtoolstcl 44-466] Opening hw_target localhost:3121/xilinx_tcf/Digilent/210319A43273A
INFO: [Labtools 27-1434] Device xc7a35t (JTAG device index = 0) is programmed with a design that has no supported debug core(s) in it.
WARNING: [Labtoolstcl 44-129] No matching hw_ila_data was found.
ERROR: [Labtoolstcl 44-513] HW Target shutdown. Closing target: localhost:3121/xilinx_tcf/Digilent/210319A43273A
INFO: [Labtoolstcl 44-466] Opening hw_target localhost:3121/xilinx_tcf/Digilent/210319A43273A
INFO: [Labtools 27-1434] Device xc7a35t (JTAG device index = 0) is programmed with a design that has no supported debug core(s) in it.
WARNING: [Labtoolstcl 44-129] No matching hw_ila_data was found.
reset_run synth_1
WARNING: [Vivado 12-1017] Problems encountered:
1. Failed to delete one or more files in run directory D:/109550134/lab9_frame/lab9_original_frame/lab9.runs/synth_1

launch_runs impl_1 -to_step write_bitstream -jobs 6
[Sat Dec  4 18:59:18 2021] Launched synth_1...
Run output will be captured here: D:/109550134/lab9_frame/lab9_original_frame/lab9.runs/synth_1/runme.log
[Sat Dec  4 18:59:18 2021] Launched impl_1...
Run output will be captured here: D:/109550134/lab9_frame/lab9_original_frame/lab9.runs/impl_1/runme.log
reset_run synth_1
WARNING: [Vivado 12-1017] Problems encountered:
1. Failed to delete one or more files in run directory D:/109550134/lab9_frame/lab9_original_frame/lab9.runs/synth_1

launch_runs impl_1 -to_step write_bitstream -jobs 6
[Sat Dec  4 19:01:14 2021] Launched synth_1...
Run output will be captured here: D:/109550134/lab9_frame/lab9_original_frame/lab9.runs/synth_1/runme.log
[Sat Dec  4 19:01:14 2021] Launched impl_1...
Run output will be captured here: D:/109550134/lab9_frame/lab9_original_frame/lab9.runs/impl_1/runme.log
set_property PROBES.FILE {} [get_hw_devices xc7a35t_0]
set_property FULL_PROBES.FILE {} [get_hw_devices xc7a35t_0]
set_property PROGRAM.FILE {D:/109550134/lab9_frame/lab9_original_frame/lab9.runs/impl_1/lab8.bit} [get_hw_devices xc7a35t_0]
program_hw_devices [get_hw_devices xc7a35t_0]
INFO: [Labtools 27-3164] End of startup status: HIGH
refresh_hw_device [lindex [get_hw_devices xc7a35t_0] 0]
INFO: [Labtools 27-1434] Device xc7a35t (JTAG device index = 0) is programmed with a design that has no supported debug core(s) in it.
reset_run synth_1
WARNING: [Vivado 12-1017] Problems encountered:
1. Failed to delete one or more files in run directory D:/109550134/lab9_frame/lab9_original_frame/lab9.runs/synth_1

launch_runs impl_1 -to_step write_bitstream -jobs 6
[Sat Dec  4 19:23:08 2021] Launched synth_1...
Run output will be captured here: D:/109550134/lab9_frame/lab9_original_frame/lab9.runs/synth_1/runme.log
[Sat Dec  4 19:23:08 2021] Launched impl_1...
Run output will be captured here: D:/109550134/lab9_frame/lab9_original_frame/lab9.runs/impl_1/runme.log
reset_run synth_1
WARNING: [Vivado 12-1017] Problems encountered:
1. Failed to delete one or more files in run directory D:/109550134/lab9_frame/lab9_original_frame/lab9.runs/synth_1

launch_runs impl_1 -to_step write_bitstream -jobs 6
[Sat Dec  4 19:23:10 2021] Launched synth_1...
Run output will be captured here: D:/109550134/lab9_frame/lab9_original_frame/lab9.runs/synth_1/runme.log
[Sat Dec  4 19:23:10 2021] Launched impl_1...
Run output will be captured here: D:/109550134/lab9_frame/lab9_original_frame/lab9.runs/impl_1/runme.log
set_property PROBES.FILE {} [get_hw_devices xc7a35t_0]
set_property FULL_PROBES.FILE {} [get_hw_devices xc7a35t_0]
set_property PROGRAM.FILE {D:/109550134/lab9_frame/lab9_original_frame/lab9.runs/impl_1/lab8.bit} [get_hw_devices xc7a35t_0]
program_hw_devices [get_hw_devices xc7a35t_0]
INFO: [Labtools 27-3164] End of startup status: HIGH
refresh_hw_device [lindex [get_hw_devices xc7a35t_0] 0]
INFO: [Labtools 27-1434] Device xc7a35t (JTAG device index = 0) is programmed with a design that has no supported debug core(s) in it.
reset_run synth_1
WARNING: [Vivado 12-1017] Problems encountered:
1. Failed to delete one or more files in run directory D:/109550134/lab9_frame/lab9_original_frame/lab9.runs/synth_1

launch_runs impl_1 -to_step write_bitstream -jobs 6
[Sat Dec  4 19:28:45 2021] Launched synth_1...
Run output will be captured here: D:/109550134/lab9_frame/lab9_original_frame/lab9.runs/synth_1/runme.log
[Sat Dec  4 19:28:45 2021] Launched impl_1...
Run output will be captured here: D:/109550134/lab9_frame/lab9_original_frame/lab9.runs/impl_1/runme.log
set_property PROBES.FILE {} [get_hw_devices xc7a35t_0]
set_property FULL_PROBES.FILE {} [get_hw_devices xc7a35t_0]
set_property PROGRAM.FILE {D:/109550134/lab9_frame/lab9_original_frame/lab9.runs/impl_1/lab8.bit} [get_hw_devices xc7a35t_0]
program_hw_devices [get_hw_devices xc7a35t_0]
INFO: [Labtools 27-3164] End of startup status: HIGH
refresh_hw_device [lindex [get_hw_devices xc7a35t_0] 0]
INFO: [Labtools 27-1434] Device xc7a35t (JTAG device index = 0) is programmed with a design that has no supported debug core(s) in it.
reset_run impl_1 -prev_step 
launch_runs impl_1 -to_step write_bitstream -jobs 6
WARNING: [Vivado 12-872] Run step 'Design Initialization' is out-of-date.
[Sat Dec  4 19:32:28 2021] Launched impl_1...
Run output will be captured here: D:/109550134/lab9_frame/lab9_original_frame/lab9.runs/impl_1/runme.log
set_property PROBES.FILE {} [get_hw_devices xc7a35t_0]
set_property FULL_PROBES.FILE {} [get_hw_devices xc7a35t_0]
set_property PROGRAM.FILE {D:/109550134/lab9_frame/lab9_original_frame/lab9.runs/impl_1/lab8.bit} [get_hw_devices xc7a35t_0]
program_hw_devices [get_hw_devices xc7a35t_0]
INFO: [Labtools 27-3164] End of startup status: HIGH
refresh_hw_device [lindex [get_hw_devices xc7a35t_0] 0]
INFO: [Labtools 27-1434] Device xc7a35t (JTAG device index = 0) is programmed with a design that has no supported debug core(s) in it.
reset_run synth_1
WARNING: [Vivado 12-1017] Problems encountered:
1. Failed to delete one or more files in run directory D:/109550134/lab9_frame/lab9_original_frame/lab9.runs/synth_1

launch_runs impl_1 -to_step write_bitstream -jobs 6
[Sat Dec  4 19:40:57 2021] Launched synth_1...
Run output will be captured here: D:/109550134/lab9_frame/lab9_original_frame/lab9.runs/synth_1/runme.log
[Sat Dec  4 19:40:57 2021] Launched impl_1...
Run output will be captured here: D:/109550134/lab9_frame/lab9_original_frame/lab9.runs/impl_1/runme.log
reset_run synth_1
WARNING: [Vivado 12-1017] Problems encountered:
1. Failed to delete one or more files in run directory D:/109550134/lab9_frame/lab9_original_frame/lab9.runs/synth_1

launch_runs impl_1 -to_step write_bitstream -jobs 6
[Sat Dec  4 19:41:49 2021] Launched synth_1...
Run output will be captured here: D:/109550134/lab9_frame/lab9_original_frame/lab9.runs/synth_1/runme.log
[Sat Dec  4 19:41:49 2021] Launched impl_1...
Run output will be captured here: D:/109550134/lab9_frame/lab9_original_frame/lab9.runs/impl_1/runme.log
set_property PROBES.FILE {} [get_hw_devices xc7a35t_0]
set_property FULL_PROBES.FILE {} [get_hw_devices xc7a35t_0]
set_property PROGRAM.FILE {D:/109550134/lab9_frame/lab9_original_frame/lab9.runs/impl_1/lab8.bit} [get_hw_devices xc7a35t_0]
program_hw_devices [get_hw_devices xc7a35t_0]
INFO: [Labtools 27-3164] End of startup status: HIGH
refresh_hw_device [lindex [get_hw_devices xc7a35t_0] 0]
INFO: [Labtools 27-1434] Device xc7a35t (JTAG device index = 0) is programmed with a design that has no supported debug core(s) in it.
reset_run synth_1
WARNING: [Vivado 12-1017] Problems encountered:
1. Failed to delete one or more files in run directory D:/109550134/lab9_frame/lab9_original_frame/lab9.runs/synth_1

launch_runs impl_1 -to_step write_bitstream -jobs 6
[Sat Dec  4 19:50:10 2021] Launched synth_1...
Run output will be captured here: D:/109550134/lab9_frame/lab9_original_frame/lab9.runs/synth_1/runme.log
[Sat Dec  4 19:50:10 2021] Launched impl_1...
Run output will be captured here: D:/109550134/lab9_frame/lab9_original_frame/lab9.runs/impl_1/runme.log
ERROR: [Labtoolstcl 44-513] HW Target shutdown. Closing target: localhost:3121/xilinx_tcf/Digilent/210319A43273A
INFO: [Labtoolstcl 44-466] Opening hw_target localhost:3121/xilinx_tcf/Digilent/210319A43273A
INFO: [Labtools 27-1434] Device xc7a35t (JTAG device index = 0) is programmed with a design that has no supported debug core(s) in it.
WARNING: [Labtoolstcl 44-129] No matching hw_ila_data was found.
reset_run synth_1
WARNING: [Vivado 12-1017] Problems encountered:
1. Failed to delete one or more files in run directory D:/109550134/lab9_frame/lab9_original_frame/lab9.runs/synth_1

launch_runs impl_1 -to_step write_bitstream -jobs 6
[Sat Dec  4 19:50:55 2021] Launched synth_1...
Run output will be captured here: D:/109550134/lab9_frame/lab9_original_frame/lab9.runs/synth_1/runme.log
[Sat Dec  4 19:50:55 2021] Launched impl_1...
Run output will be captured here: D:/109550134/lab9_frame/lab9_original_frame/lab9.runs/impl_1/runme.log
set_property PROBES.FILE {} [get_hw_devices xc7a35t_0]
set_property FULL_PROBES.FILE {} [get_hw_devices xc7a35t_0]
set_property PROGRAM.FILE {D:/109550134/lab9_frame/lab9_original_frame/lab9.runs/impl_1/lab8.bit} [get_hw_devices xc7a35t_0]
program_hw_devices [get_hw_devices xc7a35t_0]
INFO: [Labtools 27-3164] End of startup status: HIGH
refresh_hw_device [lindex [get_hw_devices xc7a35t_0] 0]
INFO: [Labtools 27-1434] Device xc7a35t (JTAG device index = 0) is programmed with a design that has no supported debug core(s) in it.
reset_run synth_1
WARNING: [Vivado 12-1017] Problems encountered:
1. Failed to delete one or more files in run directory D:/109550134/lab9_frame/lab9_original_frame/lab9.runs/synth_1

launch_runs impl_1 -to_step write_bitstream -jobs 6
[Sat Dec  4 19:58:30 2021] Launched synth_1...
Run output will be captured here: D:/109550134/lab9_frame/lab9_original_frame/lab9.runs/synth_1/runme.log
[Sat Dec  4 19:58:30 2021] Launched impl_1...
Run output will be captured here: D:/109550134/lab9_frame/lab9_original_frame/lab9.runs/impl_1/runme.log
reset_run synth_1
WARNING: [Vivado 12-1017] Problems encountered:
1. Failed to delete one or more files in run directory D:/109550134/lab9_frame/lab9_original_frame/lab9.runs/synth_1

launch_runs impl_1 -to_step write_bitstream -jobs 6
[Sat Dec  4 19:59:31 2021] Launched synth_1...
Run output will be captured here: D:/109550134/lab9_frame/lab9_original_frame/lab9.runs/synth_1/runme.log
[Sat Dec  4 19:59:31 2021] Launched impl_1...
Run output will be captured here: D:/109550134/lab9_frame/lab9_original_frame/lab9.runs/impl_1/runme.log
set_property PROBES.FILE {} [get_hw_devices xc7a35t_0]
set_property FULL_PROBES.FILE {} [get_hw_devices xc7a35t_0]
set_property PROGRAM.FILE {D:/109550134/lab9_frame/lab9_original_frame/lab9.runs/impl_1/lab8.bit} [get_hw_devices xc7a35t_0]
program_hw_devices [get_hw_devices xc7a35t_0]
INFO: [Labtools 27-3164] End of startup status: HIGH
refresh_hw_device [lindex [get_hw_devices xc7a35t_0] 0]
INFO: [Labtools 27-1434] Device xc7a35t (JTAG device index = 0) is programmed with a design that has no supported debug core(s) in it.
set_property PROBES.FILE {} [get_hw_devices xc7a35t_0]
set_property FULL_PROBES.FILE {} [get_hw_devices xc7a35t_0]
set_property PROGRAM.FILE {D:/109550134/lab9_frame/lab9_original_frame/lab9.runs/impl_1/lab8.bit} [get_hw_devices xc7a35t_0]
program_hw_devices [get_hw_devices xc7a35t_0]
INFO: [Labtools 27-3164] End of startup status: HIGH
refresh_hw_device [lindex [get_hw_devices xc7a35t_0] 0]
INFO: [Labtools 27-1434] Device xc7a35t (JTAG device index = 0) is programmed with a design that has no supported debug core(s) in it.
exit
INFO: [Common 17-206] Exiting Vivado at Sat Dec  4 21:26:14 2021...
