#-----------------------------------------------------------
# Vivado v2021.1 (64-bit)
# SW Build 3247384 on Thu Jun 10 19:36:33 MDT 2021
# IP Build 3246043 on Fri Jun 11 00:30:35 MDT 2021
# Start of session at: Sat Dec  4 23:24:45 2021
# Process ID: 4476
# Current directory: D:/109550134/lab9_frame/lab9_1204 _2
# Command line: vivado.exe -gui_launcher_event rodinguilauncherevent10576 D:\109550134\lab9_frame\lab9_1204 _2\lab9.xpr
# Log file: D:/109550134/lab9_frame/lab9_1204 _2/vivado.log
# Journal file: D:/109550134/lab9_frame/lab9_1204 _2\vivado.jou
#-----------------------------------------------------------
start_gui
open_project {D:/109550134/lab9_frame/lab9_1204 _2/lab9.xpr}
INFO: [Project 1-313] Project file moved from 'D:/109550134/lab9_frame/lab9_1204' since last save.
WARNING: [filemgmt 56-2] Default IP Output Path : Could not find the directory 'D:/109550134/lab9_frame/lab9_1204 _2/lab9.gen/sources_1', nor could it be found using path 'D:/109550134/lab9_frame/lab9_1204/lab9.gen/sources_1'.
Scanning sources...
Finished scanning sources
INFO: [IP_Flow 19-234] Refreshing IP repositories
INFO: [IP_Flow 19-1704] No user IP repositories specified
INFO: [IP_Flow 19-2313] Loaded Vivado IP repository 'C:/Xilinx/Vivado/2021.1/data/ip'.
open_project: Time (s): cpu = 00:00:11 ; elapsed = 00:00:05 . Memory (MB): peak = 1436.324 ; gain = 0.000
update_compile_order -fileset sources_1
reset_run synth_1
WARNING: [Vivado 12-1017] Problems encountered:
1. Failed to delete one or more files in run directory D:/109550134/lab9_frame/lab9_1204 _2/lab9.runs/synth_1

launch_runs impl_1 -to_step write_bitstream -jobs 6
[Sat Dec  4 23:34:29 2021] Launched synth_1...
Run output will be captured here: D:/109550134/lab9_frame/lab9_1204 _2/lab9.runs/synth_1/runme.log
[Sat Dec  4 23:34:29 2021] Launched impl_1...
Run output will be captured here: D:/109550134/lab9_frame/lab9_1204 _2/lab9.runs/impl_1/runme.log
open_hw_manager
connect_hw_server -allow_non_jtag
INFO: [Labtools 27-2285] Connecting to hw_server url TCP:localhost:3121
INFO: [Labtools 27-2222] Launching hw_server...
INFO: [Labtools 27-2221] Launch Output:

****** Xilinx hw_server v2021.1
  **** Build date : Jun 10 2021 at 20:17:23
    ** Copyright 1986-2021 Xilinx, Inc. All Rights Reserved.


INFO: [Labtools 27-3415] Connecting to cs_server url TCP:localhost:3042
INFO: [Labtools 27-3417] Launching cs_server...
INFO: [Labtools 27-2221] Launch Output:


******** Xilinx cs_server v2021.1
  ****** Build date   : May 27 2021-01:32:33
    **** Build number : 2021.1.1622050353
      ** Copyright 2017-2021 Xilinx, Inc. All Rights Reserved.



connect_hw_server: Time (s): cpu = 00:00:00 ; elapsed = 00:00:08 . Memory (MB): peak = 1436.324 ; gain = 0.000
open_hw_target
INFO: [Labtoolstcl 44-466] Opening hw_target localhost:3121/xilinx_tcf/Digilent/210319A43273A
open_hw_target: Time (s): cpu = 00:00:06 ; elapsed = 00:00:06 . Memory (MB): peak = 2717.301 ; gain = 1280.977
set_property PROGRAM.FILE {D:/109550134/lab9_frame/lab9_1204 _2/lab9.runs/impl_1/lab8.bit} [get_hw_devices xc7a35t_0]
current_hw_device [get_hw_devices xc7a35t_0]
refresh_hw_device -update_hw_probes false [lindex [get_hw_devices xc7a35t_0] 0]
INFO: [Labtools 27-1434] Device xc7a35t (JTAG device index = 0) is programmed with a design that has no supported debug core(s) in it.
set_property PROBES.FILE {} [get_hw_devices xc7a35t_0]
set_property FULL_PROBES.FILE {} [get_hw_devices xc7a35t_0]
set_property PROGRAM.FILE {D:/109550134/lab9_frame/lab9_1204 _2/lab9.runs/impl_1/lab8.bit} [get_hw_devices xc7a35t_0]
program_hw_devices [get_hw_devices xc7a35t_0]
INFO: [Labtools 27-3164] End of startup status: HIGH
refresh_hw_device [lindex [get_hw_devices xc7a35t_0] 0]
INFO: [Labtools 27-1434] Device xc7a35t (JTAG device index = 0) is programmed with a design that has no supported debug core(s) in it.
ERROR: [Labtoolstcl 44-513] HW Target shutdown. Closing target: localhost:3121/xilinx_tcf/Digilent/210319A43273A
INFO: [Labtoolstcl 44-466] Opening hw_target localhost:3121/xilinx_tcf/Digilent/210319A43273A
INFO: [Labtools 27-1434] Device xc7a35t (JTAG device index = 0) is programmed with a design that has no supported debug core(s) in it.
WARNING: [Labtoolstcl 44-129] No matching hw_ila_data was found.
ERROR: [Labtoolstcl 44-513] HW Target shutdown. Closing target: localhost:3121/xilinx_tcf/Digilent/210319A43273A
INFO: [Labtoolstcl 44-466] Opening hw_target localhost:3121/xilinx_tcf/Digilent/210319A43273A
INFO: [Labtools 27-1434] Device xc7a35t (JTAG device index = 0) is programmed with a design that has no supported debug core(s) in it.
WARNING: [Labtoolstcl 44-129] No matching hw_ila_data was found.
reset_run synth_1
WARNING: [Vivado 12-1017] Problems encountered:
1. Failed to delete one or more files in run directory D:/109550134/lab9_frame/lab9_1204 _2/lab9.runs/synth_1

launch_runs impl_1 -to_step write_bitstream -jobs 6
[Sun Dec  5 00:09:06 2021] Launched synth_1...
Run output will be captured here: D:/109550134/lab9_frame/lab9_1204 _2/lab9.runs/synth_1/runme.log
[Sun Dec  5 00:09:06 2021] Launched impl_1...
Run output will be captured here: D:/109550134/lab9_frame/lab9_1204 _2/lab9.runs/impl_1/runme.log
set_property PROBES.FILE {} [get_hw_devices xc7a35t_0]
set_property FULL_PROBES.FILE {} [get_hw_devices xc7a35t_0]
set_property PROGRAM.FILE {D:/109550134/lab9_frame/lab9_1204 _2/lab9.runs/impl_1/lab8.bit} [get_hw_devices xc7a35t_0]
program_hw_devices [get_hw_devices xc7a35t_0]
INFO: [Labtools 27-3164] End of startup status: HIGH
refresh_hw_device [lindex [get_hw_devices xc7a35t_0] 0]
INFO: [Labtools 27-1434] Device xc7a35t (JTAG device index = 0) is programmed with a design that has no supported debug core(s) in it.
reset_run impl_1 -prev_step 
launch_runs impl_1 -to_step write_bitstream -jobs 6
WARNING: [Vivado 12-872] Run step 'Design Initialization' is out-of-date.
[Sun Dec  5 00:23:27 2021] Launched impl_1...
Run output will be captured here: D:/109550134/lab9_frame/lab9_1204 _2/lab9.runs/impl_1/runme.log
reset_run synth_1
WARNING: [Vivado 12-1017] Problems encountered:
1. Failed to delete one or more files in run directory D:/109550134/lab9_frame/lab9_1204 _2/lab9.runs/synth_1

launch_runs impl_1 -to_step write_bitstream -jobs 6
[Sun Dec  5 00:24:16 2021] Launched synth_1...
Run output will be captured here: D:/109550134/lab9_frame/lab9_1204 _2/lab9.runs/synth_1/runme.log
[Sun Dec  5 00:24:16 2021] Launched impl_1...
Run output will be captured here: D:/109550134/lab9_frame/lab9_1204 _2/lab9.runs/impl_1/runme.log
set_property PROBES.FILE {} [get_hw_devices xc7a35t_0]
set_property FULL_PROBES.FILE {} [get_hw_devices xc7a35t_0]
set_property PROGRAM.FILE {D:/109550134/lab9_frame/lab9_1204 _2/lab9.runs/impl_1/lab8.bit} [get_hw_devices xc7a35t_0]
program_hw_devices [get_hw_devices xc7a35t_0]
INFO: [Labtools 27-3164] End of startup status: HIGH
refresh_hw_device [lindex [get_hw_devices xc7a35t_0] 0]
INFO: [Labtools 27-1434] Device xc7a35t (JTAG device index = 0) is programmed with a design that has no supported debug core(s) in it.
reset_run synth_1
WARNING: [Vivado 12-1017] Problems encountered:
1. Failed to delete one or more files in run directory D:/109550134/lab9_frame/lab9_1204 _2/lab9.runs/synth_1

launch_runs impl_1 -to_step write_bitstream -jobs 6
[Sun Dec  5 00:28:38 2021] Launched synth_1...
Run output will be captured here: D:/109550134/lab9_frame/lab9_1204 _2/lab9.runs/synth_1/runme.log
[Sun Dec  5 00:28:38 2021] Launched impl_1...
Run output will be captured here: D:/109550134/lab9_frame/lab9_1204 _2/lab9.runs/impl_1/runme.log
ERROR: [Labtoolstcl 44-513] HW Target shutdown. Closing target: localhost:3121/xilinx_tcf/Digilent/210319A43273A
INFO: [Labtoolstcl 44-466] Opening hw_target localhost:3121/xilinx_tcf/Digilent/210319A43273A
INFO: [Labtools 27-1434] Device xc7a35t (JTAG device index = 0) is programmed with a design that has no supported debug core(s) in it.
WARNING: [Labtoolstcl 44-129] No matching hw_ila_data was found.
set_property PROBES.FILE {} [get_hw_devices xc7a35t_0]
set_property FULL_PROBES.FILE {} [get_hw_devices xc7a35t_0]
set_property PROGRAM.FILE {D:/109550134/lab9_frame/lab9_1204 _2/lab9.runs/impl_1/lab8.bit} [get_hw_devices xc7a35t_0]
program_hw_devices [get_hw_devices xc7a35t_0]
INFO: [Labtools 27-3164] End of startup status: HIGH
refresh_hw_device [lindex [get_hw_devices xc7a35t_0] 0]
INFO: [Labtools 27-1434] Device xc7a35t (JTAG device index = 0) is programmed with a design that has no supported debug core(s) in it.
ERROR: [Labtoolstcl 44-513] HW Target shutdown. Closing target: localhost:3121/xilinx_tcf/Digilent/210319A43273A
INFO: [Labtoolstcl 44-466] Opening hw_target localhost:3121/xilinx_tcf/Digilent/210319A43273A
INFO: [Labtools 27-1434] Device xc7a35t (JTAG device index = 0) is programmed with a design that has no supported debug core(s) in it.
WARNING: [Labtoolstcl 44-129] No matching hw_ila_data was found.
reset_run synth_1
WARNING: [Vivado 12-1017] Problems encountered:
1. Failed to delete one or more files in run directory D:/109550134/lab9_frame/lab9_1204 _2/lab9.runs/synth_1

launch_runs impl_1 -to_step write_bitstream -jobs 6
[Sun Dec  5 00:33:05 2021] Launched synth_1...
Run output will be captured here: D:/109550134/lab9_frame/lab9_1204 _2/lab9.runs/synth_1/runme.log
[Sun Dec  5 00:33:05 2021] Launched impl_1...
Run output will be captured here: D:/109550134/lab9_frame/lab9_1204 _2/lab9.runs/impl_1/runme.log
ERROR: [Labtoolstcl 44-513] HW Target shutdown. Closing target: localhost:3121/xilinx_tcf/Digilent/210319A43273A
INFO: [Labtoolstcl 44-466] Opening hw_target localhost:3121/xilinx_tcf/Digilent/210319A43273A
INFO: [Labtools 27-1434] Device xc7a35t (JTAG device index = 0) is programmed with a design that has no supported debug core(s) in it.
WARNING: [Labtoolstcl 44-129] No matching hw_ila_data was found.
ERROR: [Labtoolstcl 44-513] HW Target shutdown. Closing target: localhost:3121/xilinx_tcf/Digilent/210319A43273A
INFO: [Labtoolstcl 44-466] Opening hw_target localhost:3121/xilinx_tcf/Digilent/210319A43273A
INFO: [Labtools 27-1434] Device xc7a35t (JTAG device index = 0) is programmed with a design that has no supported debug core(s) in it.
WARNING: [Labtoolstcl 44-129] No matching hw_ila_data was found.
set_property PROBES.FILE {} [get_hw_devices xc7a35t_0]
set_property FULL_PROBES.FILE {} [get_hw_devices xc7a35t_0]
set_property PROGRAM.FILE {D:/109550134/lab9_frame/lab9_1204 _2/lab9.runs/impl_1/lab8.bit} [get_hw_devices xc7a35t_0]
program_hw_devices [get_hw_devices xc7a35t_0]
INFO: [Labtools 27-3164] End of startup status: HIGH
refresh_hw_device [lindex [get_hw_devices xc7a35t_0] 0]
INFO: [Labtools 27-1434] Device xc7a35t (JTAG device index = 0) is programmed with a design that has no supported debug core(s) in it.
reset_run synth_1
WARNING: [Vivado 12-1017] Problems encountered:
1. Failed to delete one or more files in run directory D:/109550134/lab9_frame/lab9_1204 _2/lab9.runs/synth_1

launch_runs impl_1 -to_step write_bitstream -jobs 6
[Sun Dec  5 00:39:39 2021] Launched synth_1...
Run output will be captured here: D:/109550134/lab9_frame/lab9_1204 _2/lab9.runs/synth_1/runme.log
[Sun Dec  5 00:39:39 2021] Launched impl_1...
Run output will be captured here: D:/109550134/lab9_frame/lab9_1204 _2/lab9.runs/impl_1/runme.log
set_property PROBES.FILE {} [get_hw_devices xc7a35t_0]
set_property FULL_PROBES.FILE {} [get_hw_devices xc7a35t_0]
set_property PROGRAM.FILE {D:/109550134/lab9_frame/lab9_1204 _2/lab9.runs/impl_1/lab8.bit} [get_hw_devices xc7a35t_0]
program_hw_devices [get_hw_devices xc7a35t_0]
INFO: [Labtools 27-3164] End of startup status: HIGH
refresh_hw_device [lindex [get_hw_devices xc7a35t_0] 0]
INFO: [Labtools 27-1434] Device xc7a35t (JTAG device index = 0) is programmed with a design that has no supported debug core(s) in it.
reset_run synth_1
WARNING: [Vivado 12-1017] Problems encountered:
1. Failed to delete one or more files in run directory D:/109550134/lab9_frame/lab9_1204 _2/lab9.runs/synth_1

launch_runs impl_1 -to_step write_bitstream -jobs 6
[Sun Dec  5 00:49:25 2021] Launched synth_1...
Run output will be captured here: D:/109550134/lab9_frame/lab9_1204 _2/lab9.runs/synth_1/runme.log
[Sun Dec  5 00:49:25 2021] Launched impl_1...
Run output will be captured here: D:/109550134/lab9_frame/lab9_1204 _2/lab9.runs/impl_1/runme.log
set_property PROBES.FILE {} [get_hw_devices xc7a35t_0]
set_property FULL_PROBES.FILE {} [get_hw_devices xc7a35t_0]
set_property PROGRAM.FILE {D:/109550134/lab9_frame/lab9_1204 _2/lab9.runs/impl_1/lab8.bit} [get_hw_devices xc7a35t_0]
program_hw_devices [get_hw_devices xc7a35t_0]
INFO: [Labtools 27-3164] End of startup status: HIGH
refresh_hw_device [lindex [get_hw_devices xc7a35t_0] 0]
INFO: [Labtools 27-1434] Device xc7a35t (JTAG device index = 0) is programmed with a design that has no supported debug core(s) in it.
reset_run impl_1 -prev_step 
launch_runs impl_1 -to_step write_bitstream -jobs 6
WARNING: [Vivado 12-872] Run step 'Design Initialization' is out-of-date.
[Sun Dec  5 00:58:37 2021] Launched impl_1...
Run output will be captured here: D:/109550134/lab9_frame/lab9_1204 _2/lab9.runs/impl_1/runme.log
reset_run impl_1 -prev_step 
WARNING: [Vivado 12-1017] Problems encountered:
1. PID not specified

reset_run impl_1 -prev_step 
WARNING: [Vivado 12-1017] Problems encountered:
1. PID not specified

reset_run synth_1
WARNING: [Vivado 12-1017] Problems encountered:
1. Failed to delete one or more files in run directory D:/109550134/lab9_frame/lab9_1204 _2/lab9.runs/synth_1

launch_runs impl_1 -to_step write_bitstream -jobs 6
[Sun Dec  5 00:59:40 2021] Launched synth_1...
Run output will be captured here: D:/109550134/lab9_frame/lab9_1204 _2/lab9.runs/synth_1/runme.log
[Sun Dec  5 00:59:40 2021] Launched impl_1...
Run output will be captured here: D:/109550134/lab9_frame/lab9_1204 _2/lab9.runs/impl_1/runme.log
set_property PROBES.FILE {} [get_hw_devices xc7a35t_0]
set_property FULL_PROBES.FILE {} [get_hw_devices xc7a35t_0]
set_property PROGRAM.FILE {D:/109550134/lab9_frame/lab9_1204 _2/lab9.runs/impl_1/lab8.bit} [get_hw_devices xc7a35t_0]
program_hw_devices [get_hw_devices xc7a35t_0]
INFO: [Labtools 27-3164] End of startup status: HIGH
refresh_hw_device [lindex [get_hw_devices xc7a35t_0] 0]
INFO: [Labtools 27-1434] Device xc7a35t (JTAG device index = 0) is programmed with a design that has no supported debug core(s) in it.
reset_run synth_1
WARNING: [Vivado 12-1017] Problems encountered:
1. Failed to delete one or more files in run directory D:/109550134/lab9_frame/lab9_1204 _2/lab9.runs/synth_1

launch_runs impl_1 -to_step write_bitstream -jobs 6
[Sun Dec  5 01:03:13 2021] Launched synth_1...
Run output will be captured here: D:/109550134/lab9_frame/lab9_1204 _2/lab9.runs/synth_1/runme.log
[Sun Dec  5 01:03:13 2021] Launched impl_1...
Run output will be captured here: D:/109550134/lab9_frame/lab9_1204 _2/lab9.runs/impl_1/runme.log
reset_run synth_1
WARNING: [Vivado 12-1017] Problems encountered:
1. PID not specified

launch_runs impl_1 -to_step write_bitstream -jobs 6
[Sun Dec  5 01:03:15 2021] Launched synth_1...
Run output will be captured here: D:/109550134/lab9_frame/lab9_1204 _2/lab9.runs/synth_1/runme.log
[Sun Dec  5 01:03:15 2021] Launched impl_1...
Run output will be captured here: D:/109550134/lab9_frame/lab9_1204 _2/lab9.runs/impl_1/runme.log
set_property PROBES.FILE {} [get_hw_devices xc7a35t_0]
set_property FULL_PROBES.FILE {} [get_hw_devices xc7a35t_0]
set_property PROGRAM.FILE {D:/109550134/lab9_frame/lab9_1204 _2/lab9.runs/impl_1/lab8.bit} [get_hw_devices xc7a35t_0]
program_hw_devices [get_hw_devices xc7a35t_0]
INFO: [Labtools 27-3164] End of startup status: HIGH
refresh_hw_device [lindex [get_hw_devices xc7a35t_0] 0]
INFO: [Labtools 27-1434] Device xc7a35t (JTAG device index = 0) is programmed with a design that has no supported debug core(s) in it.
reset_run synth_1
WARNING: [Vivado 12-1017] Problems encountered:
1. Failed to delete one or more files in run directory D:/109550134/lab9_frame/lab9_1204 _2/lab9.runs/synth_1

launch_runs impl_1 -to_step write_bitstream -jobs 6
[Sun Dec  5 01:07:37 2021] Launched synth_1...
Run output will be captured here: D:/109550134/lab9_frame/lab9_1204 _2/lab9.runs/synth_1/runme.log
[Sun Dec  5 01:07:37 2021] Launched impl_1...
Run output will be captured here: D:/109550134/lab9_frame/lab9_1204 _2/lab9.runs/impl_1/runme.log
refresh_hw_device [lindex [get_hw_devices xc7a35t_0] 0]
INFO: [Labtools 27-1434] Device xc7a35t (JTAG device index = 0) is programmed with a design that has no supported debug core(s) in it.
set_property PROBES.FILE {} [get_hw_devices xc7a35t_0]
set_property FULL_PROBES.FILE {} [get_hw_devices xc7a35t_0]
set_property PROGRAM.FILE {D:/109550134/lab9_frame/lab9_1204 _2/lab9.runs/impl_1/lab8.bit} [get_hw_devices xc7a35t_0]
program_hw_devices [get_hw_devices xc7a35t_0]
INFO: [Labtools 27-3164] End of startup status: HIGH
refresh_hw_device [lindex [get_hw_devices xc7a35t_0] 0]
INFO: [Labtools 27-1434] Device xc7a35t (JTAG device index = 0) is programmed with a design that has no supported debug core(s) in it.
set_property PROBES.FILE {} [get_hw_devices xc7a35t_0]
set_property FULL_PROBES.FILE {} [get_hw_devices xc7a35t_0]
set_property PROGRAM.FILE {D:/109550134/lab9_frame/lab9_1204 _2/lab9.runs/impl_1/lab8.bit} [get_hw_devices xc7a35t_0]
program_hw_devices [get_hw_devices xc7a35t_0]
INFO: [Labtools 27-3164] End of startup status: HIGH
refresh_hw_device [lindex [get_hw_devices xc7a35t_0] 0]
INFO: [Labtools 27-1434] Device xc7a35t (JTAG device index = 0) is programmed with a design that has no supported debug core(s) in it.
reset_run synth_1
WARNING: [Vivado 12-1017] Problems encountered:
1. Failed to delete one or more files in run directory D:/109550134/lab9_frame/lab9_1204 _2/lab9.runs/synth_1

launch_runs impl_1 -to_step write_bitstream -jobs 6
[Sun Dec  5 01:12:51 2021] Launched synth_1...
Run output will be captured here: D:/109550134/lab9_frame/lab9_1204 _2/lab9.runs/synth_1/runme.log
[Sun Dec  5 01:12:51 2021] Launched impl_1...
Run output will be captured here: D:/109550134/lab9_frame/lab9_1204 _2/lab9.runs/impl_1/runme.log
set_property PROBES.FILE {} [get_hw_devices xc7a35t_0]
set_property FULL_PROBES.FILE {} [get_hw_devices xc7a35t_0]
set_property PROGRAM.FILE {D:/109550134/lab9_frame/lab9_1204 _2/lab9.runs/impl_1/lab8.bit} [get_hw_devices xc7a35t_0]
program_hw_devices [get_hw_devices xc7a35t_0]
INFO: [Labtools 27-3164] End of startup status: HIGH
refresh_hw_device [lindex [get_hw_devices xc7a35t_0] 0]
INFO: [Labtools 27-1434] Device xc7a35t (JTAG device index = 0) is programmed with a design that has no supported debug core(s) in it.
reset_run synth_1
WARNING: [Vivado 12-1017] Problems encountered:
1. Failed to delete one or more files in run directory D:/109550134/lab9_frame/lab9_1204 _2/lab9.runs/synth_1

launch_runs impl_1 -to_step write_bitstream -jobs 6
[Sun Dec  5 01:18:57 2021] Launched synth_1...
Run output will be captured here: D:/109550134/lab9_frame/lab9_1204 _2/lab9.runs/synth_1/runme.log
[Sun Dec  5 01:18:57 2021] Launched impl_1...
Run output will be captured here: D:/109550134/lab9_frame/lab9_1204 _2/lab9.runs/impl_1/runme.log
reset_run synth_1
WARNING: [Vivado 12-1017] Problems encountered:
1. Failed to delete one or more files in run directory D:/109550134/lab9_frame/lab9_1204 _2/lab9.runs/synth_1

launch_runs impl_1 -to_step write_bitstream -jobs 6
[Sun Dec  5 01:18:58 2021] Launched synth_1...
Run output will be captured here: D:/109550134/lab9_frame/lab9_1204 _2/lab9.runs/synth_1/runme.log
[Sun Dec  5 01:18:58 2021] Launched impl_1...
Run output will be captured here: D:/109550134/lab9_frame/lab9_1204 _2/lab9.runs/impl_1/runme.log
set_property PROBES.FILE {} [get_hw_devices xc7a35t_0]
set_property FULL_PROBES.FILE {} [get_hw_devices xc7a35t_0]
set_property PROGRAM.FILE {D:/109550134/lab9_frame/lab9_1204 _2/lab9.runs/impl_1/lab8.bit} [get_hw_devices xc7a35t_0]
program_hw_devices [get_hw_devices xc7a35t_0]
INFO: [Labtools 27-3164] End of startup status: HIGH
refresh_hw_device [lindex [get_hw_devices xc7a35t_0] 0]
INFO: [Labtools 27-1434] Device xc7a35t (JTAG device index = 0) is programmed with a design that has no supported debug core(s) in it.
reset_run synth_1
WARNING: [Vivado 12-1017] Problems encountered:
1. Failed to delete one or more files in run directory D:/109550134/lab9_frame/lab9_1204 _2/lab9.runs/synth_1

launch_runs impl_1 -to_step write_bitstream -jobs 6
[Sun Dec  5 01:27:20 2021] Launched synth_1...
Run output will be captured here: D:/109550134/lab9_frame/lab9_1204 _2/lab9.runs/synth_1/runme.log
[Sun Dec  5 01:27:20 2021] Launched impl_1...
Run output will be captured here: D:/109550134/lab9_frame/lab9_1204 _2/lab9.runs/impl_1/runme.log
set_property PROBES.FILE {} [get_hw_devices xc7a35t_0]
set_property FULL_PROBES.FILE {} [get_hw_devices xc7a35t_0]
set_property PROGRAM.FILE {D:/109550134/lab9_frame/lab9_1204 _2/lab9.runs/impl_1/lab8.bit} [get_hw_devices xc7a35t_0]
program_hw_devices [get_hw_devices xc7a35t_0]
INFO: [Labtools 27-3164] End of startup status: HIGH
refresh_hw_device [lindex [get_hw_devices xc7a35t_0] 0]
INFO: [Labtools 27-1434] Device xc7a35t (JTAG device index = 0) is programmed with a design that has no supported debug core(s) in it.
reset_run synth_1
WARNING: [Vivado 12-1017] Problems encountered:
1. Failed to delete one or more files in run directory D:/109550134/lab9_frame/lab9_1204 _2/lab9.runs/synth_1

launch_runs impl_1 -to_step write_bitstream -jobs 6
[Sun Dec  5 01:32:32 2021] Launched synth_1...
Run output will be captured here: D:/109550134/lab9_frame/lab9_1204 _2/lab9.runs/synth_1/runme.log
[Sun Dec  5 01:32:33 2021] Launched impl_1...
Run output will be captured here: D:/109550134/lab9_frame/lab9_1204 _2/lab9.runs/impl_1/runme.log
set_property PROBES.FILE {} [get_hw_devices xc7a35t_0]
set_property FULL_PROBES.FILE {} [get_hw_devices xc7a35t_0]
set_property PROGRAM.FILE {D:/109550134/lab9_frame/lab9_1204 _2/lab9.runs/impl_1/lab8.bit} [get_hw_devices xc7a35t_0]
program_hw_devices [get_hw_devices xc7a35t_0]
INFO: [Labtools 27-3164] End of startup status: HIGH
refresh_hw_device [lindex [get_hw_devices xc7a35t_0] 0]
INFO: [Labtools 27-1434] Device xc7a35t (JTAG device index = 0) is programmed with a design that has no supported debug core(s) in it.
ERROR: [Labtoolstcl 44-513] HW Target shutdown. Closing target: localhost:3121/xilinx_tcf/Digilent/210319A43273A
INFO: [Labtoolstcl 44-466] Opening hw_target localhost:3121/xilinx_tcf/Digilent/210319A43273A
INFO: [Labtools 27-1434] Device xc7a35t (JTAG device index = 0) is programmed with a design that has no supported debug core(s) in it.
WARNING: [Labtoolstcl 44-129] No matching hw_ila_data was found.
reset_run synth_1
WARNING: [Vivado 12-1017] Problems encountered:
1. Failed to delete one or more files in run directory D:/109550134/lab9_frame/lab9_1204 _2/lab9.runs/synth_1

launch_runs impl_1 -to_step write_bitstream -jobs 6
[Sun Dec  5 01:37:59 2021] Launched synth_1...
Run output will be captured here: D:/109550134/lab9_frame/lab9_1204 _2/lab9.runs/synth_1/runme.log
[Sun Dec  5 01:37:59 2021] Launched impl_1...
Run output will be captured here: D:/109550134/lab9_frame/lab9_1204 _2/lab9.runs/impl_1/runme.log
set_property PROBES.FILE {} [get_hw_devices xc7a35t_0]
set_property FULL_PROBES.FILE {} [get_hw_devices xc7a35t_0]
set_property PROGRAM.FILE {D:/109550134/lab9_frame/lab9_1204 _2/lab9.runs/impl_1/lab8.bit} [get_hw_devices xc7a35t_0]
program_hw_devices [get_hw_devices xc7a35t_0]
INFO: [Labtools 27-3164] End of startup status: HIGH
refresh_hw_device [lindex [get_hw_devices xc7a35t_0] 0]
INFO: [Labtools 27-1434] Device xc7a35t (JTAG device index = 0) is programmed with a design that has no supported debug core(s) in it.
reset_run synth_1
WARNING: [Vivado 12-1017] Problems encountered:
1. Failed to delete one or more files in run directory D:/109550134/lab9_frame/lab9_1204 _2/lab9.runs/synth_1

launch_runs impl_1 -to_step write_bitstream -jobs 6
[Sun Dec  5 01:44:29 2021] Launched synth_1...
Run output will be captured here: D:/109550134/lab9_frame/lab9_1204 _2/lab9.runs/synth_1/runme.log
[Sun Dec  5 01:44:29 2021] Launched impl_1...
Run output will be captured here: D:/109550134/lab9_frame/lab9_1204 _2/lab9.runs/impl_1/runme.log
set_property PROBES.FILE {} [get_hw_devices xc7a35t_0]
set_property FULL_PROBES.FILE {} [get_hw_devices xc7a35t_0]
set_property PROGRAM.FILE {D:/109550134/lab9_frame/lab9_1204 _2/lab9.runs/impl_1/lab8.bit} [get_hw_devices xc7a35t_0]
program_hw_devices [get_hw_devices xc7a35t_0]
INFO: [Labtools 27-3164] End of startup status: HIGH
refresh_hw_device [lindex [get_hw_devices xc7a35t_0] 0]
INFO: [Labtools 27-1434] Device xc7a35t (JTAG device index = 0) is programmed with a design that has no supported debug core(s) in it.
reset_run synth_1
WARNING: [Vivado 12-1017] Problems encountered:
1. Failed to delete one or more files in run directory D:/109550134/lab9_frame/lab9_1204 _2/lab9.runs/synth_1

launch_runs impl_1 -to_step write_bitstream -jobs 6
[Sun Dec  5 01:52:15 2021] Launched synth_1...
Run output will be captured here: D:/109550134/lab9_frame/lab9_1204 _2/lab9.runs/synth_1/runme.log
[Sun Dec  5 01:52:15 2021] Launched impl_1...
Run output will be captured here: D:/109550134/lab9_frame/lab9_1204 _2/lab9.runs/impl_1/runme.log
set_property PROBES.FILE {} [get_hw_devices xc7a35t_0]
set_property FULL_PROBES.FILE {} [get_hw_devices xc7a35t_0]
set_property PROGRAM.FILE {D:/109550134/lab9_frame/lab9_1204 _2/lab9.runs/impl_1/lab8.bit} [get_hw_devices xc7a35t_0]
program_hw_devices [get_hw_devices xc7a35t_0]
INFO: [Labtools 27-3164] End of startup status: HIGH
refresh_hw_device [lindex [get_hw_devices xc7a35t_0] 0]
INFO: [Labtools 27-1434] Device xc7a35t (JTAG device index = 0) is programmed with a design that has no supported debug core(s) in it.
ERROR: [Labtoolstcl 44-513] HW Target shutdown. Closing target: localhost:3121/xilinx_tcf/Digilent/210319A43273A
INFO: [Labtoolstcl 44-466] Opening hw_target localhost:3121/xilinx_tcf/Digilent/210319A43273A
INFO: [Labtools 27-1434] Device xc7a35t (JTAG device index = 0) is programmed with a design that has no supported debug core(s) in it.
WARNING: [Labtoolstcl 44-129] No matching hw_ila_data was found.
ERROR: [Labtoolstcl 44-513] HW Target shutdown. Closing target: localhost:3121/xilinx_tcf/Digilent/210319A43273A
INFO: [Labtoolstcl 44-466] Opening hw_target localhost:3121/xilinx_tcf/Digilent/210319A43273A
INFO: [Labtools 27-1434] Device xc7a35t (JTAG device index = 0) is programmed with a design that has no supported debug core(s) in it.
WARNING: [Labtoolstcl 44-129] No matching hw_ila_data was found.
reset_run synth_1
WARNING: [Vivado 12-1017] Problems encountered:
1. Failed to delete one or more files in run directory D:/109550134/lab9_frame/lab9_1204 _2/lab9.runs/synth_1

launch_runs impl_1 -to_step write_bitstream -jobs 6
[Sun Dec  5 02:10:37 2021] Launched synth_1...
Run output will be captured here: D:/109550134/lab9_frame/lab9_1204 _2/lab9.runs/synth_1/runme.log
[Sun Dec  5 02:10:37 2021] Launched impl_1...
Run output will be captured here: D:/109550134/lab9_frame/lab9_1204 _2/lab9.runs/impl_1/runme.log
set_property PROBES.FILE {} [get_hw_devices xc7a35t_0]
set_property FULL_PROBES.FILE {} [get_hw_devices xc7a35t_0]
set_property PROGRAM.FILE {D:/109550134/lab9_frame/lab9_1204 _2/lab9.runs/impl_1/lab8.bit} [get_hw_devices xc7a35t_0]
program_hw_devices [get_hw_devices xc7a35t_0]
INFO: [Labtools 27-3164] End of startup status: HIGH
refresh_hw_device [lindex [get_hw_devices xc7a35t_0] 0]
INFO: [Labtools 27-1434] Device xc7a35t (JTAG device index = 0) is programmed with a design that has no supported debug core(s) in it.
set_property PROBES.FILE {} [get_hw_devices xc7a35t_0]
set_property FULL_PROBES.FILE {} [get_hw_devices xc7a35t_0]
set_property PROGRAM.FILE {D:/109550134/lab9_frame/lab9_1204 _2/lab9.runs/impl_1/lab8.bit} [get_hw_devices xc7a35t_0]
program_hw_devices [get_hw_devices xc7a35t_0]
INFO: [Labtools 27-3164] End of startup status: HIGH
refresh_hw_device [lindex [get_hw_devices xc7a35t_0] 0]
INFO: [Labtools 27-1434] Device xc7a35t (JTAG device index = 0) is programmed with a design that has no supported debug core(s) in it.
ERROR: [Labtoolstcl 44-513] HW Target shutdown. Closing target: localhost:3121/xilinx_tcf/Digilent/210319A43273A
INFO: [Labtoolstcl 44-466] Opening hw_target localhost:3121/xilinx_tcf/Digilent/210319A43273A
INFO: [Labtools 27-1434] Device xc7a35t (JTAG device index = 0) is programmed with a design that has no supported debug core(s) in it.
WARNING: [Labtoolstcl 44-129] No matching hw_ila_data was found.
reset_run synth_1
WARNING: [Vivado 12-1017] Problems encountered:
1. Failed to delete one or more files in run directory D:/109550134/lab9_frame/lab9_1204 _2/lab9.runs/synth_1

launch_runs impl_1 -to_step write_bitstream -jobs 6
[Sun Dec  5 02:14:51 2021] Launched synth_1...
Run output will be captured here: D:/109550134/lab9_frame/lab9_1204 _2/lab9.runs/synth_1/runme.log
[Sun Dec  5 02:14:51 2021] Launched impl_1...
Run output will be captured here: D:/109550134/lab9_frame/lab9_1204 _2/lab9.runs/impl_1/runme.log
ERROR: [Labtoolstcl 44-513] HW Target shutdown. Closing target: localhost:3121/xilinx_tcf/Digilent/210319A43273A
INFO: [Labtoolstcl 44-466] Opening hw_target localhost:3121/xilinx_tcf/Digilent/210319A43273A
INFO: [Labtools 27-1434] Device xc7a35t (JTAG device index = 0) is programmed with a design that has no supported debug core(s) in it.
WARNING: [Labtoolstcl 44-129] No matching hw_ila_data was found.
ERROR: [Labtoolstcl 44-513] HW Target shutdown. Closing target: localhost:3121/xilinx_tcf/Digilent/210319A43273A
INFO: [Labtoolstcl 44-466] Opening hw_target localhost:3121/xilinx_tcf/Digilent/210319A43273A
INFO: [Labtools 27-1434] Device xc7a35t (JTAG device index = 0) is programmed with a design that has no supported debug core(s) in it.
WARNING: [Labtoolstcl 44-129] No matching hw_ila_data was found.
set_property PROBES.FILE {} [get_hw_devices xc7a35t_0]
set_property FULL_PROBES.FILE {} [get_hw_devices xc7a35t_0]
set_property PROGRAM.FILE {D:/109550134/lab9_frame/lab9_1204 _2/lab9.runs/impl_1/lab8.bit} [get_hw_devices xc7a35t_0]
program_hw_devices [get_hw_devices xc7a35t_0]
INFO: [Labtools 27-3164] End of startup status: HIGH
refresh_hw_device [lindex [get_hw_devices xc7a35t_0] 0]
INFO: [Labtools 27-1434] Device xc7a35t (JTAG device index = 0) is programmed with a design that has no supported debug core(s) in it.
exit
INFO: [Common 17-206] Exiting Vivado at Sun Dec  5 02:17:08 2021...
