#-----------------------------------------------------------
# Vivado v2021.1 (64-bit)
# SW Build 3247384 on Thu Jun 10 19:36:33 MDT 2021
# IP Build 3246043 on Fri Jun 11 00:30:35 MDT 2021
# Start of session at: Sat Dec 11 17:16:38 2021
# Process ID: 9816
# Current directory: D:/109550134/Lab10/lab10
# Command line: vivado.exe -gui_launcher_event rodinguilauncherevent6576 D:\109550134\Lab10\lab10\lab10.xpr
# Log file: D:/109550134/Lab10/lab10/vivado.log
# Journal file: D:/109550134/Lab10/lab10\vivado.jou
#-----------------------------------------------------------
start_gui
open_project D:/109550134/Lab10/lab10/lab10.xpr
WARNING: [filemgmt 56-3] Default IP Output Path : Could not find the directory 'D:/109550134/Lab10/lab10/lab10.gen/sources_1'.
Scanning sources...
Finished scanning sources
INFO: [IP_Flow 19-234] Refreshing IP repositories
INFO: [IP_Flow 19-1704] No user IP repositories specified
INFO: [IP_Flow 19-2313] Loaded Vivado IP repository 'C:/Xilinx/Vivado/2021.1/data/ip'.
open_project: Time (s): cpu = 00:00:11 ; elapsed = 00:00:06 . Memory (MB): peak = 1437.980 ; gain = 0.000
update_compile_order -fileset sources_1
reset_run synth_1
WARNING: [Vivado 12-1017] Problems encountered:
1. Failed to delete one or more files in run directory D:/109550134/Lab10/lab10/lab10.runs/synth_1

launch_runs impl_1 -to_step write_bitstream -jobs 3
[Sat Dec 11 17:34:17 2021] Launched synth_1...
Run output will be captured here: D:/109550134/Lab10/lab10/lab10.runs/synth_1/runme.log
[Sat Dec 11 17:34:17 2021] Launched impl_1...
Run output will be captured here: D:/109550134/Lab10/lab10/lab10.runs/impl_1/runme.log
reset_run impl_1
reset_run synth_1
WARNING: [Vivado 12-1017] Problems encountered:
1. Failed to delete one or more files in run directory D:/109550134/Lab10/lab10/lab10.runs/synth_1

launch_runs impl_1 -to_step write_bitstream -jobs 3
[Sat Dec 11 17:37:08 2021] Launched synth_1...
Run output will be captured here: D:/109550134/Lab10/lab10/lab10.runs/synth_1/runme.log
[Sat Dec 11 17:37:08 2021] Launched impl_1...
Run output will be captured here: D:/109550134/Lab10/lab10/lab10.runs/impl_1/runme.log
open_run impl_1
INFO: [Device 21-403] Loading part xc7a35ticsg324-1L
Netlist sorting complete. Time (s): cpu = 00:00:00 ; elapsed = 00:00:00.003 . Memory (MB): peak = 1437.980 ; gain = 0.000
INFO: [Netlist 29-17] Analyzing 42 Unisim elements for replacement
INFO: [Netlist 29-28] Unisim Transformation completed in 0 CPU seconds
INFO: [Project 1-479] Netlist was created with Vivado 2021.1
INFO: [Project 1-570] Preparing netlist for logic optimization
INFO: [Timing 38-478] Restoring timing data from binary archive.
INFO: [Common 17-41] Interrupt caught. Command should exit soon.
INFO: [Timing 38-479] Binary timing data restore complete.
INFO: [Project 1-856] Restoring constraints from binary archive.
INFO: [Project 1-853] Binary constraint restore complete.
Reading XDEF placement.
Reading placer database...
Reading XDEF routing.
Restored from archive | CPU: 0.000000 secs | Memory: 0.000000 MB |
Finished XDEF File Restore: Time (s): cpu = 00:00:00 ; elapsed = 00:00:00.037 . Memory (MB): peak = 1921.582 ; gain = 0.000
open_run: Time (s): cpu = 00:00:12 ; elapsed = 00:00:12 . Memory (MB): peak = 1921.582 ; gain = 483.602
INFO: [Common 17-344] 'open_run' was cancelled
open_hw_manager
connect_hw_server -allow_non_jtag
INFO: [Labtools 27-2285] Connecting to hw_server url TCP:localhost:3121
INFO: [Labtools 27-3415] Connecting to cs_server url TCP:localhost:3042
INFO: [Labtools 27-3414] Connected to existing cs_server.
open_hw_target
INFO: [Labtoolstcl 44-466] Opening hw_target localhost:3121/xilinx_tcf/Digilent/210319B3E516A
open_hw_target: Time (s): cpu = 00:00:06 ; elapsed = 00:00:05 . Memory (MB): peak = 3495.512 ; gain = 1573.930
set_property PROGRAM.FILE {D:/109550134/Lab10/lab10/lab10.runs/impl_1/lab10.bit} [get_hw_devices xc7a35t_0]
current_hw_device [get_hw_devices xc7a35t_0]
refresh_hw_device -update_hw_probes false [lindex [get_hw_devices xc7a35t_0] 0]
INFO: [Labtools 27-1434] Device xc7a35t (JTAG device index = 0) is programmed with a design that has no supported debug core(s) in it.
set_property PROBES.FILE {} [get_hw_devices xc7a35t_0]
set_property FULL_PROBES.FILE {} [get_hw_devices xc7a35t_0]
set_property PROGRAM.FILE {D:/109550134/Lab10/lab10/lab10.runs/impl_1/lab10.bit} [get_hw_devices xc7a35t_0]
program_hw_devices [get_hw_devices xc7a35t_0]
INFO: [Labtools 27-3164] End of startup status: HIGH
refresh_hw_device [lindex [get_hw_devices xc7a35t_0] 0]
INFO: [Labtools 27-1434] Device xc7a35t (JTAG device index = 0) is programmed with a design that has no supported debug core(s) in it.
update_compile_order -fileset sources_1
reset_run synth_1
WARNING: [Vivado 12-1017] Problems encountered:
1. Failed to delete one or more files in run directory D:/109550134/Lab10/lab10/lab10.runs/synth_1

update_compile_order -fileset sources_1
launch_runs impl_1 -to_step write_bitstream -jobs 3
[Sat Dec 11 17:49:39 2021] Launched synth_1...
Run output will be captured here: D:/109550134/Lab10/lab10/lab10.runs/synth_1/runme.log
[Sat Dec 11 17:49:39 2021] Launched impl_1...
Run output will be captured here: D:/109550134/Lab10/lab10/lab10.runs/impl_1/runme.log
reset_run impl_1
add_files -norecurse D:/109550134/Lab10/lab10/lab10.srcs/sources_1/sramf1.v
update_compile_order -fileset sources_1
exit
INFO: [Common 17-206] Exiting Vivado at Sat Dec 11 17:52:28 2021...
