#-----------------------------------------------------------
# Vivado v2021.1 (64-bit)
# SW Build 3247384 on Thu Jun 10 19:36:33 MDT 2021
# IP Build 3246043 on Fri Jun 11 00:30:35 MDT 2021
# Start of session at: Sun Dec 12 14:54:16 2021
# Process ID: 5316
# Current directory: D:/109550134/Lab10/lab10
# Command line: vivado.exe -gui_launcher_event rodinguilauncherevent8020 D:\109550134\Lab10\lab10\lab10.xpr
# Log file: D:/109550134/Lab10/lab10/vivado.log
# Journal file: D:/109550134/Lab10/lab10\vivado.jou
#-----------------------------------------------------------
start_gui
open_project D:/109550134/Lab10/lab10/lab10.xpr
WARNING: [filemgmt 56-3] Default IP Output Path : Could not find the directory 'D:/109550134/Lab10/lab10/lab10.gen/sources_1'.
Scanning sources...
Finished scanning sources
INFO: [IP_Flow 19-234] Refreshing IP repositories
INFO: [IP_Flow 19-1704] No user IP repositories specified
INFO: [IP_Flow 19-2313] Loaded Vivado IP repository 'C:/Xilinx/Vivado/2021.1/data/ip'.
open_project: Time (s): cpu = 00:00:11 ; elapsed = 00:00:05 . Memory (MB): peak = 1438.160 ; gain = 0.000
update_compile_order -fileset sources_1
open_hw_manager
connect_hw_server -allow_non_jtag
INFO: [Labtools 27-2285] Connecting to hw_server url TCP:localhost:3121
INFO: [Labtools 27-2222] Launching hw_server...
INFO: [Labtools 27-2221] Launch Output:

****** Xilinx hw_server v2021.1
  **** Build date : Jun 10 2021 at 20:17:23
    ** Copyright 1986-2021 Xilinx, Inc. All Rights Reserved.


INFO: [Labtools 27-3415] Connecting to cs_server url TCP:localhost:3042
INFO: [Labtools 27-3417] Launching cs_server...
INFO: [Labtools 27-2221] Launch Output:


******** Xilinx cs_server v2021.1
  ****** Build date   : May 27 2021-01:32:33
    **** Build number : 2021.1.1622050353
      ** Copyright 2017-2021 Xilinx, Inc. All Rights Reserved.



connect_hw_server: Time (s): cpu = 00:00:01 ; elapsed = 00:00:08 . Memory (MB): peak = 1438.160 ; gain = 0.000
open_hw_target
INFO: [Labtoolstcl 44-466] Opening hw_target localhost:3121/xilinx_tcf/Digilent/210319A438DFA
open_hw_target: Time (s): cpu = 00:00:05 ; elapsed = 00:00:05 . Memory (MB): peak = 2683.418 ; gain = 1245.258
set_property PROGRAM.FILE {D:/109550134/Lab10/lab10/lab10.runs/impl_1/lab10.bit} [get_hw_devices xc7a35t_0]
current_hw_device [get_hw_devices xc7a35t_0]
refresh_hw_device -update_hw_probes false [lindex [get_hw_devices xc7a35t_0] 0]
INFO: [Labtools 27-1434] Device xc7a35t (JTAG device index = 0) is programmed with a design that has no supported debug core(s) in it.
set_property PROBES.FILE {} [get_hw_devices xc7a35t_0]
set_property FULL_PROBES.FILE {} [get_hw_devices xc7a35t_0]
set_property PROGRAM.FILE {D:/109550134/Lab10/lab10/lab10.runs/impl_1/lab10.bit} [get_hw_devices xc7a35t_0]
program_hw_devices [get_hw_devices xc7a35t_0]
INFO: [Labtools 27-3164] End of startup status: HIGH
refresh_hw_device [lindex [get_hw_devices xc7a35t_0] 0]
INFO: [Labtools 27-1434] Device xc7a35t (JTAG device index = 0) is programmed with a design that has no supported debug core(s) in it.
add_files -norecurse D:/109550134/Lab10/lab10/lab10.srcs/sources_1/d.mem
add_files -norecurse D:/109550134/Lab10/lab10/lab10.srcs/sources_1/sramd.v
update_compile_order -fileset sources_1
update_compile_order -fileset sources_1
reset_run synth_1
WARNING: [Vivado 12-1017] Problems encountered:
1. Failed to delete one or more files in run directory D:/109550134/Lab10/lab10/lab10.runs/synth_1

launch_runs impl_1 -to_step write_bitstream -jobs 3
[Sun Dec 12 16:01:39 2021] Launched synth_1...
Run output will be captured here: D:/109550134/Lab10/lab10/lab10.runs/synth_1/runme.log
[Sun Dec 12 16:01:40 2021] Launched impl_1...
Run output will be captured here: D:/109550134/Lab10/lab10/lab10.runs/impl_1/runme.log
reset_run synth_1
WARNING: [Vivado 12-1017] Problems encountered:
1. Failed to delete one or more files in run directory D:/109550134/Lab10/lab10/lab10.runs/synth_1

launch_runs impl_1 -to_step write_bitstream -jobs 3
[Sun Dec 12 16:02:32 2021] Launched synth_1...
Run output will be captured here: D:/109550134/Lab10/lab10/lab10.runs/synth_1/runme.log
[Sun Dec 12 16:02:32 2021] Launched impl_1...
Run output will be captured here: D:/109550134/Lab10/lab10/lab10.runs/impl_1/runme.log
set_property PROBES.FILE {} [get_hw_devices xc7a35t_0]
set_property FULL_PROBES.FILE {} [get_hw_devices xc7a35t_0]
set_property PROGRAM.FILE {D:/109550134/Lab10/lab10/lab10.runs/impl_1/lab10.bit} [get_hw_devices xc7a35t_0]
program_hw_devices [get_hw_devices xc7a35t_0]
INFO: [Labtools 27-3164] End of startup status: HIGH
refresh_hw_device [lindex [get_hw_devices xc7a35t_0] 0]
INFO: [Labtools 27-1434] Device xc7a35t (JTAG device index = 0) is programmed with a design that has no supported debug core(s) in it.
reset_run synth_1
WARNING: [Vivado 12-1017] Problems encountered:
1. Failed to delete one or more files in run directory D:/109550134/Lab10/lab10/lab10.runs/synth_1

launch_runs impl_1 -to_step write_bitstream -jobs 3
[Sun Dec 12 16:10:47 2021] Launched synth_1...
Run output will be captured here: D:/109550134/Lab10/lab10/lab10.runs/synth_1/runme.log
[Sun Dec 12 16:10:47 2021] Launched impl_1...
Run output will be captured here: D:/109550134/Lab10/lab10/lab10.runs/impl_1/runme.log
set_property PROBES.FILE {} [get_hw_devices xc7a35t_0]
set_property FULL_PROBES.FILE {} [get_hw_devices xc7a35t_0]
set_property PROGRAM.FILE {D:/109550134/Lab10/lab10/lab10.runs/impl_1/lab10.bit} [get_hw_devices xc7a35t_0]
program_hw_devices [get_hw_devices xc7a35t_0]
INFO: [Labtools 27-3164] End of startup status: HIGH
refresh_hw_device [lindex [get_hw_devices xc7a35t_0] 0]
INFO: [Labtools 27-1434] Device xc7a35t (JTAG device index = 0) is programmed with a design that has no supported debug core(s) in it.
reset_run synth_1
WARNING: [Vivado 12-1017] Problems encountered:
1. Failed to delete one or more files in run directory D:/109550134/Lab10/lab10/lab10.runs/synth_1

launch_runs impl_1 -to_step write_bitstream -jobs 3
[Sun Dec 12 16:17:55 2021] Launched synth_1...
Run output will be captured here: D:/109550134/Lab10/lab10/lab10.runs/synth_1/runme.log
[Sun Dec 12 16:17:55 2021] Launched impl_1...
Run output will be captured here: D:/109550134/Lab10/lab10/lab10.runs/impl_1/runme.log
set_property PROBES.FILE {} [get_hw_devices xc7a35t_0]
set_property FULL_PROBES.FILE {} [get_hw_devices xc7a35t_0]
set_property PROGRAM.FILE {D:/109550134/Lab10/lab10/lab10.runs/impl_1/lab10.bit} [get_hw_devices xc7a35t_0]
program_hw_devices [get_hw_devices xc7a35t_0]
INFO: [Labtools 27-3164] End of startup status: HIGH
refresh_hw_device [lindex [get_hw_devices xc7a35t_0] 0]
INFO: [Labtools 27-1434] Device xc7a35t (JTAG device index = 0) is programmed with a design that has no supported debug core(s) in it.
reset_run impl_1 -prev_step 
launch_runs impl_1 -to_step write_bitstream -jobs 3
WARNING: [Vivado 12-872] Run step 'Design Initialization' is out-of-date.
[Sun Dec 12 16:33:31 2021] Launched impl_1...
Run output will be captured here: D:/109550134/Lab10/lab10/lab10.runs/impl_1/runme.log
reset_run synth_1
WARNING: [Vivado 12-1017] Problems encountered:
1. Failed to delete one or more files in run directory D:/109550134/Lab10/lab10/lab10.runs/synth_1

launch_runs impl_1 -to_step write_bitstream -jobs 3
[Sun Dec 12 16:34:35 2021] Launched synth_1...
Run output will be captured here: D:/109550134/Lab10/lab10/lab10.runs/synth_1/runme.log
[Sun Dec 12 16:34:35 2021] Launched impl_1...
Run output will be captured here: D:/109550134/Lab10/lab10/lab10.runs/impl_1/runme.log
set_property PROBES.FILE {} [get_hw_devices xc7a35t_0]
set_property FULL_PROBES.FILE {} [get_hw_devices xc7a35t_0]
set_property PROGRAM.FILE {D:/109550134/Lab10/lab10/lab10.runs/impl_1/lab10.bit} [get_hw_devices xc7a35t_0]
program_hw_devices [get_hw_devices xc7a35t_0]
INFO: [Labtools 27-3164] End of startup status: HIGH
refresh_hw_device [lindex [get_hw_devices xc7a35t_0] 0]
INFO: [Labtools 27-1434] Device xc7a35t (JTAG device index = 0) is programmed with a design that has no supported debug core(s) in it.
reset_run impl_1 -prev_step 
launch_runs impl_1 -to_step write_bitstream -jobs 3
WARNING: [Vivado 12-872] Run step 'Design Initialization' is out-of-date.
[Sun Dec 12 16:42:19 2021] Launched impl_1...
Run output will be captured here: D:/109550134/Lab10/lab10/lab10.runs/impl_1/runme.log
reset_run synth_1
WARNING: [Vivado 12-1017] Problems encountered:
1. Failed to delete one or more files in run directory D:/109550134/Lab10/lab10/lab10.runs/synth_1

launch_runs impl_1 -to_step write_bitstream -jobs 3
[Sun Dec 12 16:43:46 2021] Launched synth_1...
Run output will be captured here: D:/109550134/Lab10/lab10/lab10.runs/synth_1/runme.log
[Sun Dec 12 16:43:46 2021] Launched impl_1...
Run output will be captured here: D:/109550134/Lab10/lab10/lab10.runs/impl_1/runme.log
set_property PROBES.FILE {} [get_hw_devices xc7a35t_0]
set_property FULL_PROBES.FILE {} [get_hw_devices xc7a35t_0]
set_property PROGRAM.FILE {D:/109550134/Lab10/lab10/lab10.runs/impl_1/lab10.bit} [get_hw_devices xc7a35t_0]
program_hw_devices [get_hw_devices xc7a35t_0]
INFO: [Labtools 27-3164] End of startup status: HIGH
refresh_hw_device [lindex [get_hw_devices xc7a35t_0] 0]
INFO: [Labtools 27-1434] Device xc7a35t (JTAG device index = 0) is programmed with a design that has no supported debug core(s) in it.
reset_run impl_1 -prev_step 
launch_runs impl_1 -to_step write_bitstream -jobs 3
WARNING: [Vivado 12-872] Run step 'Design Initialization' is out-of-date.
[Sun Dec 12 16:56:20 2021] Launched impl_1...
Run output will be captured here: D:/109550134/Lab10/lab10/lab10.runs/impl_1/runme.log
reset_run synth_1
WARNING: [Vivado 12-1017] Problems encountered:
1. Failed to delete one or more files in run directory D:/109550134/Lab10/lab10/lab10.runs/synth_1

launch_runs impl_1 -to_step write_bitstream -jobs 3
[Sun Dec 12 16:57:48 2021] Launched synth_1...
Run output will be captured here: D:/109550134/Lab10/lab10/lab10.runs/synth_1/runme.log
[Sun Dec 12 16:57:48 2021] Launched impl_1...
Run output will be captured here: D:/109550134/Lab10/lab10/lab10.runs/impl_1/runme.log
set_property PROBES.FILE {} [get_hw_devices xc7a35t_0]
set_property FULL_PROBES.FILE {} [get_hw_devices xc7a35t_0]
set_property PROGRAM.FILE {D:/109550134/Lab10/lab10/lab10.runs/impl_1/lab10.bit} [get_hw_devices xc7a35t_0]
program_hw_devices [get_hw_devices xc7a35t_0]
INFO: [Labtools 27-3164] End of startup status: HIGH
refresh_hw_device [lindex [get_hw_devices xc7a35t_0] 0]
INFO: [Labtools 27-1434] Device xc7a35t (JTAG device index = 0) is programmed with a design that has no supported debug core(s) in it.
reset_run impl_1 -prev_step 
launch_runs impl_1 -to_step write_bitstream -jobs 3
WARNING: [Vivado 12-872] Run step 'Design Initialization' is out-of-date.
[Sun Dec 12 17:04:17 2021] Launched impl_1...
Run output will be captured here: D:/109550134/Lab10/lab10/lab10.runs/impl_1/runme.log
reset_run impl_1 -prev_step 
WARNING: [Vivado 12-1017] Problems encountered:
1. PID not specified

reset_run synth_1
WARNING: [Vivado 12-1017] Problems encountered:
1. Failed to delete one or more files in run directory D:/109550134/Lab10/lab10/lab10.runs/synth_1

launch_runs impl_1 -to_step write_bitstream -jobs 3
[Sun Dec 12 17:04:29 2021] Launched synth_1...
Run output will be captured here: D:/109550134/Lab10/lab10/lab10.runs/synth_1/runme.log
[Sun Dec 12 17:04:29 2021] Launched impl_1...
Run output will be captured here: D:/109550134/Lab10/lab10/lab10.runs/impl_1/runme.log
reset_run synth_1
WARNING: [Vivado 12-1017] Problems encountered:
1. Failed to delete one or more files in run directory D:/109550134/Lab10/lab10/lab10.runs/synth_1

launch_runs impl_1 -to_step write_bitstream -jobs 3
[Sun Dec 12 17:07:52 2021] Launched synth_1...
Run output will be captured here: D:/109550134/Lab10/lab10/lab10.runs/synth_1/runme.log
[Sun Dec 12 17:07:52 2021] Launched impl_1...
Run output will be captured here: D:/109550134/Lab10/lab10/lab10.runs/impl_1/runme.log
set_property PROBES.FILE {} [get_hw_devices xc7a35t_0]
set_property FULL_PROBES.FILE {} [get_hw_devices xc7a35t_0]
set_property PROGRAM.FILE {D:/109550134/Lab10/lab10/lab10.runs/impl_1/lab10.bit} [get_hw_devices xc7a35t_0]
program_hw_devices [get_hw_devices xc7a35t_0]
INFO: [Labtools 27-3164] End of startup status: HIGH
refresh_hw_device [lindex [get_hw_devices xc7a35t_0] 0]
INFO: [Labtools 27-1434] Device xc7a35t (JTAG device index = 0) is programmed with a design that has no supported debug core(s) in it.
reset_run synth_1
WARNING: [Vivado 12-1017] Problems encountered:
1. Failed to delete one or more files in run directory D:/109550134/Lab10/lab10/lab10.runs/synth_1

launch_runs impl_1 -to_step write_bitstream -jobs 3
[Sun Dec 12 17:13:29 2021] Launched synth_1...
Run output will be captured here: D:/109550134/Lab10/lab10/lab10.runs/synth_1/runme.log
[Sun Dec 12 17:13:29 2021] Launched impl_1...
Run output will be captured here: D:/109550134/Lab10/lab10/lab10.runs/impl_1/runme.log
set_property PROBES.FILE {} [get_hw_devices xc7a35t_0]
set_property FULL_PROBES.FILE {} [get_hw_devices xc7a35t_0]
set_property PROGRAM.FILE {D:/109550134/Lab10/lab10/lab10.runs/impl_1/lab10.bit} [get_hw_devices xc7a35t_0]
program_hw_devices [get_hw_devices xc7a35t_0]
INFO: [Labtools 27-3164] End of startup status: HIGH
refresh_hw_device [lindex [get_hw_devices xc7a35t_0] 0]
INFO: [Labtools 27-1434] Device xc7a35t (JTAG device index = 0) is programmed with a design that has no supported debug core(s) in it.
reset_run synth_1
WARNING: [Vivado 12-1017] Problems encountered:
1. Failed to delete one or more files in run directory D:/109550134/Lab10/lab10/lab10.runs/synth_1

launch_runs impl_1 -to_step write_bitstream -jobs 3
[Sun Dec 12 17:34:20 2021] Launched synth_1...
Run output will be captured here: D:/109550134/Lab10/lab10/lab10.runs/synth_1/runme.log
[Sun Dec 12 17:34:20 2021] Launched impl_1...
Run output will be captured here: D:/109550134/Lab10/lab10/lab10.runs/impl_1/runme.log
set_property PROBES.FILE {} [get_hw_devices xc7a35t_0]
set_property FULL_PROBES.FILE {} [get_hw_devices xc7a35t_0]
set_property PROGRAM.FILE {D:/109550134/Lab10/lab10/lab10.runs/impl_1/lab10.bit} [get_hw_devices xc7a35t_0]
program_hw_devices [get_hw_devices xc7a35t_0]
INFO: [Labtools 27-3164] End of startup status: HIGH
refresh_hw_device [lindex [get_hw_devices xc7a35t_0] 0]
INFO: [Labtools 27-1434] Device xc7a35t (JTAG device index = 0) is programmed with a design that has no supported debug core(s) in it.
reset_run synth_1
WARNING: [Vivado 12-1017] Problems encountered:
1. Failed to delete one or more files in run directory D:/109550134/Lab10/lab10/lab10.runs/synth_1

launch_runs impl_1 -to_step write_bitstream -jobs 3
[Sun Dec 12 17:41:25 2021] Launched synth_1...
Run output will be captured here: D:/109550134/Lab10/lab10/lab10.runs/synth_1/runme.log
[Sun Dec 12 17:41:25 2021] Launched impl_1...
Run output will be captured here: D:/109550134/Lab10/lab10/lab10.runs/impl_1/runme.log
open_run impl_1
INFO: [Device 21-403] Loading part xc7a35ticsg324-1L
Netlist sorting complete. Time (s): cpu = 00:00:00 ; elapsed = 00:00:00.027 . Memory (MB): peak = 3076.063 ; gain = 0.000
INFO: [Netlist 29-17] Analyzing 1815 Unisim elements for replacement
INFO: [Netlist 29-28] Unisim Transformation completed in 0 CPU seconds
INFO: [Project 1-479] Netlist was created with Vivado 2021.1
INFO: [Project 1-570] Preparing netlist for logic optimization
INFO: [Timing 38-478] Restoring timing data from binary archive.
INFO: [Timing 38-479] Binary timing data restore complete.
INFO: [Project 1-856] Restoring constraints from binary archive.
INFO: [Project 1-853] Binary constraint restore complete.
Reading XDEF placement.
Reading placer database...
Reading XDEF routing.
Read XDEF File: Time (s): cpu = 00:00:01 ; elapsed = 00:00:01 . Memory (MB): peak = 3784.117 ; gain = 0.000
Restored from archive | CPU: 1.000000 secs | Memory: 0.000000 MB |
Finished XDEF File Restore: Time (s): cpu = 00:00:01 ; elapsed = 00:00:01 . Memory (MB): peak = 3784.117 ; gain = 0.000
Netlist sorting complete. Time (s): cpu = 00:00:00 ; elapsed = 00:00:00.007 . Memory (MB): peak = 3784.117 ; gain = 0.000
INFO: [Project 1-111] Unisim Transformation Summary:
  A total of 1368 instances were transformed.
  RAM16X1S => RAM32X1S (RAMS32): 24 instances
  RAM256X1S => RAM256X1S (MUXF7(x2), MUXF8, RAMS64E(x4)): 1320 instances
  RAM32X1S => RAM32X1S (RAMS32): 12 instances
  RAM64X1S => RAM64X1S (RAMS64E): 12 instances

open_run: Time (s): cpu = 00:00:23 ; elapsed = 00:00:18 . Memory (MB): peak = 3949.152 ; gain = 1157.227
set_property PROBES.FILE {} [get_hw_devices xc7a35t_0]
set_property FULL_PROBES.FILE {} [get_hw_devices xc7a35t_0]
set_property PROGRAM.FILE {D:/109550134/Lab10/lab10/lab10.runs/impl_1/lab10.bit} [get_hw_devices xc7a35t_0]
program_hw_devices [get_hw_devices xc7a35t_0]
INFO: [Labtools 27-3164] End of startup status: HIGH
refresh_hw_device [lindex [get_hw_devices xc7a35t_0] 0]
INFO: [Labtools 27-1434] Device xc7a35t (JTAG device index = 0) is programmed with a design that has no supported debug core(s) in it.
reset_run synth_1
WARNING: [Vivado 12-1017] Problems encountered:
1. Failed to delete one or more files in run directory D:/109550134/Lab10/lab10/lab10.runs/synth_1

launch_runs impl_1 -to_step write_bitstream -jobs 3
[Sun Dec 12 17:56:17 2021] Launched synth_1...
Run output will be captured here: D:/109550134/Lab10/lab10/lab10.runs/synth_1/runme.log
[Sun Dec 12 17:56:17 2021] Launched impl_1...
Run output will be captured here: D:/109550134/Lab10/lab10/lab10.runs/impl_1/runme.log
set_property PROBES.FILE {} [get_hw_devices xc7a35t_0]
set_property FULL_PROBES.FILE {} [get_hw_devices xc7a35t_0]
set_property PROGRAM.FILE {D:/109550134/Lab10/lab10/lab10.runs/impl_1/lab10.bit} [get_hw_devices xc7a35t_0]
program_hw_devices [get_hw_devices xc7a35t_0]
INFO: [Labtools 27-3164] End of startup status: HIGH
refresh_hw_device [lindex [get_hw_devices xc7a35t_0] 0]
INFO: [Labtools 27-1434] Device xc7a35t (JTAG device index = 0) is programmed with a design that has no supported debug core(s) in it.
reset_run synth_1
WARNING: [Vivado 12-1017] Problems encountered:
1. Failed to delete one or more files in run directory D:/109550134/Lab10/lab10/lab10.runs/synth_1

launch_runs impl_1 -to_step write_bitstream -jobs 3
[Sun Dec 12 18:02:26 2021] Launched synth_1...
Run output will be captured here: D:/109550134/Lab10/lab10/lab10.runs/synth_1/runme.log
[Sun Dec 12 18:02:26 2021] Launched impl_1...
Run output will be captured here: D:/109550134/Lab10/lab10/lab10.runs/impl_1/runme.log
set_property PROBES.FILE {} [get_hw_devices xc7a35t_0]
set_property FULL_PROBES.FILE {} [get_hw_devices xc7a35t_0]
set_property PROGRAM.FILE {D:/109550134/Lab10/lab10/lab10.runs/impl_1/lab10.bit} [get_hw_devices xc7a35t_0]
program_hw_devices [get_hw_devices xc7a35t_0]
INFO: [Labtools 27-3164] End of startup status: HIGH
refresh_hw_device [lindex [get_hw_devices xc7a35t_0] 0]
INFO: [Labtools 27-1434] Device xc7a35t (JTAG device index = 0) is programmed with a design that has no supported debug core(s) in it.
add_files -norecurse D:/109550134/Lab10/lab10/lab10.srcs/sources_1/64d.mem
reset_run synth_1
WARNING: [Vivado 12-1017] Problems encountered:
1. Failed to delete one or more files in run directory D:/109550134/Lab10/lab10/lab10.runs/synth_1

launch_runs impl_1 -to_step write_bitstream -jobs 3
[Sun Dec 12 18:48:31 2021] Launched synth_1...
Run output will be captured here: D:/109550134/Lab10/lab10/lab10.runs/synth_1/runme.log
[Sun Dec 12 18:48:31 2021] Launched impl_1...
Run output will be captured here: D:/109550134/Lab10/lab10/lab10.runs/impl_1/runme.log
set_property PROBES.FILE {} [get_hw_devices xc7a35t_0]
set_property FULL_PROBES.FILE {} [get_hw_devices xc7a35t_0]
set_property PROGRAM.FILE {D:/109550134/Lab10/lab10/lab10.runs/impl_1/lab10.bit} [get_hw_devices xc7a35t_0]
program_hw_devices [get_hw_devices xc7a35t_0]
INFO: [Labtools 27-3164] End of startup status: HIGH
refresh_hw_device [lindex [get_hw_devices xc7a35t_0] 0]
INFO: [Labtools 27-1434] Device xc7a35t (JTAG device index = 0) is programmed with a design that has no supported debug core(s) in it.
reset_run synth_1
WARNING: [Vivado 12-1017] Problems encountered:
1. Failed to delete one or more files in run directory D:/109550134/Lab10/lab10/lab10.runs/synth_1

launch_runs impl_1 -to_step write_bitstream -jobs 3
[Sun Dec 12 18:54:01 2021] Launched synth_1...
Run output will be captured here: D:/109550134/Lab10/lab10/lab10.runs/synth_1/runme.log
[Sun Dec 12 18:54:01 2021] Launched impl_1...
Run output will be captured here: D:/109550134/Lab10/lab10/lab10.runs/impl_1/runme.log
set_property PROBES.FILE {} [get_hw_devices xc7a35t_0]
set_property FULL_PROBES.FILE {} [get_hw_devices xc7a35t_0]
set_property PROGRAM.FILE {D:/109550134/Lab10/lab10/lab10.runs/impl_1/lab10.bit} [get_hw_devices xc7a35t_0]
program_hw_devices [get_hw_devices xc7a35t_0]
INFO: [Labtools 27-3164] End of startup status: HIGH
refresh_hw_device [lindex [get_hw_devices xc7a35t_0] 0]
INFO: [Labtools 27-1434] Device xc7a35t (JTAG device index = 0) is programmed with a design that has no supported debug core(s) in it.
reset_run synth_1
WARNING: [Vivado 12-1017] Problems encountered:
1. Failed to delete one or more files in run directory D:/109550134/Lab10/lab10/lab10.runs/synth_1

launch_runs impl_1 -to_step write_bitstream -jobs 3
[Sun Dec 12 18:59:04 2021] Launched synth_1...
Run output will be captured here: D:/109550134/Lab10/lab10/lab10.runs/synth_1/runme.log
[Sun Dec 12 18:59:04 2021] Launched impl_1...
Run output will be captured here: D:/109550134/Lab10/lab10/lab10.runs/impl_1/runme.log
set_property PROBES.FILE {} [get_hw_devices xc7a35t_0]
set_property FULL_PROBES.FILE {} [get_hw_devices xc7a35t_0]
set_property PROGRAM.FILE {D:/109550134/Lab10/lab10/lab10.runs/impl_1/lab10.bit} [get_hw_devices xc7a35t_0]
program_hw_devices [get_hw_devices xc7a35t_0]
INFO: [Labtools 27-3164] End of startup status: HIGH
refresh_hw_device [lindex [get_hw_devices xc7a35t_0] 0]
INFO: [Labtools 27-1434] Device xc7a35t (JTAG device index = 0) is programmed with a design that has no supported debug core(s) in it.
reset_run synth_1
WARNING: [Vivado 12-1017] Problems encountered:
1. Failed to delete one or more files in run directory D:/109550134/Lab10/lab10/lab10.runs/synth_1

launch_runs impl_1 -to_step write_bitstream -jobs 3
[Sun Dec 12 19:06:22 2021] Launched synth_1...
Run output will be captured here: D:/109550134/Lab10/lab10/lab10.runs/synth_1/runme.log
[Sun Dec 12 19:06:22 2021] Launched impl_1...
Run output will be captured here: D:/109550134/Lab10/lab10/lab10.runs/impl_1/runme.log
set_property PROBES.FILE {} [get_hw_devices xc7a35t_0]
set_property FULL_PROBES.FILE {} [get_hw_devices xc7a35t_0]
set_property PROGRAM.FILE {D:/109550134/Lab10/lab10/lab10.runs/impl_1/lab10.bit} [get_hw_devices xc7a35t_0]
program_hw_devices [get_hw_devices xc7a35t_0]
INFO: [Labtools 27-3164] End of startup status: HIGH
refresh_hw_device [lindex [get_hw_devices xc7a35t_0] 0]
INFO: [Labtools 27-1434] Device xc7a35t (JTAG device index = 0) is programmed with a design that has no supported debug core(s) in it.
reset_run synth_1
WARNING: [Vivado 12-1017] Problems encountered:
1. Failed to delete one or more files in run directory D:/109550134/Lab10/lab10/lab10.runs/synth_1

launch_runs impl_1 -to_step write_bitstream -jobs 3
[Sun Dec 12 19:14:59 2021] Launched synth_1...
Run output will be captured here: D:/109550134/Lab10/lab10/lab10.runs/synth_1/runme.log
[Sun Dec 12 19:14:59 2021] Launched impl_1...
Run output will be captured here: D:/109550134/Lab10/lab10/lab10.runs/impl_1/runme.log
set_property PROBES.FILE {} [get_hw_devices xc7a35t_0]
set_property FULL_PROBES.FILE {} [get_hw_devices xc7a35t_0]
set_property PROGRAM.FILE {D:/109550134/Lab10/lab10/lab10.runs/impl_1/lab10.bit} [get_hw_devices xc7a35t_0]
program_hw_devices [get_hw_devices xc7a35t_0]
INFO: [Labtools 27-3164] End of startup status: HIGH
refresh_hw_device [lindex [get_hw_devices xc7a35t_0] 0]
INFO: [Labtools 27-1434] Device xc7a35t (JTAG device index = 0) is programmed with a design that has no supported debug core(s) in it.
add_files -norecurse D:/109550134/Lab10/lab10/lab10.srcs/sources_1/LCD_module.v
update_compile_order -fileset sources_1
update_compile_order -fileset sources_1
reset_run synth_1
WARNING: [Vivado 12-1017] Problems encountered:
1. Failed to delete one or more files in run directory D:/109550134/Lab10/lab10/lab10.runs/synth_1

launch_runs impl_1 -to_step write_bitstream -jobs 3
[Sun Dec 12 20:47:42 2021] Launched synth_1...
Run output will be captured here: D:/109550134/Lab10/lab10/lab10.runs/synth_1/runme.log
[Sun Dec 12 20:47:42 2021] Launched impl_1...
Run output will be captured here: D:/109550134/Lab10/lab10/lab10.runs/impl_1/runme.log
add_files -fileset utils_1 -norecurse D:/109550134/Lab10/lab10/lab10.srcs/sources_1/try.tcl
set_property STEPS.WRITE_BITSTREAM.TCL.PRE [ get_files D:/109550134/Lab10/lab10/lab10.srcs/sources_1/try.tcl -of [get_fileset utils_1] ] [get_runs impl_1]
reset_run impl_1 -prev_step 
launch_runs impl_1 -to_step write_bitstream -jobs 3
[Sun Dec 12 21:02:18 2021] Launched impl_1...
Run output will be captured here: D:/109550134/Lab10/lab10/lab10.runs/impl_1/runme.log
set_property PROBES.FILE {} [get_hw_devices xc7a35t_0]
set_property FULL_PROBES.FILE {} [get_hw_devices xc7a35t_0]
set_property PROGRAM.FILE {D:/109550134/Lab10/lab10/lab10.runs/impl_1/lab10.bit} [get_hw_devices xc7a35t_0]
program_hw_devices [get_hw_devices xc7a35t_0]
INFO: [Labtools 27-3164] End of startup status: HIGH
refresh_hw_device [lindex [get_hw_devices xc7a35t_0] 0]
INFO: [Labtools 27-1434] Device xc7a35t (JTAG device index = 0) is programmed with a design that has no supported debug core(s) in it.
reset_run synth_1
WARNING: [Vivado 12-1017] Problems encountered:
1. Failed to delete one or more files in run directory D:/109550134/Lab10/lab10/lab10.runs/synth_1

launch_runs impl_1 -to_step write_bitstream -jobs 3
[Sun Dec 12 21:05:44 2021] Launched synth_1...
Run output will be captured here: D:/109550134/Lab10/lab10/lab10.runs/synth_1/runme.log
[Sun Dec 12 21:05:44 2021] Launched impl_1...
Run output will be captured here: D:/109550134/Lab10/lab10/lab10.runs/impl_1/runme.log
set_property PROBES.FILE {} [get_hw_devices xc7a35t_0]
set_property FULL_PROBES.FILE {} [get_hw_devices xc7a35t_0]
set_property PROGRAM.FILE {D:/109550134/Lab10/lab10/lab10.runs/impl_1/lab10.bit} [get_hw_devices xc7a35t_0]
program_hw_devices [get_hw_devices xc7a35t_0]
INFO: [Labtools 27-3164] End of startup status: HIGH
refresh_hw_device [lindex [get_hw_devices xc7a35t_0] 0]
INFO: [Labtools 27-1434] Device xc7a35t (JTAG device index = 0) is programmed with a design that has no supported debug core(s) in it.
reset_run synth_1
WARNING: [Vivado 12-1017] Problems encountered:
1. Failed to delete one or more files in run directory D:/109550134/Lab10/lab10/lab10.runs/synth_1

launch_runs impl_1 -to_step write_bitstream -jobs 3
[Sun Dec 12 21:18:13 2021] Launched synth_1...
Run output will be captured here: D:/109550134/Lab10/lab10/lab10.runs/synth_1/runme.log
[Sun Dec 12 21:18:13 2021] Launched impl_1...
Run output will be captured here: D:/109550134/Lab10/lab10/lab10.runs/impl_1/runme.log
reset_run synth_1
WARNING: [Vivado 12-1017] Problems encountered:
1. Failed to delete one or more files in run directory D:/109550134/Lab10/lab10/lab10.runs/synth_1

launch_runs impl_1 -to_step write_bitstream -jobs 3
[Sun Dec 12 21:19:09 2021] Launched synth_1...
Run output will be captured here: D:/109550134/Lab10/lab10/lab10.runs/synth_1/runme.log
[Sun Dec 12 21:19:09 2021] Launched impl_1...
Run output will be captured here: D:/109550134/Lab10/lab10/lab10.runs/impl_1/runme.log
set_property PROBES.FILE {} [get_hw_devices xc7a35t_0]
set_property FULL_PROBES.FILE {} [get_hw_devices xc7a35t_0]
set_property PROGRAM.FILE {D:/109550134/Lab10/lab10/lab10.runs/impl_1/lab10.bit} [get_hw_devices xc7a35t_0]
program_hw_devices [get_hw_devices xc7a35t_0]
INFO: [Labtools 27-3164] End of startup status: HIGH
refresh_hw_device [lindex [get_hw_devices xc7a35t_0] 0]
INFO: [Labtools 27-1434] Device xc7a35t (JTAG device index = 0) is programmed with a design that has no supported debug core(s) in it.
set_property PROBES.FILE {} [get_hw_devices xc7a35t_0]
set_property FULL_PROBES.FILE {} [get_hw_devices xc7a35t_0]
set_property PROGRAM.FILE {D:/109550134/Lab10/lab10/lab10.runs/impl_1/lab10.bit} [get_hw_devices xc7a35t_0]
program_hw_devices [get_hw_devices xc7a35t_0]
INFO: [Labtools 27-3164] End of startup status: HIGH
refresh_hw_device [lindex [get_hw_devices xc7a35t_0] 0]
INFO: [Labtools 27-1434] Device xc7a35t (JTAG device index = 0) is programmed with a design that has no supported debug core(s) in it.
reset_run synth_1
WARNING: [Vivado 12-1017] Problems encountered:
1. Failed to delete one or more files in run directory D:/109550134/Lab10/lab10/lab10.runs/synth_1

launch_runs impl_1 -to_step write_bitstream -jobs 3
[Sun Dec 12 21:32:33 2021] Launched synth_1...
Run output will be captured here: D:/109550134/Lab10/lab10/lab10.runs/synth_1/runme.log
[Sun Dec 12 21:32:33 2021] Launched impl_1...
Run output will be captured here: D:/109550134/Lab10/lab10/lab10.runs/impl_1/runme.log
reset_run synth_1
WARNING: [Vivado 12-1017] Problems encountered:
1. Failed to delete one or more files in run directory D:/109550134/Lab10/lab10/lab10.runs/synth_1

launch_runs impl_1 -to_step write_bitstream -jobs 3
[Sun Dec 12 21:33:16 2021] Launched synth_1...
Run output will be captured here: D:/109550134/Lab10/lab10/lab10.runs/synth_1/runme.log
[Sun Dec 12 21:33:16 2021] Launched impl_1...
Run output will be captured here: D:/109550134/Lab10/lab10/lab10.runs/impl_1/runme.log
set_property PROBES.FILE {} [get_hw_devices xc7a35t_0]
set_property FULL_PROBES.FILE {} [get_hw_devices xc7a35t_0]
set_property PROGRAM.FILE {D:/109550134/Lab10/lab10/lab10.runs/impl_1/lab10.bit} [get_hw_devices xc7a35t_0]
program_hw_devices [get_hw_devices xc7a35t_0]
INFO: [Labtools 27-3164] End of startup status: HIGH
refresh_hw_device [lindex [get_hw_devices xc7a35t_0] 0]
INFO: [Labtools 27-1434] Device xc7a35t (JTAG device index = 0) is programmed with a design that has no supported debug core(s) in it.
set_property PROBES.FILE {} [get_hw_devices xc7a35t_0]
set_property FULL_PROBES.FILE {} [get_hw_devices xc7a35t_0]
set_property PROGRAM.FILE {D:/109550134/Lab10/lab10/lab10.runs/impl_1/lab10.bit} [get_hw_devices xc7a35t_0]
program_hw_devices [get_hw_devices xc7a35t_0]
INFO: [Labtools 27-3164] End of startup status: HIGH
refresh_hw_device [lindex [get_hw_devices xc7a35t_0] 0]
INFO: [Labtools 27-1434] Device xc7a35t (JTAG device index = 0) is programmed with a design that has no supported debug core(s) in it.
set_property STEPS.WRITE_BITSTREAM.TCL.PRE {} [get_runs impl_1]
reset_run synth_1
WARNING: [Vivado 12-1017] Problems encountered:
1. Failed to delete one or more files in run directory D:/109550134/Lab10/lab10/lab10.runs/synth_1

update_compile_order -fileset sources_1
launch_runs impl_1 -to_step write_bitstream -jobs 3
[Sun Dec 12 21:46:45 2021] Launched synth_1...
Run output will be captured here: D:/109550134/Lab10/lab10/lab10.runs/synth_1/runme.log
[Sun Dec 12 21:46:45 2021] Launched impl_1...
Run output will be captured here: D:/109550134/Lab10/lab10/lab10.runs/impl_1/runme.log
update_compile_order -fileset sources_1
set_property STEPS.WRITE_BITSTREAM.TCL.PRE [ get_files D:/109550134/Lab10/lab10/lab10.srcs/sources_1/try.tcl -of [get_fileset utils_1] ] [get_runs impl_1]
set_property STEPS.WRITE_BITSTREAM.TCL.PRE [ get_files D:/109550134/Lab10/lab10/lab10.srcs/sources_1/try.tcl -of [get_fileset utils_1] ] [get_runs impl_1]
reset_run impl_1 -prev_step 
launch_runs impl_1 -to_step write_bitstream -jobs 3
[Sun Dec 12 21:50:01 2021] Launched impl_1...
Run output will be captured here: D:/109550134/Lab10/lab10/lab10.runs/impl_1/runme.log
update_compile_order -fileset sources_1
reset_run synth_1
WARNING: [Vivado 12-1017] Problems encountered:
1. Failed to delete one or more files in run directory D:/109550134/Lab10/lab10/lab10.runs/synth_1

launch_runs impl_1 -to_step write_bitstream -jobs 3
[Sun Dec 12 21:52:55 2021] Launched synth_1...
Run output will be captured here: D:/109550134/Lab10/lab10/lab10.runs/synth_1/runme.log
[Sun Dec 12 21:52:55 2021] Launched impl_1...
Run output will be captured here: D:/109550134/Lab10/lab10/lab10.runs/impl_1/runme.log
set_property PROBES.FILE {} [get_hw_devices xc7a35t_0]
set_property FULL_PROBES.FILE {} [get_hw_devices xc7a35t_0]
set_property PROGRAM.FILE {D:/109550134/Lab10/lab10/lab10.runs/impl_1/lab10.bit} [get_hw_devices xc7a35t_0]
program_hw_devices [get_hw_devices xc7a35t_0]
INFO: [Labtools 27-3164] End of startup status: HIGH
refresh_hw_device [lindex [get_hw_devices xc7a35t_0] 0]
INFO: [Labtools 27-1434] Device xc7a35t (JTAG device index = 0) is programmed with a design that has no supported debug core(s) in it.
reset_run synth_1
WARNING: [Vivado 12-1017] Problems encountered:
1. Failed to delete one or more files in run directory D:/109550134/Lab10/lab10/lab10.runs/synth_1

launch_runs impl_1 -to_step write_bitstream -jobs 3
[Sun Dec 12 21:58:48 2021] Launched synth_1...
Run output will be captured here: D:/109550134/Lab10/lab10/lab10.runs/synth_1/runme.log
[Sun Dec 12 21:58:48 2021] Launched impl_1...
Run output will be captured here: D:/109550134/Lab10/lab10/lab10.runs/impl_1/runme.log
set_property PROBES.FILE {} [get_hw_devices xc7a35t_0]
set_property FULL_PROBES.FILE {} [get_hw_devices xc7a35t_0]
set_property PROGRAM.FILE {D:/109550134/Lab10/lab10/lab10.runs/impl_1/lab10.bit} [get_hw_devices xc7a35t_0]
program_hw_devices [get_hw_devices xc7a35t_0]
INFO: [Labtools 27-3164] End of startup status: HIGH
refresh_hw_device [lindex [get_hw_devices xc7a35t_0] 0]
INFO: [Labtools 27-1434] Device xc7a35t (JTAG device index = 0) is programmed with a design that has no supported debug core(s) in it.
reset_run synth_1
WARNING: [Vivado 12-1017] Problems encountered:
1. Failed to delete one or more files in run directory D:/109550134/Lab10/lab10/lab10.runs/synth_1

launch_runs impl_1 -to_step write_bitstream -jobs 3
[Sun Dec 12 22:04:27 2021] Launched synth_1...
Run output will be captured here: D:/109550134/Lab10/lab10/lab10.runs/synth_1/runme.log
[Sun Dec 12 22:04:27 2021] Launched impl_1...
Run output will be captured here: D:/109550134/Lab10/lab10/lab10.runs/impl_1/runme.log
set_property PROBES.FILE {} [get_hw_devices xc7a35t_0]
set_property FULL_PROBES.FILE {} [get_hw_devices xc7a35t_0]
set_property PROGRAM.FILE {D:/109550134/Lab10/lab10/lab10.runs/impl_1/lab10.bit} [get_hw_devices xc7a35t_0]
program_hw_devices [get_hw_devices xc7a35t_0]
INFO: [Labtools 27-3164] End of startup status: HIGH
refresh_hw_device [lindex [get_hw_devices xc7a35t_0] 0]
INFO: [Labtools 27-1434] Device xc7a35t (JTAG device index = 0) is programmed with a design that has no supported debug core(s) in it.
reset_run synth_1
WARNING: [Vivado 12-1017] Problems encountered:
1. Failed to delete one or more files in run directory D:/109550134/Lab10/lab10/lab10.runs/synth_1

launch_runs impl_1 -to_step write_bitstream -jobs 3
[Sun Dec 12 22:11:05 2021] Launched synth_1...
Run output will be captured here: D:/109550134/Lab10/lab10/lab10.runs/synth_1/runme.log
[Sun Dec 12 22:11:05 2021] Launched impl_1...
Run output will be captured here: D:/109550134/Lab10/lab10/lab10.runs/impl_1/runme.log
reset_run synth_1
WARNING: [Vivado 12-1017] Problems encountered:
1. Failed to delete one or more files in run directory D:/109550134/Lab10/lab10/lab10.runs/synth_1

launch_runs impl_1 -to_step write_bitstream -jobs 3
[Sun Dec 12 22:21:29 2021] Launched synth_1...
Run output will be captured here: D:/109550134/Lab10/lab10/lab10.runs/synth_1/runme.log
[Sun Dec 12 22:21:29 2021] Launched impl_1...
Run output will be captured here: D:/109550134/Lab10/lab10/lab10.runs/impl_1/runme.log
reset_run impl_1
reset_run synth_1
WARNING: [Vivado 12-1017] Problems encountered:
1. Failed to delete one or more files in run directory D:/109550134/Lab10/lab10/lab10.runs/synth_1

launch_runs impl_1 -to_step write_bitstream -jobs 3
[Sun Dec 12 22:23:14 2021] Launched synth_1...
Run output will be captured here: D:/109550134/Lab10/lab10/lab10.runs/synth_1/runme.log
[Sun Dec 12 22:23:14 2021] Launched impl_1...
Run output will be captured here: D:/109550134/Lab10/lab10/lab10.runs/impl_1/runme.log
set_property PROBES.FILE {} [get_hw_devices xc7a35t_0]
set_property FULL_PROBES.FILE {} [get_hw_devices xc7a35t_0]
set_property PROGRAM.FILE {D:/109550134/Lab10/lab10/lab10.runs/impl_1/lab10.bit} [get_hw_devices xc7a35t_0]
program_hw_devices [get_hw_devices xc7a35t_0]
INFO: [Labtools 27-3164] End of startup status: HIGH
refresh_hw_device [lindex [get_hw_devices xc7a35t_0] 0]
INFO: [Labtools 27-1434] Device xc7a35t (JTAG device index = 0) is programmed with a design that has no supported debug core(s) in it.
