#-----------------------------------------------------------
# Vivado v2021.1 (64-bit)
# SW Build 3247384 on Thu Jun 10 19:36:33 MDT 2021
# IP Build 3246043 on Fri Jun 11 00:30:35 MDT 2021
# Start of session at: Sat Dec 11 17:52:35 2021
# Process ID: 12220
# Current directory: D:/109550134/Lab10/lab10
# Command line: vivado.exe -gui_launcher_event rodinguilauncherevent11080 D:\109550134\Lab10\lab10\lab10.xpr
# Log file: D:/109550134/Lab10/lab10/vivado.log
# Journal file: D:/109550134/Lab10/lab10\vivado.jou
#-----------------------------------------------------------
start_gui
open_project D:/109550134/Lab10/lab10/lab10.xpr
WARNING: [filemgmt 56-3] Default IP Output Path : Could not find the directory 'D:/109550134/Lab10/lab10/lab10.gen/sources_1'.
Scanning sources...
Finished scanning sources
INFO: [IP_Flow 19-234] Refreshing IP repositories
INFO: [IP_Flow 19-1704] No user IP repositories specified
INFO: [IP_Flow 19-2313] Loaded Vivado IP repository 'C:/Xilinx/Vivado/2021.1/data/ip'.
update_compile_order -fileset sources_1
add_files -norecurse D:/109550134/Lab10/lab10/lab10.srcs/sources_1/sramf1.v
WARNING: [filemgmt 56-12] File 'D:/109550134/Lab10/lab10/lab10.srcs/sources_1/sramf1.v' cannot be added to the project because it already exists in the project, skipping this file
update_compile_order -fileset sources_1
reset_run synth_1
WARNING: [Vivado 12-1017] Problems encountered:
1. Failed to delete one or more files in run directory D:/109550134/Lab10/lab10/lab10.runs/synth_1

launch_runs impl_1 -to_step write_bitstream -jobs 3
[Sat Dec 11 18:05:42 2021] Launched synth_1...
Run output will be captured here: D:/109550134/Lab10/lab10/lab10.runs/synth_1/runme.log
[Sat Dec 11 18:05:42 2021] Launched impl_1...
Run output will be captured here: D:/109550134/Lab10/lab10/lab10.runs/impl_1/runme.log
open_hw_manager
connect_hw_server -allow_non_jtag
INFO: [Labtools 27-2285] Connecting to hw_server url TCP:localhost:3121
INFO: [Labtools 27-3415] Connecting to cs_server url TCP:localhost:3042
INFO: [Labtools 27-3414] Connected to existing cs_server.
open_hw_target
INFO: [Labtoolstcl 44-466] Opening hw_target localhost:3121/xilinx_tcf/Digilent/210319B3E516A
open_hw_target: Time (s): cpu = 00:00:05 ; elapsed = 00:00:06 . Memory (MB): peak = 2720.488 ; gain = 1268.477
set_property PROGRAM.FILE {D:/109550134/Lab10/lab10/lab10.runs/impl_1/lab10.bit} [get_hw_devices xc7a35t_0]
current_hw_device [get_hw_devices xc7a35t_0]
refresh_hw_device -update_hw_probes false [lindex [get_hw_devices xc7a35t_0] 0]
INFO: [Labtools 27-1434] Device xc7a35t (JTAG device index = 0) is programmed with a design that has no supported debug core(s) in it.
set_property PROBES.FILE {} [get_hw_devices xc7a35t_0]
set_property FULL_PROBES.FILE {} [get_hw_devices xc7a35t_0]
set_property PROGRAM.FILE {D:/109550134/Lab10/lab10/lab10.runs/impl_1/lab10.bit} [get_hw_devices xc7a35t_0]
program_hw_devices [get_hw_devices xc7a35t_0]
INFO: [Labtools 27-3164] End of startup status: HIGH
refresh_hw_device [lindex [get_hw_devices xc7a35t_0] 0]
INFO: [Labtools 27-1434] Device xc7a35t (JTAG device index = 0) is programmed with a design that has no supported debug core(s) in it.
reset_run synth_1
WARNING: [Vivado 12-1017] Problems encountered:
1. Failed to delete one or more files in run directory D:/109550134/Lab10/lab10/lab10.runs/synth_1

launch_runs impl_1 -to_step write_bitstream -jobs 3
[Sat Dec 11 18:13:07 2021] Launched synth_1...
Run output will be captured here: D:/109550134/Lab10/lab10/lab10.runs/synth_1/runme.log
[Sat Dec 11 18:13:07 2021] Launched impl_1...
Run output will be captured here: D:/109550134/Lab10/lab10/lab10.runs/impl_1/runme.log
open_run impl_1
INFO: [Device 21-403] Loading part xc7a35ticsg324-1L
Netlist sorting complete. Time (s): cpu = 00:00:00 ; elapsed = 00:00:00.005 . Memory (MB): peak = 3062.293 ; gain = 0.000
INFO: [Netlist 29-17] Analyzing 65 Unisim elements for replacement
INFO: [Netlist 29-28] Unisim Transformation completed in 0 CPU seconds
INFO: [Project 1-479] Netlist was created with Vivado 2021.1
INFO: [Project 1-570] Preparing netlist for logic optimization
INFO: [Common 17-41] Interrupt caught. Command should exit soon.
INFO: [Timing 38-478] Restoring timing data from binary archive.
INFO: [Timing 38-479] Binary timing data restore complete.
INFO: [Project 1-856] Restoring constraints from binary archive.
INFO: [Project 1-853] Binary constraint restore complete.
Reading XDEF placement.
Reading placer database...
Reading XDEF routing.
Restored from archive | CPU: 1.000000 secs | Memory: 0.000000 MB |
Finished XDEF File Restore: Time (s): cpu = 00:00:01 ; elapsed = 00:00:00.048 . Memory (MB): peak = 3713.035 ; gain = 0.000
open_run: Time (s): cpu = 00:00:12 ; elapsed = 00:00:12 . Memory (MB): peak = 3713.035 ; gain = 923.879
INFO: [Common 17-344] 'open_run' was cancelled
set_property PROBES.FILE {} [get_hw_devices xc7a35t_0]
set_property FULL_PROBES.FILE {} [get_hw_devices xc7a35t_0]
set_property PROGRAM.FILE {D:/109550134/Lab10/lab10/lab10.runs/impl_1/lab10.bit} [get_hw_devices xc7a35t_0]
program_hw_devices [get_hw_devices xc7a35t_0]
INFO: [Labtools 27-3164] End of startup status: HIGH
refresh_hw_device [lindex [get_hw_devices xc7a35t_0] 0]
INFO: [Labtools 27-1434] Device xc7a35t (JTAG device index = 0) is programmed with a design that has no supported debug core(s) in it.
reset_run synth_1
WARNING: [Vivado 12-1017] Problems encountered:
1. Failed to delete one or more files in run directory D:/109550134/Lab10/lab10/lab10.runs/synth_1

launch_runs impl_1 -to_step write_bitstream -jobs 3
[Sat Dec 11 18:20:37 2021] Launched synth_1...
Run output will be captured here: D:/109550134/Lab10/lab10/lab10.runs/synth_1/runme.log
[Sat Dec 11 18:20:37 2021] Launched impl_1...
Run output will be captured here: D:/109550134/Lab10/lab10/lab10.runs/impl_1/runme.log
set_property PROBES.FILE {} [get_hw_devices xc7a35t_0]
set_property FULL_PROBES.FILE {} [get_hw_devices xc7a35t_0]
set_property PROGRAM.FILE {D:/109550134/Lab10/lab10/lab10.runs/impl_1/lab10.bit} [get_hw_devices xc7a35t_0]
program_hw_devices [get_hw_devices xc7a35t_0]
INFO: [Labtools 27-3164] End of startup status: HIGH
refresh_hw_device [lindex [get_hw_devices xc7a35t_0] 0]
INFO: [Labtools 27-1434] Device xc7a35t (JTAG device index = 0) is programmed with a design that has no supported debug core(s) in it.
reset_run synth_1
WARNING: [Vivado 12-1017] Problems encountered:
1. Failed to delete one or more files in run directory D:/109550134/Lab10/lab10/lab10.runs/synth_1

launch_runs impl_1 -to_step write_bitstream -jobs 3
[Sat Dec 11 18:32:30 2021] Launched synth_1...
Run output will be captured here: D:/109550134/Lab10/lab10/lab10.runs/synth_1/runme.log
[Sat Dec 11 18:32:30 2021] Launched impl_1...
Run output will be captured here: D:/109550134/Lab10/lab10/lab10.runs/impl_1/runme.log
set_property PROBES.FILE {} [get_hw_devices xc7a35t_0]
set_property FULL_PROBES.FILE {} [get_hw_devices xc7a35t_0]
set_property PROGRAM.FILE {D:/109550134/Lab10/lab10/lab10.runs/impl_1/lab10.bit} [get_hw_devices xc7a35t_0]
program_hw_devices [get_hw_devices xc7a35t_0]
INFO: [Labtools 27-3164] End of startup status: HIGH
refresh_hw_device [lindex [get_hw_devices xc7a35t_0] 0]
INFO: [Labtools 27-1434] Device xc7a35t (JTAG device index = 0) is programmed with a design that has no supported debug core(s) in it.
reset_run synth_1
WARNING: [Vivado 12-1017] Problems encountered:
1. Failed to delete one or more files in run directory D:/109550134/Lab10/lab10/lab10.runs/synth_1

launch_runs impl_1 -to_step write_bitstream -jobs 3
[Sat Dec 11 18:38:07 2021] Launched synth_1...
Run output will be captured here: D:/109550134/Lab10/lab10/lab10.runs/synth_1/runme.log
[Sat Dec 11 18:38:07 2021] Launched impl_1...
Run output will be captured here: D:/109550134/Lab10/lab10/lab10.runs/impl_1/runme.log
set_property PROBES.FILE {} [get_hw_devices xc7a35t_0]
set_property FULL_PROBES.FILE {} [get_hw_devices xc7a35t_0]
set_property PROGRAM.FILE {D:/109550134/Lab10/lab10/lab10.runs/impl_1/lab10.bit} [get_hw_devices xc7a35t_0]
program_hw_devices [get_hw_devices xc7a35t_0]
INFO: [Labtools 27-3164] End of startup status: HIGH
refresh_hw_device [lindex [get_hw_devices xc7a35t_0] 0]
INFO: [Labtools 27-1434] Device xc7a35t (JTAG device index = 0) is programmed with a design that has no supported debug core(s) in it.
reset_run impl_1 -prev_step 
launch_runs impl_1 -to_step write_bitstream -jobs 3
WARNING: [Vivado 12-872] Run step 'Design Initialization' is out-of-date.
[Sat Dec 11 18:43:50 2021] Launched impl_1...
Run output will be captured here: D:/109550134/Lab10/lab10/lab10.runs/impl_1/runme.log
reset_run impl_1 -prev_step 
WARNING: [Vivado 12-1017] Problems encountered:
1. PID not specified

reset_run impl_1 -prev_step 
WARNING: [Vivado 12-1017] Problems encountered:
1. PID not specified

reset_run synth_1
WARNING: [Vivado 12-1017] Problems encountered:
1. Failed to delete one or more files in run directory D:/109550134/Lab10/lab10/lab10.runs/synth_1

launch_runs impl_1 -to_step write_bitstream -jobs 3
[Sat Dec 11 18:44:30 2021] Launched synth_1...
Run output will be captured here: D:/109550134/Lab10/lab10/lab10.runs/synth_1/runme.log
[Sat Dec 11 18:44:30 2021] Launched impl_1...
Run output will be captured here: D:/109550134/Lab10/lab10/lab10.runs/impl_1/runme.log
set_property PROBES.FILE {} [get_hw_devices xc7a35t_0]
set_property FULL_PROBES.FILE {} [get_hw_devices xc7a35t_0]
set_property PROGRAM.FILE {D:/109550134/Lab10/lab10/lab10.runs/impl_1/lab10.bit} [get_hw_devices xc7a35t_0]
program_hw_devices [get_hw_devices xc7a35t_0]
INFO: [Labtools 27-3164] End of startup status: HIGH
refresh_hw_device [lindex [get_hw_devices xc7a35t_0] 0]
INFO: [Labtools 27-1434] Device xc7a35t (JTAG device index = 0) is programmed with a design that has no supported debug core(s) in it.
reset_run synth_1
WARNING: [Vivado 12-1017] Problems encountered:
1. Failed to delete one or more files in run directory D:/109550134/Lab10/lab10/lab10.runs/synth_1

launch_runs impl_1 -to_step write_bitstream -jobs 3
[Sat Dec 11 18:52:11 2021] Launched synth_1...
Run output will be captured here: D:/109550134/Lab10/lab10/lab10.runs/synth_1/runme.log
[Sat Dec 11 18:52:11 2021] Launched impl_1...
Run output will be captured here: D:/109550134/Lab10/lab10/lab10.runs/impl_1/runme.log
set_property PROBES.FILE {} [get_hw_devices xc7a35t_0]
set_property FULL_PROBES.FILE {} [get_hw_devices xc7a35t_0]
set_property PROGRAM.FILE {D:/109550134/Lab10/lab10/lab10.runs/impl_1/lab10.bit} [get_hw_devices xc7a35t_0]
program_hw_devices [get_hw_devices xc7a35t_0]
INFO: [Labtools 27-3164] End of startup status: HIGH
refresh_hw_device [lindex [get_hw_devices xc7a35t_0] 0]
INFO: [Labtools 27-1434] Device xc7a35t (JTAG device index = 0) is programmed with a design that has no supported debug core(s) in it.
ERROR: [Labtoolstcl 44-513] HW Target shutdown. Closing target: localhost:3121/xilinx_tcf/Digilent/210319B3E516A
INFO: [Labtoolstcl 44-466] Opening hw_target localhost:3121/xilinx_tcf/Digilent/210319B3E516A
INFO: [Labtools 27-1434] Device xc7a35t (JTAG device index = 0) is programmed with a design that has no supported debug core(s) in it.
WARNING: [Labtoolstcl 44-129] No matching hw_ila_data was found.
set_property PROBES.FILE {} [get_hw_devices xc7a35t_0]
set_property FULL_PROBES.FILE {} [get_hw_devices xc7a35t_0]
set_property PROGRAM.FILE {D:/109550134/Lab10/lab10/lab10.runs/impl_1/lab10.bit} [get_hw_devices xc7a35t_0]
program_hw_devices [get_hw_devices xc7a35t_0]
INFO: [Labtools 27-3164] End of startup status: HIGH
refresh_hw_device [lindex [get_hw_devices xc7a35t_0] 0]
INFO: [Labtools 27-1434] Device xc7a35t (JTAG device index = 0) is programmed with a design that has no supported debug core(s) in it.
reset_run synth_1
WARNING: [Vivado 12-1017] Problems encountered:
1. Failed to delete one or more files in run directory D:/109550134/Lab10/lab10/lab10.runs/synth_1

launch_runs impl_1 -to_step write_bitstream -jobs 3
[Sat Dec 11 19:00:57 2021] Launched synth_1...
Run output will be captured here: D:/109550134/Lab10/lab10/lab10.runs/synth_1/runme.log
[Sat Dec 11 19:00:57 2021] Launched impl_1...
Run output will be captured here: D:/109550134/Lab10/lab10/lab10.runs/impl_1/runme.log
set_property PROBES.FILE {} [get_hw_devices xc7a35t_0]
set_property FULL_PROBES.FILE {} [get_hw_devices xc7a35t_0]
set_property PROGRAM.FILE {D:/109550134/Lab10/lab10/lab10.runs/impl_1/lab10.bit} [get_hw_devices xc7a35t_0]
program_hw_devices [get_hw_devices xc7a35t_0]
INFO: [Labtools 27-3164] End of startup status: HIGH
refresh_hw_device [lindex [get_hw_devices xc7a35t_0] 0]
INFO: [Labtools 27-1434] Device xc7a35t (JTAG device index = 0) is programmed with a design that has no supported debug core(s) in it.
reset_run synth_1
WARNING: [Vivado 12-1017] Problems encountered:
1. Failed to delete one or more files in run directory D:/109550134/Lab10/lab10/lab10.runs/synth_1

launch_runs impl_1 -to_step write_bitstream -jobs 3
[Sat Dec 11 19:06:38 2021] Launched synth_1...
Run output will be captured here: D:/109550134/Lab10/lab10/lab10.runs/synth_1/runme.log
[Sat Dec 11 19:06:38 2021] Launched impl_1...
Run output will be captured here: D:/109550134/Lab10/lab10/lab10.runs/impl_1/runme.log
set_property PROBES.FILE {} [get_hw_devices xc7a35t_0]
set_property FULL_PROBES.FILE {} [get_hw_devices xc7a35t_0]
set_property PROGRAM.FILE {D:/109550134/Lab10/lab10/lab10.runs/impl_1/lab10.bit} [get_hw_devices xc7a35t_0]
program_hw_devices [get_hw_devices xc7a35t_0]
INFO: [Labtools 27-3164] End of startup status: HIGH
refresh_hw_device [lindex [get_hw_devices xc7a35t_0] 0]
INFO: [Labtools 27-1434] Device xc7a35t (JTAG device index = 0) is programmed with a design that has no supported debug core(s) in it.
add_files -norecurse {D:/109550134/Lab10/lab10/lab10.srcs/sources_1/sramf2.v D:/109550134/Lab10/lab10/lab10.srcs/sources_1/sramf3.v}
update_compile_order -fileset sources_1
update_compile_order -fileset sources_1
update_compile_order -fileset sources_1
update_compile_order -fileset sources_1
reset_run synth_1
WARNING: [Vivado 12-1017] Problems encountered:
1. Failed to delete one or more files in run directory D:/109550134/Lab10/lab10/lab10.runs/synth_1

launch_runs impl_1 -to_step write_bitstream -jobs 3
[Sat Dec 11 19:35:45 2021] Launched synth_1...
Run output will be captured here: D:/109550134/Lab10/lab10/lab10.runs/synth_1/runme.log
[Sat Dec 11 19:35:45 2021] Launched impl_1...
Run output will be captured here: D:/109550134/Lab10/lab10/lab10.runs/impl_1/runme.log
launch_runs impl_1 -to_step write_bitstream -jobs 3
WARNING: [Vivado 12-872] Run step 'Design Initialization' is out-of-date.
[Sat Dec 11 19:47:59 2021] Launched impl_1...
Run output will be captured here: D:/109550134/Lab10/lab10/lab10.runs/impl_1/runme.log
reset_run synth_1
WARNING: [Vivado 12-1017] Problems encountered:
1. Failed to delete one or more files in run directory D:/109550134/Lab10/lab10/lab10.runs/synth_1

launch_runs impl_1 -to_step write_bitstream -jobs 3
[Sat Dec 11 19:48:09 2021] Launched synth_1...
Run output will be captured here: D:/109550134/Lab10/lab10/lab10.runs/synth_1/runme.log
[Sat Dec 11 19:48:10 2021] Launched impl_1...
Run output will be captured here: D:/109550134/Lab10/lab10/lab10.runs/impl_1/runme.log
refresh_hw_device [lindex [get_hw_devices xc7a35t_0] 0]
INFO: [Labtools 27-1434] Device xc7a35t (JTAG device index = 0) is programmed with a design that has no supported debug core(s) in it.
reset_run synth_1
WARNING: [Vivado 12-1017] Problems encountered:
1. Failed to delete one or more files in run directory D:/109550134/Lab10/lab10/lab10.runs/synth_1

launch_runs impl_1 -jobs 3
[Sat Dec 11 19:51:29 2021] Launched synth_1...
Run output will be captured here: D:/109550134/Lab10/lab10/lab10.runs/synth_1/runme.log
[Sat Dec 11 19:51:29 2021] Launched impl_1...
Run output will be captured here: D:/109550134/Lab10/lab10/lab10.runs/impl_1/runme.log
reset_run impl_1
reset_run synth_1
WARNING: [Vivado 12-1017] Problems encountered:
1. Failed to delete one or more files in run directory D:/109550134/Lab10/lab10/lab10.runs/synth_1

launch_runs impl_1 -to_step write_bitstream -jobs 3
[Sat Dec 11 19:54:47 2021] Launched synth_1...
Run output will be captured here: D:/109550134/Lab10/lab10/lab10.runs/synth_1/runme.log
[Sat Dec 11 19:54:47 2021] Launched impl_1...
Run output will be captured here: D:/109550134/Lab10/lab10/lab10.runs/impl_1/runme.log
set_property PROBES.FILE {} [get_hw_devices xc7a35t_0]
set_property FULL_PROBES.FILE {} [get_hw_devices xc7a35t_0]
set_property PROGRAM.FILE {D:/109550134/Lab10/lab10/lab10.runs/impl_1/lab10.bit} [get_hw_devices xc7a35t_0]
program_hw_devices [get_hw_devices xc7a35t_0]
INFO: [Labtools 27-3164] End of startup status: HIGH
refresh_hw_device [lindex [get_hw_devices xc7a35t_0] 0]
INFO: [Labtools 27-1434] Device xc7a35t (JTAG device index = 0) is programmed with a design that has no supported debug core(s) in it.
update_compile_order -fileset sources_1
reset_run synth_1
WARNING: [Vivado 12-1017] Problems encountered:
1. Failed to delete one or more files in run directory D:/109550134/Lab10/lab10/lab10.runs/synth_1

launch_runs impl_1 -to_step write_bitstream -jobs 3
[Sat Dec 11 20:02:46 2021] Launched synth_1...
Run output will be captured here: D:/109550134/Lab10/lab10/lab10.runs/synth_1/runme.log
[Sat Dec 11 20:02:46 2021] Launched impl_1...
Run output will be captured here: D:/109550134/Lab10/lab10/lab10.runs/impl_1/runme.log
set_property PROBES.FILE {} [get_hw_devices xc7a35t_0]
set_property FULL_PROBES.FILE {} [get_hw_devices xc7a35t_0]
set_property PROGRAM.FILE {D:/109550134/Lab10/lab10/lab10.runs/impl_1/lab10.bit} [get_hw_devices xc7a35t_0]
program_hw_devices [get_hw_devices xc7a35t_0]
INFO: [Labtools 27-3164] End of startup status: HIGH
refresh_hw_device [lindex [get_hw_devices xc7a35t_0] 0]
INFO: [Labtools 27-1434] Device xc7a35t (JTAG device index = 0) is programmed with a design that has no supported debug core(s) in it.
reset_run synth_1
WARNING: [Vivado 12-1017] Problems encountered:
1. Failed to delete one or more files in run directory D:/109550134/Lab10/lab10/lab10.runs/synth_1

launch_runs impl_1 -to_step write_bitstream -jobs 3
[Sat Dec 11 20:08:05 2021] Launched synth_1...
Run output will be captured here: D:/109550134/Lab10/lab10/lab10.runs/synth_1/runme.log
[Sat Dec 11 20:08:05 2021] Launched impl_1...
Run output will be captured here: D:/109550134/Lab10/lab10/lab10.runs/impl_1/runme.log
set_property PROBES.FILE {} [get_hw_devices xc7a35t_0]
set_property FULL_PROBES.FILE {} [get_hw_devices xc7a35t_0]
set_property PROGRAM.FILE {D:/109550134/Lab10/lab10/lab10.runs/impl_1/lab10.bit} [get_hw_devices xc7a35t_0]
program_hw_devices [get_hw_devices xc7a35t_0]
INFO: [Labtools 27-3164] End of startup status: HIGH
refresh_hw_device [lindex [get_hw_devices xc7a35t_0] 0]
INFO: [Labtools 27-1434] Device xc7a35t (JTAG device index = 0) is programmed with a design that has no supported debug core(s) in it.
open_run impl_1
Netlist sorting complete. Time (s): cpu = 00:00:00 ; elapsed = 00:00:00.006 . Memory (MB): peak = 3713.035 ; gain = 0.000
INFO: [Netlist 29-17] Analyzing 92 Unisim elements for replacement
INFO: [Netlist 29-28] Unisim Transformation completed in 0 CPU seconds
INFO: [Project 1-479] Netlist was created with Vivado 2021.1
INFO: [Project 1-570] Preparing netlist for logic optimization
INFO: [Timing 38-478] Restoring timing data from binary archive.
INFO: [Timing 38-479] Binary timing data restore complete.
INFO: [Project 1-856] Restoring constraints from binary archive.
INFO: [Project 1-853] Binary constraint restore complete.
Reading XDEF placement.
Reading placer database...
Reading XDEF routing.
Read XDEF File: Time (s): cpu = 00:00:00 ; elapsed = 00:00:00.149 . Memory (MB): peak = 3752.707 ; gain = 0.000
Restored from archive | CPU: 0.000000 secs | Memory: 0.000000 MB |
Finished XDEF File Restore: Time (s): cpu = 00:00:00 ; elapsed = 00:00:00.149 . Memory (MB): peak = 3752.707 ; gain = 0.000
Netlist sorting complete. Time (s): cpu = 00:00:00 ; elapsed = 00:00:00 . Memory (MB): peak = 3752.707 ; gain = 0.000
INFO: [Project 1-111] Unisim Transformation Summary:
No Unisim elements were transformed.

CRITICAL WARNING: [Timing 38-282] The design failed to meet the timing requirements. Please see the timing summary report for details on the timing violations.
reset_run synth_1
WARNING: [Vivado 12-1017] Problems encountered:
1. Failed to delete one or more files in run directory D:/109550134/Lab10/lab10/lab10.runs/synth_1

launch_runs impl_1 -to_step write_bitstream -jobs 3
[Sat Dec 11 20:15:17 2021] Launched synth_1...
Run output will be captured here: D:/109550134/Lab10/lab10/lab10.runs/synth_1/runme.log
[Sat Dec 11 20:15:17 2021] Launched impl_1...
Run output will be captured here: D:/109550134/Lab10/lab10/lab10.runs/impl_1/runme.log
close_design
set_property PROBES.FILE {} [get_hw_devices xc7a35t_0]
set_property FULL_PROBES.FILE {} [get_hw_devices xc7a35t_0]
set_property PROGRAM.FILE {D:/109550134/Lab10/lab10/lab10.runs/impl_1/lab10.bit} [get_hw_devices xc7a35t_0]
program_hw_devices [get_hw_devices xc7a35t_0]
INFO: [Labtools 27-3164] End of startup status: HIGH
refresh_hw_device [lindex [get_hw_devices xc7a35t_0] 0]
INFO: [Labtools 27-1434] Device xc7a35t (JTAG device index = 0) is programmed with a design that has no supported debug core(s) in it.
reset_run synth_1
WARNING: [Vivado 12-1017] Problems encountered:
1. Failed to delete one or more files in run directory D:/109550134/Lab10/lab10/lab10.runs/synth_1

launch_runs impl_1 -to_step write_bitstream -jobs 3
[Sat Dec 11 20:26:24 2021] Launched synth_1...
Run output will be captured here: D:/109550134/Lab10/lab10/lab10.runs/synth_1/runme.log
[Sat Dec 11 20:26:24 2021] Launched impl_1...
Run output will be captured here: D:/109550134/Lab10/lab10/lab10.runs/impl_1/runme.log
reset_run synth_1
WARNING: [Vivado 12-1017] Problems encountered:
1. Failed to delete one or more files in run directory D:/109550134/Lab10/lab10/lab10.runs/synth_1

launch_runs impl_1 -to_step write_bitstream -jobs 3
[Sat Dec 11 20:32:34 2021] Launched synth_1...
Run output will be captured here: D:/109550134/Lab10/lab10/lab10.runs/synth_1/runme.log
[Sat Dec 11 20:32:34 2021] Launched impl_1...
Run output will be captured here: D:/109550134/Lab10/lab10/lab10.runs/impl_1/runme.log
set_property PROBES.FILE {} [get_hw_devices xc7a35t_0]
set_property FULL_PROBES.FILE {} [get_hw_devices xc7a35t_0]
set_property PROGRAM.FILE {D:/109550134/Lab10/lab10/lab10.runs/impl_1/lab10.bit} [get_hw_devices xc7a35t_0]
program_hw_devices [get_hw_devices xc7a35t_0]
INFO: [Labtools 27-3164] End of startup status: HIGH
refresh_hw_device [lindex [get_hw_devices xc7a35t_0] 0]
INFO: [Labtools 27-1434] Device xc7a35t (JTAG device index = 0) is programmed with a design that has no supported debug core(s) in it.
reset_run synth_1
WARNING: [Vivado 12-1017] Problems encountered:
1. Failed to delete one or more files in run directory D:/109550134/Lab10/lab10/lab10.runs/synth_1

launch_runs impl_1 -to_step write_bitstream -jobs 3
[Sat Dec 11 20:47:21 2021] Launched synth_1...
Run output will be captured here: D:/109550134/Lab10/lab10/lab10.runs/synth_1/runme.log
[Sat Dec 11 20:47:21 2021] Launched impl_1...
Run output will be captured here: D:/109550134/Lab10/lab10/lab10.runs/impl_1/runme.log
set_property PROBES.FILE {} [get_hw_devices xc7a35t_0]
set_property FULL_PROBES.FILE {} [get_hw_devices xc7a35t_0]
set_property PROGRAM.FILE {D:/109550134/Lab10/lab10/lab10.runs/impl_1/lab10.bit} [get_hw_devices xc7a35t_0]
program_hw_devices [get_hw_devices xc7a35t_0]
INFO: [Labtools 27-3164] End of startup status: HIGH
refresh_hw_device [lindex [get_hw_devices xc7a35t_0] 0]
INFO: [Labtools 27-1434] Device xc7a35t (JTAG device index = 0) is programmed with a design that has no supported debug core(s) in it.
reset_run synth_1
WARNING: [Vivado 12-1017] Problems encountered:
1. Failed to delete one or more files in run directory D:/109550134/Lab10/lab10/lab10.runs/synth_1

launch_runs impl_1 -to_step write_bitstream -jobs 3
[Sat Dec 11 20:56:19 2021] Launched synth_1...
Run output will be captured here: D:/109550134/Lab10/lab10/lab10.runs/synth_1/runme.log
[Sat Dec 11 20:56:19 2021] Launched impl_1...
Run output will be captured here: D:/109550134/Lab10/lab10/lab10.runs/impl_1/runme.log
reset_run synth_1
WARNING: [Vivado 12-1017] Problems encountered:
1. Failed to delete one or more files in run directory D:/109550134/Lab10/lab10/lab10.runs/synth_1

launch_runs impl_1 -to_step write_bitstream -jobs 3
[Sat Dec 11 21:07:19 2021] Launched synth_1...
Run output will be captured here: D:/109550134/Lab10/lab10/lab10.runs/synth_1/runme.log
[Sat Dec 11 21:07:19 2021] Launched impl_1...
Run output will be captured here: D:/109550134/Lab10/lab10/lab10.runs/impl_1/runme.log
reset_run synth_1
WARNING: [Vivado 12-1017] Problems encountered:
1. Failed to delete one or more files in run directory D:/109550134/Lab10/lab10/lab10.runs/synth_1

launch_runs impl_1 -to_step write_bitstream -jobs 3
[Sat Dec 11 21:16:15 2021] Launched synth_1...
Run output will be captured here: D:/109550134/Lab10/lab10/lab10.runs/synth_1/runme.log
[Sat Dec 11 21:16:15 2021] Launched impl_1...
Run output will be captured here: D:/109550134/Lab10/lab10/lab10.runs/impl_1/runme.log
update_compile_order -fileset sources_1
reset_run synth_1
WARNING: [Vivado 12-1017] Problems encountered:
1. Failed to delete one or more files in run directory D:/109550134/Lab10/lab10/lab10.runs/synth_1

launch_runs impl_1 -to_step write_bitstream -jobs 3
[Sat Dec 11 21:24:42 2021] Launched synth_1...
Run output will be captured here: D:/109550134/Lab10/lab10/lab10.runs/synth_1/runme.log
[Sat Dec 11 21:24:42 2021] Launched impl_1...
Run output will be captured here: D:/109550134/Lab10/lab10/lab10.runs/impl_1/runme.log
set_property PROBES.FILE {} [get_hw_devices xc7a35t_0]
set_property FULL_PROBES.FILE {} [get_hw_devices xc7a35t_0]
set_property PROGRAM.FILE {D:/109550134/Lab10/lab10/lab10.runs/impl_1/lab10.bit} [get_hw_devices xc7a35t_0]
program_hw_devices [get_hw_devices xc7a35t_0]
INFO: [Labtools 27-3164] End of startup status: HIGH
refresh_hw_device [lindex [get_hw_devices xc7a35t_0] 0]
INFO: [Labtools 27-1434] Device xc7a35t (JTAG device index = 0) is programmed with a design that has no supported debug core(s) in it.
set_property PROBES.FILE {} [get_hw_devices xc7a35t_0]
set_property FULL_PROBES.FILE {} [get_hw_devices xc7a35t_0]
set_property PROGRAM.FILE {D:/109550134/Lab10/lab10/lab10.runs/impl_1/lab10.bit} [get_hw_devices xc7a35t_0]
program_hw_devices [get_hw_devices xc7a35t_0]
INFO: [Labtools 27-3164] End of startup status: HIGH
refresh_hw_device [lindex [get_hw_devices xc7a35t_0] 0]
INFO: [Labtools 27-1434] Device xc7a35t (JTAG device index = 0) is programmed with a design that has no supported debug core(s) in it.
reset_run synth_1
WARNING: [Vivado 12-1017] Problems encountered:
1. Failed to delete one or more files in run directory D:/109550134/Lab10/lab10/lab10.runs/synth_1

launch_runs impl_1 -to_step write_bitstream -jobs 3
[Sat Dec 11 21:28:24 2021] Launched synth_1...
Run output will be captured here: D:/109550134/Lab10/lab10/lab10.runs/synth_1/runme.log
[Sat Dec 11 21:28:24 2021] Launched impl_1...
Run output will be captured here: D:/109550134/Lab10/lab10/lab10.runs/impl_1/runme.log
set_property PROBES.FILE {} [get_hw_devices xc7a35t_0]
set_property FULL_PROBES.FILE {} [get_hw_devices xc7a35t_0]
set_property PROGRAM.FILE {D:/109550134/Lab10/lab10/lab10.runs/impl_1/lab10.bit} [get_hw_devices xc7a35t_0]
program_hw_devices [get_hw_devices xc7a35t_0]
INFO: [Labtools 27-3164] End of startup status: HIGH
refresh_hw_device [lindex [get_hw_devices xc7a35t_0] 0]
INFO: [Labtools 27-1434] Device xc7a35t (JTAG device index = 0) is programmed with a design that has no supported debug core(s) in it.
reset_run synth_1
WARNING: [Vivado 12-1017] Problems encountered:
1. Failed to delete one or more files in run directory D:/109550134/Lab10/lab10/lab10.runs/synth_1

launch_runs impl_1 -to_step write_bitstream -jobs 3
[Sat Dec 11 21:36:01 2021] Launched synth_1...
Run output will be captured here: D:/109550134/Lab10/lab10/lab10.runs/synth_1/runme.log
[Sat Dec 11 21:36:01 2021] Launched impl_1...
Run output will be captured here: D:/109550134/Lab10/lab10/lab10.runs/impl_1/runme.log
set_property PROBES.FILE {} [get_hw_devices xc7a35t_0]
set_property FULL_PROBES.FILE {} [get_hw_devices xc7a35t_0]
set_property PROGRAM.FILE {D:/109550134/Lab10/lab10/lab10.runs/impl_1/lab10.bit} [get_hw_devices xc7a35t_0]
program_hw_devices [get_hw_devices xc7a35t_0]
INFO: [Labtools 27-3164] End of startup status: HIGH
refresh_hw_device [lindex [get_hw_devices xc7a35t_0] 0]
INFO: [Labtools 27-1434] Device xc7a35t (JTAG device index = 0) is programmed with a design that has no supported debug core(s) in it.
reset_run synth_1
WARNING: [Vivado 12-1017] Problems encountered:
1. Failed to delete one or more files in run directory D:/109550134/Lab10/lab10/lab10.runs/synth_1

launch_runs impl_1 -to_step write_bitstream -jobs 3
[Sat Dec 11 21:50:30 2021] Launched synth_1...
Run output will be captured here: D:/109550134/Lab10/lab10/lab10.runs/synth_1/runme.log
[Sat Dec 11 21:50:30 2021] Launched impl_1...
Run output will be captured here: D:/109550134/Lab10/lab10/lab10.runs/impl_1/runme.log
set_property PROBES.FILE {} [get_hw_devices xc7a35t_0]
set_property FULL_PROBES.FILE {} [get_hw_devices xc7a35t_0]
set_property PROGRAM.FILE {D:/109550134/Lab10/lab10/lab10.runs/impl_1/lab10.bit} [get_hw_devices xc7a35t_0]
program_hw_devices [get_hw_devices xc7a35t_0]
INFO: [Labtools 27-3164] End of startup status: HIGH
refresh_hw_device [lindex [get_hw_devices xc7a35t_0] 0]
INFO: [Labtools 27-1434] Device xc7a35t (JTAG device index = 0) is programmed with a design that has no supported debug core(s) in it.
reset_run synth_1
WARNING: [Vivado 12-1017] Problems encountered:
1. Failed to delete one or more files in run directory D:/109550134/Lab10/lab10/lab10.runs/synth_1

launch_runs impl_1 -to_step write_bitstream -jobs 3
[Sat Dec 11 22:01:20 2021] Launched synth_1...
Run output will be captured here: D:/109550134/Lab10/lab10/lab10.runs/synth_1/runme.log
[Sat Dec 11 22:01:20 2021] Launched impl_1...
Run output will be captured here: D:/109550134/Lab10/lab10/lab10.runs/impl_1/runme.log
reset_run impl_1
reset_run synth_1
WARNING: [Vivado 12-1017] Problems encountered:
1. Failed to delete one or more files in run directory D:/109550134/Lab10/lab10/lab10.runs/synth_1

launch_runs impl_1 -to_step write_bitstream -jobs 3
[Sat Dec 11 22:04:33 2021] Launched synth_1...
Run output will be captured here: D:/109550134/Lab10/lab10/lab10.runs/synth_1/runme.log
[Sat Dec 11 22:04:33 2021] Launched impl_1...
Run output will be captured here: D:/109550134/Lab10/lab10/lab10.runs/impl_1/runme.log
reset_run synth_1
WARNING: [Vivado 12-1017] Problems encountered:
1. Failed to delete one or more files in run directory D:/109550134/Lab10/lab10/lab10.runs/synth_1

launch_runs impl_1 -to_step write_bitstream -jobs 3
[Sat Dec 11 22:05:04 2021] Launched synth_1...
Run output will be captured here: D:/109550134/Lab10/lab10/lab10.runs/synth_1/runme.log
[Sat Dec 11 22:05:04 2021] Launched impl_1...
Run output will be captured here: D:/109550134/Lab10/lab10/lab10.runs/impl_1/runme.log
set_property PROBES.FILE {} [get_hw_devices xc7a35t_0]
set_property FULL_PROBES.FILE {} [get_hw_devices xc7a35t_0]
set_property PROGRAM.FILE {D:/109550134/Lab10/lab10/lab10.runs/impl_1/lab10.bit} [get_hw_devices xc7a35t_0]
program_hw_devices [get_hw_devices xc7a35t_0]
INFO: [Labtools 27-3164] End of startup status: HIGH
refresh_hw_device [lindex [get_hw_devices xc7a35t_0] 0]
INFO: [Labtools 27-1434] Device xc7a35t (JTAG device index = 0) is programmed with a design that has no supported debug core(s) in it.
reset_run synth_1
WARNING: [Vivado 12-1017] Problems encountered:
1. Failed to delete one or more files in run directory D:/109550134/Lab10/lab10/lab10.runs/synth_1

launch_runs impl_1 -to_step write_bitstream -jobs 3
[Sat Dec 11 22:14:06 2021] Launched synth_1...
Run output will be captured here: D:/109550134/Lab10/lab10/lab10.runs/synth_1/runme.log
[Sat Dec 11 22:14:06 2021] Launched impl_1...
Run output will be captured here: D:/109550134/Lab10/lab10/lab10.runs/impl_1/runme.log
set_property PROBES.FILE {} [get_hw_devices xc7a35t_0]
set_property FULL_PROBES.FILE {} [get_hw_devices xc7a35t_0]
set_property PROGRAM.FILE {D:/109550134/Lab10/lab10/lab10.runs/impl_1/lab10.bit} [get_hw_devices xc7a35t_0]
program_hw_devices [get_hw_devices xc7a35t_0]
INFO: [Labtools 27-3164] End of startup status: HIGH
refresh_hw_device [lindex [get_hw_devices xc7a35t_0] 0]
INFO: [Labtools 27-1434] Device xc7a35t (JTAG device index = 0) is programmed with a design that has no supported debug core(s) in it.
reset_run synth_1
WARNING: [Vivado 12-1017] Problems encountered:
1. Failed to delete one or more files in run directory D:/109550134/Lab10/lab10/lab10.runs/synth_1

launch_runs impl_1 -to_step write_bitstream -jobs 3
[Sat Dec 11 22:24:28 2021] Launched synth_1...
Run output will be captured here: D:/109550134/Lab10/lab10/lab10.runs/synth_1/runme.log
[Sat Dec 11 22:24:28 2021] Launched impl_1...
Run output will be captured here: D:/109550134/Lab10/lab10/lab10.runs/impl_1/runme.log
set_property PROBES.FILE {} [get_hw_devices xc7a35t_0]
set_property FULL_PROBES.FILE {} [get_hw_devices xc7a35t_0]
set_property PROGRAM.FILE {D:/109550134/Lab10/lab10/lab10.runs/impl_1/lab10.bit} [get_hw_devices xc7a35t_0]
program_hw_devices [get_hw_devices xc7a35t_0]
INFO: [Labtools 27-3164] End of startup status: HIGH
refresh_hw_device [lindex [get_hw_devices xc7a35t_0] 0]
INFO: [Labtools 27-1434] Device xc7a35t (JTAG device index = 0) is programmed with a design that has no supported debug core(s) in it.
reset_run synth_1
WARNING: [Vivado 12-1017] Problems encountered:
1. Failed to delete one or more files in run directory D:/109550134/Lab10/lab10/lab10.runs/synth_1

launch_runs impl_1 -to_step write_bitstream -jobs 3
[Sat Dec 11 22:30:46 2021] Launched synth_1...
Run output will be captured here: D:/109550134/Lab10/lab10/lab10.runs/synth_1/runme.log
[Sat Dec 11 22:30:46 2021] Launched impl_1...
Run output will be captured here: D:/109550134/Lab10/lab10/lab10.runs/impl_1/runme.log
set_property PROBES.FILE {} [get_hw_devices xc7a35t_0]
set_property FULL_PROBES.FILE {} [get_hw_devices xc7a35t_0]
set_property PROGRAM.FILE {D:/109550134/Lab10/lab10/lab10.runs/impl_1/lab10.bit} [get_hw_devices xc7a35t_0]
program_hw_devices [get_hw_devices xc7a35t_0]
INFO: [Labtools 27-3164] End of startup status: HIGH
refresh_hw_device [lindex [get_hw_devices xc7a35t_0] 0]
INFO: [Labtools 27-1434] Device xc7a35t (JTAG device index = 0) is programmed with a design that has no supported debug core(s) in it.
set_property PROBES.FILE {} [get_hw_devices xc7a35t_0]
set_property FULL_PROBES.FILE {} [get_hw_devices xc7a35t_0]
set_property PROGRAM.FILE {D:/109550134/Lab10/lab10/lab10.runs/impl_1/lab10.bit} [get_hw_devices xc7a35t_0]
program_hw_devices [get_hw_devices xc7a35t_0]
INFO: [Labtools 27-3164] End of startup status: HIGH
refresh_hw_device [lindex [get_hw_devices xc7a35t_0] 0]
INFO: [Labtools 27-1434] Device xc7a35t (JTAG device index = 0) is programmed with a design that has no supported debug core(s) in it.
reset_run synth_1
WARNING: [Vivado 12-1017] Problems encountered:
1. Failed to delete one or more files in run directory D:/109550134/Lab10/lab10/lab10.runs/synth_1

launch_runs impl_1 -to_step write_bitstream -jobs 3
[Sat Dec 11 22:43:08 2021] Launched synth_1...
Run output will be captured here: D:/109550134/Lab10/lab10/lab10.runs/synth_1/runme.log
[Sat Dec 11 22:43:08 2021] Launched impl_1...
Run output will be captured here: D:/109550134/Lab10/lab10/lab10.runs/impl_1/runme.log
set_property PROBES.FILE {} [get_hw_devices xc7a35t_0]
set_property FULL_PROBES.FILE {} [get_hw_devices xc7a35t_0]
set_property PROGRAM.FILE {D:/109550134/Lab10/lab10/lab10.runs/impl_1/lab10.bit} [get_hw_devices xc7a35t_0]
program_hw_devices [get_hw_devices xc7a35t_0]
INFO: [Labtools 27-3164] End of startup status: HIGH
refresh_hw_device [lindex [get_hw_devices xc7a35t_0] 0]
INFO: [Labtools 27-1434] Device xc7a35t (JTAG device index = 0) is programmed with a design that has no supported debug core(s) in it.
reset_run synth_1
WARNING: [Vivado 12-1017] Problems encountered:
1. Failed to delete one or more files in run directory D:/109550134/Lab10/lab10/lab10.runs/synth_1

launch_runs impl_1 -to_step write_bitstream -jobs 3
[Sat Dec 11 22:49:44 2021] Launched synth_1...
Run output will be captured here: D:/109550134/Lab10/lab10/lab10.runs/synth_1/runme.log
[Sat Dec 11 22:49:44 2021] Launched impl_1...
Run output will be captured here: D:/109550134/Lab10/lab10/lab10.runs/impl_1/runme.log
set_property PROBES.FILE {} [get_hw_devices xc7a35t_0]
set_property FULL_PROBES.FILE {} [get_hw_devices xc7a35t_0]
set_property PROGRAM.FILE {D:/109550134/Lab10/lab10/lab10.runs/impl_1/lab10.bit} [get_hw_devices xc7a35t_0]
program_hw_devices [get_hw_devices xc7a35t_0]
INFO: [Labtools 27-3164] End of startup status: HIGH
refresh_hw_device [lindex [get_hw_devices xc7a35t_0] 0]
INFO: [Labtools 27-1434] Device xc7a35t (JTAG device index = 0) is programmed with a design that has no supported debug core(s) in it.
reset_run synth_1
WARNING: [Vivado 12-1017] Problems encountered:
1. Failed to delete one or more files in run directory D:/109550134/Lab10/lab10/lab10.runs/synth_1

launch_runs impl_1 -to_step write_bitstream -jobs 3
[Sat Dec 11 22:56:09 2021] Launched synth_1...
Run output will be captured here: D:/109550134/Lab10/lab10/lab10.runs/synth_1/runme.log
[Sat Dec 11 22:56:09 2021] Launched impl_1...
Run output will be captured here: D:/109550134/Lab10/lab10/lab10.runs/impl_1/runme.log
set_property PROBES.FILE {} [get_hw_devices xc7a35t_0]
set_property FULL_PROBES.FILE {} [get_hw_devices xc7a35t_0]
set_property PROGRAM.FILE {D:/109550134/Lab10/lab10/lab10.runs/impl_1/lab10.bit} [get_hw_devices xc7a35t_0]
program_hw_devices [get_hw_devices xc7a35t_0]
INFO: [Labtools 27-3164] End of startup status: HIGH
refresh_hw_device [lindex [get_hw_devices xc7a35t_0] 0]
INFO: [Labtools 27-1434] Device xc7a35t (JTAG device index = 0) is programmed with a design that has no supported debug core(s) in it.
reset_run synth_1
WARNING: [Vivado 12-1017] Problems encountered:
1. Failed to delete one or more files in run directory D:/109550134/Lab10/lab10/lab10.runs/synth_1

launch_runs impl_1 -to_step write_bitstream -jobs 3
[Sat Dec 11 23:05:52 2021] Launched synth_1...
Run output will be captured here: D:/109550134/Lab10/lab10/lab10.runs/synth_1/runme.log
[Sat Dec 11 23:05:52 2021] Launched impl_1...
Run output will be captured here: D:/109550134/Lab10/lab10/lab10.runs/impl_1/runme.log
set_property PROBES.FILE {} [get_hw_devices xc7a35t_0]
set_property FULL_PROBES.FILE {} [get_hw_devices xc7a35t_0]
set_property PROGRAM.FILE {D:/109550134/Lab10/lab10/lab10.runs/impl_1/lab10.bit} [get_hw_devices xc7a35t_0]
program_hw_devices [get_hw_devices xc7a35t_0]
INFO: [Labtools 27-3164] End of startup status: HIGH
refresh_hw_device [lindex [get_hw_devices xc7a35t_0] 0]
INFO: [Labtools 27-1434] Device xc7a35t (JTAG device index = 0) is programmed with a design that has no supported debug core(s) in it.
reset_run synth_1
WARNING: [Vivado 12-1017] Problems encountered:
1. Failed to delete one or more files in run directory D:/109550134/Lab10/lab10/lab10.runs/synth_1

launch_runs impl_1 -to_step write_bitstream -jobs 3
[Sat Dec 11 23:11:24 2021] Launched synth_1...
Run output will be captured here: D:/109550134/Lab10/lab10/lab10.runs/synth_1/runme.log
[Sat Dec 11 23:11:24 2021] Launched impl_1...
Run output will be captured here: D:/109550134/Lab10/lab10/lab10.runs/impl_1/runme.log
set_property PROBES.FILE {} [get_hw_devices xc7a35t_0]
set_property FULL_PROBES.FILE {} [get_hw_devices xc7a35t_0]
set_property PROGRAM.FILE {D:/109550134/Lab10/lab10/lab10.runs/impl_1/lab10.bit} [get_hw_devices xc7a35t_0]
program_hw_devices [get_hw_devices xc7a35t_0]
INFO: [Labtools 27-3164] End of startup status: HIGH
refresh_hw_device [lindex [get_hw_devices xc7a35t_0] 0]
INFO: [Labtools 27-1434] Device xc7a35t (JTAG device index = 0) is programmed with a design that has no supported debug core(s) in it.
set_property PROBES.FILE {} [get_hw_devices xc7a35t_0]
set_property FULL_PROBES.FILE {} [get_hw_devices xc7a35t_0]
set_property PROGRAM.FILE {D:/109550134/Lab10/lab10/lab10.runs/impl_1/lab10.bit} [get_hw_devices xc7a35t_0]
program_hw_devices [get_hw_devices xc7a35t_0]
INFO: [Labtools 27-3164] End of startup status: HIGH
refresh_hw_device [lindex [get_hw_devices xc7a35t_0] 0]
INFO: [Labtools 27-1434] Device xc7a35t (JTAG device index = 0) is programmed with a design that has no supported debug core(s) in it.
reset_run synth_1
WARNING: [Vivado 12-1017] Problems encountered:
1. Failed to delete one or more files in run directory D:/109550134/Lab10/lab10/lab10.runs/synth_1

launch_runs impl_1 -to_step write_bitstream -jobs 3
[Sat Dec 11 23:21:55 2021] Launched synth_1...
Run output will be captured here: D:/109550134/Lab10/lab10/lab10.runs/synth_1/runme.log
[Sat Dec 11 23:21:55 2021] Launched impl_1...
Run output will be captured here: D:/109550134/Lab10/lab10/lab10.runs/impl_1/runme.log
set_property PROBES.FILE {} [get_hw_devices xc7a35t_0]
set_property FULL_PROBES.FILE {} [get_hw_devices xc7a35t_0]
set_property PROGRAM.FILE {D:/109550134/Lab10/lab10/lab10.runs/impl_1/lab10.bit} [get_hw_devices xc7a35t_0]
program_hw_devices [get_hw_devices xc7a35t_0]
INFO: [Labtools 27-3164] End of startup status: HIGH
refresh_hw_device [lindex [get_hw_devices xc7a35t_0] 0]
INFO: [Labtools 27-1434] Device xc7a35t (JTAG device index = 0) is programmed with a design that has no supported debug core(s) in it.
reset_run synth_1
WARNING: [Vivado 12-1017] Problems encountered:
1. Failed to delete one or more files in run directory D:/109550134/Lab10/lab10/lab10.runs/synth_1

launch_runs impl_1 -to_step write_bitstream -jobs 3
[Sat Dec 11 23:53:05 2021] Launched synth_1...
Run output will be captured here: D:/109550134/Lab10/lab10/lab10.runs/synth_1/runme.log
[Sat Dec 11 23:53:05 2021] Launched impl_1...
Run output will be captured here: D:/109550134/Lab10/lab10/lab10.runs/impl_1/runme.log
reset_run synth_1
WARNING: [Vivado 12-1017] Problems encountered:
1. Failed to delete one or more files in run directory D:/109550134/Lab10/lab10/lab10.runs/synth_1

launch_runs impl_1 -to_step write_bitstream -jobs 3
[Sat Dec 11 23:53:57 2021] Launched synth_1...
Run output will be captured here: D:/109550134/Lab10/lab10/lab10.runs/synth_1/runme.log
[Sat Dec 11 23:53:57 2021] Launched impl_1...
Run output will be captured here: D:/109550134/Lab10/lab10/lab10.runs/impl_1/runme.log
set_property PROBES.FILE {} [get_hw_devices xc7a35t_0]
set_property FULL_PROBES.FILE {} [get_hw_devices xc7a35t_0]
set_property PROGRAM.FILE {D:/109550134/Lab10/lab10/lab10.runs/impl_1/lab10.bit} [get_hw_devices xc7a35t_0]
program_hw_devices [get_hw_devices xc7a35t_0]
INFO: [Labtools 27-3164] End of startup status: HIGH
refresh_hw_device [lindex [get_hw_devices xc7a35t_0] 0]
INFO: [Labtools 27-1434] Device xc7a35t (JTAG device index = 0) is programmed with a design that has no supported debug core(s) in it.
reset_run synth_1
WARNING: [Vivado 12-1017] Problems encountered:
1. Failed to delete one or more files in run directory D:/109550134/Lab10/lab10/lab10.runs/synth_1

launch_runs impl_1 -to_step write_bitstream -jobs 3
[Sun Dec 12 00:03:28 2021] Launched synth_1...
Run output will be captured here: D:/109550134/Lab10/lab10/lab10.runs/synth_1/runme.log
[Sun Dec 12 00:03:28 2021] Launched impl_1...
Run output will be captured here: D:/109550134/Lab10/lab10/lab10.runs/impl_1/runme.log
reset_run synth_1
WARNING: [Vivado 12-1017] Problems encountered:
1. Failed to delete one or more files in run directory D:/109550134/Lab10/lab10/lab10.runs/synth_1

launch_runs impl_1 -to_step write_bitstream -jobs 3
[Sun Dec 12 00:04:57 2021] Launched synth_1...
Run output will be captured here: D:/109550134/Lab10/lab10/lab10.runs/synth_1/runme.log
[Sun Dec 12 00:04:57 2021] Launched impl_1...
Run output will be captured here: D:/109550134/Lab10/lab10/lab10.runs/impl_1/runme.log
set_property PROBES.FILE {} [get_hw_devices xc7a35t_0]
set_property FULL_PROBES.FILE {} [get_hw_devices xc7a35t_0]
set_property PROGRAM.FILE {D:/109550134/Lab10/lab10/lab10.runs/impl_1/lab10.bit} [get_hw_devices xc7a35t_0]
program_hw_devices [get_hw_devices xc7a35t_0]
INFO: [Labtools 27-3164] End of startup status: HIGH
refresh_hw_device [lindex [get_hw_devices xc7a35t_0] 0]
INFO: [Labtools 27-1434] Device xc7a35t (JTAG device index = 0) is programmed with a design that has no supported debug core(s) in it.
reset_run synth_1
WARNING: [Vivado 12-1017] Problems encountered:
1. Failed to delete one or more files in run directory D:/109550134/Lab10/lab10/lab10.runs/synth_1

launch_runs impl_1 -to_step write_bitstream -jobs 3
[Sun Dec 12 00:11:56 2021] Launched synth_1...
Run output will be captured here: D:/109550134/Lab10/lab10/lab10.runs/synth_1/runme.log
[Sun Dec 12 00:11:56 2021] Launched impl_1...
Run output will be captured here: D:/109550134/Lab10/lab10/lab10.runs/impl_1/runme.log
set_property PROBES.FILE {} [get_hw_devices xc7a35t_0]
set_property FULL_PROBES.FILE {} [get_hw_devices xc7a35t_0]
set_property PROGRAM.FILE {D:/109550134/Lab10/lab10/lab10.runs/impl_1/lab10.bit} [get_hw_devices xc7a35t_0]
program_hw_devices [get_hw_devices xc7a35t_0]
INFO: [Labtools 27-3164] End of startup status: HIGH
refresh_hw_device [lindex [get_hw_devices xc7a35t_0] 0]
INFO: [Labtools 27-1434] Device xc7a35t (JTAG device index = 0) is programmed with a design that has no supported debug core(s) in it.
reset_run synth_1
WARNING: [Vivado 12-1017] Problems encountered:
1. Failed to delete one or more files in run directory D:/109550134/Lab10/lab10/lab10.runs/synth_1

launch_runs impl_1 -to_step write_bitstream -jobs 3
[Sun Dec 12 00:17:21 2021] Launched synth_1...
Run output will be captured here: D:/109550134/Lab10/lab10/lab10.runs/synth_1/runme.log
[Sun Dec 12 00:17:21 2021] Launched impl_1...
Run output will be captured here: D:/109550134/Lab10/lab10/lab10.runs/impl_1/runme.log
set_property PROBES.FILE {} [get_hw_devices xc7a35t_0]
set_property FULL_PROBES.FILE {} [get_hw_devices xc7a35t_0]
set_property PROGRAM.FILE {D:/109550134/Lab10/lab10/lab10.runs/impl_1/lab10.bit} [get_hw_devices xc7a35t_0]
program_hw_devices [get_hw_devices xc7a35t_0]
INFO: [Labtools 27-3164] End of startup status: HIGH
refresh_hw_device [lindex [get_hw_devices xc7a35t_0] 0]
INFO: [Labtools 27-1434] Device xc7a35t (JTAG device index = 0) is programmed with a design that has no supported debug core(s) in it.
reset_run synth_1
WARNING: [Vivado 12-1017] Problems encountered:
1. Failed to delete one or more files in run directory D:/109550134/Lab10/lab10/lab10.runs/synth_1

launch_runs impl_1 -to_step write_bitstream -jobs 3
[Sun Dec 12 00:35:51 2021] Launched synth_1...
Run output will be captured here: D:/109550134/Lab10/lab10/lab10.runs/synth_1/runme.log
[Sun Dec 12 00:35:51 2021] Launched impl_1...
Run output will be captured here: D:/109550134/Lab10/lab10/lab10.runs/impl_1/runme.log
set_property PROBES.FILE {} [get_hw_devices xc7a35t_0]
set_property FULL_PROBES.FILE {} [get_hw_devices xc7a35t_0]
set_property PROGRAM.FILE {D:/109550134/Lab10/lab10/lab10.runs/impl_1/lab10.bit} [get_hw_devices xc7a35t_0]
program_hw_devices [get_hw_devices xc7a35t_0]
INFO: [Labtools 27-3164] End of startup status: HIGH
refresh_hw_device [lindex [get_hw_devices xc7a35t_0] 0]
INFO: [Labtools 27-1434] Device xc7a35t (JTAG device index = 0) is programmed with a design that has no supported debug core(s) in it.
reset_run synth_1
WARNING: [Vivado 12-1017] Problems encountered:
1. Failed to delete one or more files in run directory D:/109550134/Lab10/lab10/lab10.runs/synth_1

launch_runs impl_1 -to_step write_bitstream -jobs 3
[Sun Dec 12 00:57:11 2021] Launched synth_1...
Run output will be captured here: D:/109550134/Lab10/lab10/lab10.runs/synth_1/runme.log
[Sun Dec 12 00:57:11 2021] Launched impl_1...
Run output will be captured here: D:/109550134/Lab10/lab10/lab10.runs/impl_1/runme.log
set_property PROBES.FILE {} [get_hw_devices xc7a35t_0]
set_property FULL_PROBES.FILE {} [get_hw_devices xc7a35t_0]
set_property PROGRAM.FILE {D:/109550134/Lab10/lab10/lab10.runs/impl_1/lab10.bit} [get_hw_devices xc7a35t_0]
program_hw_devices [get_hw_devices xc7a35t_0]
INFO: [Labtools 27-3164] End of startup status: HIGH
refresh_hw_device [lindex [get_hw_devices xc7a35t_0] 0]
INFO: [Labtools 27-1434] Device xc7a35t (JTAG device index = 0) is programmed with a design that has no supported debug core(s) in it.
reset_run synth_1
WARNING: [Vivado 12-1017] Problems encountered:
1. Failed to delete one or more files in run directory D:/109550134/Lab10/lab10/lab10.runs/synth_1

launch_runs impl_1 -to_step write_bitstream -jobs 3
[Sun Dec 12 01:21:32 2021] Launched synth_1...
Run output will be captured here: D:/109550134/Lab10/lab10/lab10.runs/synth_1/runme.log
[Sun Dec 12 01:21:32 2021] Launched impl_1...
Run output will be captured here: D:/109550134/Lab10/lab10/lab10.runs/impl_1/runme.log
set_property PROBES.FILE {} [get_hw_devices xc7a35t_0]
set_property FULL_PROBES.FILE {} [get_hw_devices xc7a35t_0]
set_property PROGRAM.FILE {D:/109550134/Lab10/lab10/lab10.runs/impl_1/lab10.bit} [get_hw_devices xc7a35t_0]
program_hw_devices [get_hw_devices xc7a35t_0]
INFO: [Labtools 27-3164] End of startup status: HIGH
refresh_hw_device [lindex [get_hw_devices xc7a35t_0] 0]
INFO: [Labtools 27-1434] Device xc7a35t (JTAG device index = 0) is programmed with a design that has no supported debug core(s) in it.
reset_run impl_1 -prev_step 
launch_runs impl_1 -to_step write_bitstream -jobs 3
WARNING: [Vivado 12-872] Run step 'Design Initialization' is out-of-date.
[Sun Dec 12 01:29:41 2021] Launched impl_1...
Run output will be captured here: D:/109550134/Lab10/lab10/lab10.runs/impl_1/runme.log
set_property PROBES.FILE {} [get_hw_devices xc7a35t_0]
set_property FULL_PROBES.FILE {} [get_hw_devices xc7a35t_0]
set_property PROGRAM.FILE {D:/109550134/Lab10/lab10/lab10.runs/impl_1/lab10.bit} [get_hw_devices xc7a35t_0]
program_hw_devices [get_hw_devices xc7a35t_0]
INFO: [Labtools 27-3164] End of startup status: HIGH
refresh_hw_device [lindex [get_hw_devices xc7a35t_0] 0]
INFO: [Labtools 27-1434] Device xc7a35t (JTAG device index = 0) is programmed with a design that has no supported debug core(s) in it.
reset_run synth_1
WARNING: [Vivado 12-1017] Problems encountered:
1. Failed to delete one or more files in run directory D:/109550134/Lab10/lab10/lab10.runs/synth_1

launch_runs impl_1 -to_step write_bitstream -jobs 3
[Sun Dec 12 01:31:13 2021] Launched synth_1...
Run output will be captured here: D:/109550134/Lab10/lab10/lab10.runs/synth_1/runme.log
[Sun Dec 12 01:31:13 2021] Launched impl_1...
Run output will be captured here: D:/109550134/Lab10/lab10/lab10.runs/impl_1/runme.log
set_property PROBES.FILE {} [get_hw_devices xc7a35t_0]
set_property FULL_PROBES.FILE {} [get_hw_devices xc7a35t_0]
set_property PROGRAM.FILE {D:/109550134/Lab10/lab10/lab10.runs/impl_1/lab10.bit} [get_hw_devices xc7a35t_0]
program_hw_devices [get_hw_devices xc7a35t_0]
INFO: [Labtools 27-3164] End of startup status: HIGH
refresh_hw_device [lindex [get_hw_devices xc7a35t_0] 0]
INFO: [Labtools 27-1434] Device xc7a35t (JTAG device index = 0) is programmed with a design that has no supported debug core(s) in it.
add_files -norecurse D:/109550134/Lab10/lab10/lab10.srcs/sources_1/debounce.v
update_compile_order -fileset sources_1
export_ip_user_files -of_objects  [get_files D:/109550134/Lab10/lab10/lab10.srcs/sources_1/debounce.v] -no_script -reset -force -quiet
remove_files  D:/109550134/Lab10/lab10/lab10.srcs/sources_1/debounce.v
add_files -norecurse D:/109550134/Lab10/lab10/lab10.srcs/sources_1/debounce.v
update_compile_order -fileset sources_1
update_compile_order -fileset sources_1
