
*** Running vivado
    with args -log lab6.vds -m64 -product Vivado -mode batch -messageDb vivado.pb -notrace -source lab6.tcl



****** Vivado v2021.1 (64-bit)
  **** SW Build 3247384 on Thu Jun 10 19:36:33 MDT 2021
  **** IP Build 3246043 on Fri Jun 11 00:30:35 MDT 2021
    ** Copyright 1986-2021 Xilinx, Inc. All Rights Reserved.

source lab6.tcl -notrace
Command: synth_design -top lab6 -part xc7a35ticsg324-1L
Starting synth_design
Attempting to get a license for feature 'Synthesis' and/or device 'xc7a35ti'
INFO: [Common 17-349] Got license for feature 'Synthesis' and/or device 'xc7a35ti'
INFO: [Device 21-403] Loading part xc7a35ticsg324-1L
INFO: [Synth 8-7079] Multithreading enabled for synth_design using a maximum of 2 processes.
INFO: [Synth 8-7078] Launching helper process for spawning children vivado processes
INFO: [Synth 8-7075] Helper process launched with PID 1300
---------------------------------------------------------------------------------
Starting RTL Elaboration : Time (s): cpu = 00:00:04 ; elapsed = 00:00:04 . Memory (MB): peak = 1151.793 ; gain = 0.000
---------------------------------------------------------------------------------
INFO: [Synth 8-6157] synthesizing module 'lab6' [D:/109550134/LAB7/21_lab7/lab_7/lab_7.srcs/sources_1/lab7.v:24]
INFO: [Synth 8-6157] synthesizing module 'uart' [D:/109550134/LAB7/lab_7/lab_7.srcs/sources_1/uart.v:31]
INFO: [Synth 8-6155] done synthesizing module 'uart' (1#1) [D:/109550134/LAB7/lab_7/lab_7.srcs/sources_1/uart.v:31]
INFO: [Synth 8-6157] synthesizing module 'LCD_module' [D:/109550134/LAB7/21_lab7/lab_7/lab_7.srcs/sources_1/LCD_module.v:13]
INFO: [Synth 8-6155] done synthesizing module 'LCD_module' (2#1) [D:/109550134/LAB7/21_lab7/lab_7/lab_7.srcs/sources_1/LCD_module.v:13]
INFO: [Synth 8-6157] synthesizing module 'debounce' [D:/109550134/LAB7/21_lab7/lab_7/lab_7.srcs/sources_1/debounce.v:21]
INFO: [Synth 8-6155] done synthesizing module 'debounce' (3#1) [D:/109550134/LAB7/21_lab7/lab_7/lab_7.srcs/sources_1/debounce.v:21]
INFO: [Synth 8-6157] synthesizing module 'sram' [D:/109550134/LAB7/21_lab7/lab_7/lab_7.srcs/sources_1/sram.v:30]
INFO: [Synth 8-3876] $readmem data file 'matrices.mem' is read successfully [D:/109550134/LAB7/21_lab7/lab_7/lab_7.srcs/sources_1/sram.v:45]
INFO: [Synth 8-6155] done synthesizing module 'sram' (4#1) [D:/109550134/LAB7/21_lab7/lab_7/lab_7.srcs/sources_1/sram.v:30]
INFO: [Synth 8-155] case statement is not full and has no default [D:/109550134/LAB7/21_lab7/lab_7/lab_7.srcs/sources_1/lab7.v:274]
WARNING: [Synth 8-6090] variable 'm_user_addr' is written by both blocking and non-blocking assignments, entire logic could be removed [D:/109550134/LAB7/21_lab7/lab_7/lab_7.srcs/sources_1/lab7.v:318]
WARNING: [Synth 8-6090] variable 'm_user_addr' is written by both blocking and non-blocking assignments, entire logic could be removed [D:/109550134/LAB7/21_lab7/lab_7/lab_7.srcs/sources_1/lab7.v:326]
Reason is one or more of the following :
	1: RAM has multiple writes via different ports in same process. If RAM inferencing intended, write to one port per process. 
	2: Unable to determine number of words or word size in RAM. 
	3: No valid read/write found for RAM. 
RAM "data_ans_reg" dissolved into registers
INFO: [Synth 8-6155] done synthesizing module 'lab6' (5#1) [D:/109550134/LAB7/21_lab7/lab_7/lab_7.srcs/sources_1/lab7.v:24]
---------------------------------------------------------------------------------
Finished RTL Elaboration : Time (s): cpu = 00:00:06 ; elapsed = 00:00:06 . Memory (MB): peak = 1151.793 ; gain = 0.000
---------------------------------------------------------------------------------
---------------------------------------------------------------------------------
Start Handling Custom Attributes
---------------------------------------------------------------------------------
---------------------------------------------------------------------------------
Finished Handling Custom Attributes : Time (s): cpu = 00:00:07 ; elapsed = 00:00:07 . Memory (MB): peak = 1151.793 ; gain = 0.000
---------------------------------------------------------------------------------
---------------------------------------------------------------------------------
Finished RTL Optimization Phase 1 : Time (s): cpu = 00:00:07 ; elapsed = 00:00:07 . Memory (MB): peak = 1151.793 ; gain = 0.000
---------------------------------------------------------------------------------
Netlist sorting complete. Time (s): cpu = 00:00:00 ; elapsed = 00:00:00.053 . Memory (MB): peak = 1151.793 ; gain = 0.000
INFO: [Project 1-570] Preparing netlist for logic optimization

Processing XDC Constraints
Initializing timing engine
Parsing XDC File [D:/109550134/LAB7/21_lab7/lab_7/lab_7.srcs/constrs_1/lab7.xdc]
Finished Parsing XDC File [D:/109550134/LAB7/21_lab7/lab_7/lab_7.srcs/constrs_1/lab7.xdc]
INFO: [Project 1-236] Implementation specific constraints were found while reading constraint file [D:/109550134/LAB7/21_lab7/lab_7/lab_7.srcs/constrs_1/lab7.xdc]. These constraints will be ignored for synthesis but will be used in implementation. Impacted constraints are listed in the file [.Xil/lab6_propImpl.xdc].
Resolution: To avoid this warning, move constraints listed in [.Xil/lab6_propImpl.xdc] to another XDC file and exclude this new file from synthesis with the used_in_synthesis property (File Properties dialog in GUI) and re-run elaboration/synthesis.
Completed Processing XDC Constraints

Netlist sorting complete. Time (s): cpu = 00:00:00 ; elapsed = 00:00:00.001 . Memory (MB): peak = 1151.793 ; gain = 0.000
INFO: [Project 1-111] Unisim Transformation Summary:
No Unisim elements were transformed.

Constraint Validation Runtime : Time (s): cpu = 00:00:00 ; elapsed = 00:00:00.015 . Memory (MB): peak = 1151.793 ; gain = 0.000
---------------------------------------------------------------------------------
Finished Constraint Validation : Time (s): cpu = 00:00:13 ; elapsed = 00:00:13 . Memory (MB): peak = 1151.793 ; gain = 0.000
---------------------------------------------------------------------------------
---------------------------------------------------------------------------------
Start Loading Part and Timing Information
---------------------------------------------------------------------------------
Loading part: xc7a35ticsg324-1L
---------------------------------------------------------------------------------
Finished Loading Part and Timing Information : Time (s): cpu = 00:00:13 ; elapsed = 00:00:13 . Memory (MB): peak = 1151.793 ; gain = 0.000
---------------------------------------------------------------------------------
---------------------------------------------------------------------------------
Start Applying 'set_property' XDC Constraints
---------------------------------------------------------------------------------
---------------------------------------------------------------------------------
Finished applying 'set_property' XDC Constraints : Time (s): cpu = 00:00:13 ; elapsed = 00:00:13 . Memory (MB): peak = 1151.793 ; gain = 0.000
---------------------------------------------------------------------------------
INFO: [Synth 8-802] inferred FSM for state register 'Q_reg' in module 'lab6'
---------------------------------------------------------------------------------------------------
                   State |                     New Encoding |                Previous Encoding 
---------------------------------------------------------------------------------------------------
             S_UART_IDLE |                               00 |                               00
             S_UART_WAIT |                               01 |                               01
             S_UART_SEND |                               10 |                               10
             S_UART_INCR |                               11 |                               11
---------------------------------------------------------------------------------------------------
INFO: [Synth 8-3354] encoded FSM with state register 'Q_reg' using encoding 'sequential' in module 'lab6'
WARNING: [Synth 8-327] inferring latch for variable 'P_next_reg' [D:/109550134/LAB7/21_lab7/lab_7/lab_7.srcs/sources_1/lab7.v:276]
---------------------------------------------------------------------------------
Finished RTL Optimization Phase 2 : Time (s): cpu = 00:00:15 ; elapsed = 00:00:15 . Memory (MB): peak = 1151.793 ; gain = 0.000
---------------------------------------------------------------------------------
---------------------------------------------------------------------------------
Start RTL Component Statistics 
---------------------------------------------------------------------------------
Detailed RTL Component Info : 
+---Adders : 
	   2 Input   32 Bit       Adders := 1     
	   2 Input   11 Bit       Adders := 2     
	   2 Input    9 Bit       Adders := 1     
	   2 Input    8 Bit       Adders := 1     
	   2 Input    7 Bit       Adders := 69    
	   2 Input    6 Bit       Adders := 4     
	   2 Input    5 Bit       Adders := 1     
	   3 Input    5 Bit       Adders := 1     
	   2 Input    4 Bit       Adders := 3     
+---Registers : 
	              128 Bit    Registers := 2     
	               19 Bit    Registers := 16    
	               11 Bit    Registers := 2     
	                9 Bit    Registers := 1     
	                8 Bit    Registers := 46    
	                7 Bit    Registers := 80    
	                6 Bit    Registers := 2     
	                4 Bit    Registers := 7     
	                3 Bit    Registers := 2     
	                2 Bit    Registers := 2     
	                1 Bit    Registers := 9     
+---RAMs : 
	               8K Bit	(1024 X 8 bit)          RAMs := 2     
+---Muxes : 
	   2 Input   24 Bit        Muxes := 1     
	   2 Input   19 Bit        Muxes := 12    
	   4 Input   19 Bit        Muxes := 14    
	   2 Input   16 Bit        Muxes := 1     
	   4 Input   11 Bit        Muxes := 1     
	   2 Input   11 Bit        Muxes := 4     
	   8 Input   11 Bit        Muxes := 1     
	   4 Input    8 Bit        Muxes := 1     
	   2 Input    8 Bit        Muxes := 121   
	   2 Input    7 Bit        Muxes := 160   
	   3 Input    6 Bit        Muxes := 1     
	   2 Input    6 Bit        Muxes := 4     
	   4 Input    6 Bit        Muxes := 1     
	   2 Input    5 Bit        Muxes := 1     
	   4 Input    4 Bit        Muxes := 1     
	   8 Input    4 Bit        Muxes := 1     
	  13 Input    4 Bit        Muxes := 1     
	   2 Input    4 Bit        Muxes := 1     
	   3 Input    3 Bit        Muxes := 2     
	   2 Input    3 Bit        Muxes := 1     
	   7 Input    2 Bit        Muxes := 1     
	   2 Input    2 Bit        Muxes := 10    
	   3 Input    2 Bit        Muxes := 1     
	   4 Input    2 Bit        Muxes := 7     
	   4 Input    1 Bit        Muxes := 7     
	   2 Input    1 Bit        Muxes := 28    
	   8 Input    1 Bit        Muxes := 2     
	  13 Input    1 Bit        Muxes := 2     
	  69 Input    1 Bit        Muxes := 2     
	   3 Input    1 Bit        Muxes := 3     
	   5 Input    1 Bit        Muxes := 12    
	   6 Input    1 Bit        Muxes := 1     
---------------------------------------------------------------------------------
Finished RTL Component Statistics 
---------------------------------------------------------------------------------
---------------------------------------------------------------------------------
Start Part Resource Summary
---------------------------------------------------------------------------------
Part Resources:
DSPs: 90 (col length:60)
BRAMs: 100 (col length: RAMB18 60 RAMB36 30)
---------------------------------------------------------------------------------
Finished Part Resource Summary
---------------------------------------------------------------------------------
---------------------------------------------------------------------------------
Start Cross Boundary and Area Optimization
---------------------------------------------------------------------------------
---------------------------------------------------------------------------------
Finished Cross Boundary and Area Optimization : Time (s): cpu = 00:00:23 ; elapsed = 00:00:23 . Memory (MB): peak = 1151.793 ; gain = 0.000
---------------------------------------------------------------------------------
---------------------------------------------------------------------------------
Start ROM, RAM, DSP, Shift Register and Retiming Reporting
---------------------------------------------------------------------------------

Block RAM: Preliminary Mapping Report (see note below)
+------------+--------------+------------------------+---+---+------------------------+---+---+------------------+--------+--------+
|Module Name | RTL Object   | PORT A (Depth x Width) | W | R | PORT B (Depth x Width) | W | R | Ports driving FF | RAMB18 | RAMB36 | 
+------------+--------------+------------------------+---+---+------------------------+---+---+------------------+--------+--------+
|lab6        | ram1/RAM_reg | 1 K x 8(WRITE_FIRST)   | W | R |                        |   |   | Port A           | 1      | 0      | 
|lab6        | ram0/RAM_reg | 1 K x 8(WRITE_FIRST)   | W | R |                        |   |   | Port A           | 1      | 0      | 
+------------+--------------+------------------------+---+---+------------------------+---+---+------------------+--------+--------+

Note: The table above is a preliminary report that shows the Block RAMs at the current stage of the synthesis flow. Some Block RAMs may be reimplemented as non Block RAM primitives later in the synthesis flow. Multiple instantiated Block RAMs are reported only once. 

Distributed RAM: Preliminary Mapping Report (see note below)
+------------+------------+-----------+----------------------+-------------+
|Module Name | RTL Object | Inference | Size (Depth x Width) | Primitives  | 
+------------+------------+-----------+----------------------+-------------+
|lab6        | B_reg      | Implied   | 16 x 8               | RAM32M x 6  | 
+------------+------------+-----------+----------------------+-------------+

Note: The table above is a preliminary report that shows the Distributed RAMs at the current stage of the synthesis flow. Some Distributed RAMs may be reimplemented as non Distributed RAM primitives later in the synthesis flow. Multiple instantiated RAMs are reported only once.
---------------------------------------------------------------------------------
Finished ROM, RAM, DSP, Shift Register and Retiming Reporting
---------------------------------------------------------------------------------
---------------------------------------------------------------------------------
Start Applying XDC Timing Constraints
---------------------------------------------------------------------------------
---------------------------------------------------------------------------------
Finished Applying XDC Timing Constraints : Time (s): cpu = 00:00:29 ; elapsed = 00:00:29 . Memory (MB): peak = 1151.793 ; gain = 0.000
---------------------------------------------------------------------------------
---------------------------------------------------------------------------------
Start Timing Optimization
---------------------------------------------------------------------------------
---------------------------------------------------------------------------------
Finished Timing Optimization : Time (s): cpu = 00:00:38 ; elapsed = 00:00:38 . Memory (MB): peak = 1268.902 ; gain = 117.109
---------------------------------------------------------------------------------
---------------------------------------------------------------------------------
Start ROM, RAM, DSP, Shift Register and Retiming Reporting
---------------------------------------------------------------------------------

Block RAM: Final Mapping Report
+------------+--------------+------------------------+---+---+------------------------+---+---+------------------+--------+--------+
|Module Name | RTL Object   | PORT A (Depth x Width) | W | R | PORT B (Depth x Width) | W | R | Ports driving FF | RAMB18 | RAMB36 | 
+------------+--------------+------------------------+---+---+------------------------+---+---+------------------+--------+--------+
|lab6        | ram1/RAM_reg | 1 K x 8(WRITE_FIRST)   | W | R |                        |   |   | Port A           | 1      | 0      | 
|lab6        | ram0/RAM_reg | 1 K x 8(WRITE_FIRST)   | W | R |                        |   |   | Port A           | 1      | 0      | 
+------------+--------------+------------------------+---+---+------------------------+---+---+------------------+--------+--------+


Distributed RAM: Final Mapping Report
+------------+------------+-----------+----------------------+-------------+
|Module Name | RTL Object | Inference | Size (Depth x Width) | Primitives  | 
+------------+------------+-----------+----------------------+-------------+
|lab6        | B_reg      | Implied   | 16 x 8               | RAM32M x 6  | 
+------------+------------+-----------+----------------------+-------------+

---------------------------------------------------------------------------------
Finished ROM, RAM, DSP, Shift Register and Retiming Reporting
---------------------------------------------------------------------------------
---------------------------------------------------------------------------------
Start Technology Mapping
---------------------------------------------------------------------------------
---------------------------------------------------------------------------------
Finished Technology Mapping : Time (s): cpu = 00:00:39 ; elapsed = 00:00:39 . Memory (MB): peak = 1288.789 ; gain = 136.996
---------------------------------------------------------------------------------
---------------------------------------------------------------------------------
Start IO Insertion
---------------------------------------------------------------------------------
---------------------------------------------------------------------------------
Start Flattening Before IO Insertion
---------------------------------------------------------------------------------
---------------------------------------------------------------------------------
Finished Flattening Before IO Insertion
---------------------------------------------------------------------------------
---------------------------------------------------------------------------------
Start Final Netlist Cleanup
---------------------------------------------------------------------------------
---------------------------------------------------------------------------------
Finished Final Netlist Cleanup
---------------------------------------------------------------------------------
---------------------------------------------------------------------------------
Finished IO Insertion : Time (s): cpu = 00:00:42 ; elapsed = 00:00:43 . Memory (MB): peak = 1288.789 ; gain = 136.996
---------------------------------------------------------------------------------
---------------------------------------------------------------------------------
Start Renaming Generated Instances
---------------------------------------------------------------------------------
---------------------------------------------------------------------------------
Finished Renaming Generated Instances : Time (s): cpu = 00:00:42 ; elapsed = 00:00:43 . Memory (MB): peak = 1288.789 ; gain = 136.996
---------------------------------------------------------------------------------
---------------------------------------------------------------------------------
Start Rebuilding User Hierarchy
---------------------------------------------------------------------------------
---------------------------------------------------------------------------------
Finished Rebuilding User Hierarchy : Time (s): cpu = 00:00:43 ; elapsed = 00:00:43 . Memory (MB): peak = 1288.789 ; gain = 136.996
---------------------------------------------------------------------------------
---------------------------------------------------------------------------------
Start Renaming Generated Ports
---------------------------------------------------------------------------------
---------------------------------------------------------------------------------
Finished Renaming Generated Ports : Time (s): cpu = 00:00:43 ; elapsed = 00:00:43 . Memory (MB): peak = 1288.789 ; gain = 136.996
---------------------------------------------------------------------------------
---------------------------------------------------------------------------------
Start Handling Custom Attributes
---------------------------------------------------------------------------------
---------------------------------------------------------------------------------
Finished Handling Custom Attributes : Time (s): cpu = 00:00:43 ; elapsed = 00:00:43 . Memory (MB): peak = 1288.789 ; gain = 136.996
---------------------------------------------------------------------------------
---------------------------------------------------------------------------------
Start Renaming Generated Nets
---------------------------------------------------------------------------------
---------------------------------------------------------------------------------
Finished Renaming Generated Nets : Time (s): cpu = 00:00:43 ; elapsed = 00:00:43 . Memory (MB): peak = 1288.789 ; gain = 136.996
---------------------------------------------------------------------------------
---------------------------------------------------------------------------------
Start Writing Synthesis Report
---------------------------------------------------------------------------------

Report BlackBoxes: 
+-+--------------+----------+
| |BlackBox name |Instances |
+-+--------------+----------+
+-+--------------+----------+

Report Cell Usage: 
+------+---------+------+
|      |Cell     |Count |
+------+---------+------+
|1     |BUFG     |     1|
|2     |CARRY4   |   267|
|3     |LUT1     |    22|
|4     |LUT2     |   512|
|5     |LUT3     |   275|
|6     |LUT4     |   798|
|7     |LUT5     |   315|
|8     |LUT6     |  1003|
|9     |MUXF7    |    18|
|10    |MUXF8    |     8|
|11    |RAM32M   |     5|
|12    |RAM32X1D |     2|
|13    |RAMB18E1 |     2|
|14    |FDRE     |  1052|
|15    |FDSE     |    21|
|16    |LD       |     3|
|17    |IBUF     |     5|
|18    |OBUF     |    12|
+------+---------+------+
---------------------------------------------------------------------------------
Finished Writing Synthesis Report : Time (s): cpu = 00:00:43 ; elapsed = 00:00:43 . Memory (MB): peak = 1288.789 ; gain = 136.996
---------------------------------------------------------------------------------
Synthesis finished with 0 errors, 0 critical warnings and 1 warnings.
Synthesis Optimization Runtime : Time (s): cpu = 00:00:34 ; elapsed = 00:00:41 . Memory (MB): peak = 1288.789 ; gain = 136.996
Synthesis Optimization Complete : Time (s): cpu = 00:00:43 ; elapsed = 00:00:43 . Memory (MB): peak = 1288.789 ; gain = 136.996
INFO: [Project 1-571] Translating synthesized netlist
Netlist sorting complete. Time (s): cpu = 00:00:00 ; elapsed = 00:00:00.049 . Memory (MB): peak = 1288.789 ; gain = 0.000
INFO: [Netlist 29-17] Analyzing 305 Unisim elements for replacement
INFO: [Netlist 29-28] Unisim Transformation completed in 0 CPU seconds
INFO: [Project 1-570] Preparing netlist for logic optimization
INFO: [Opt 31-138] Pushed 0 inverter(s) to 0 load pin(s).
Netlist sorting complete. Time (s): cpu = 00:00:00 ; elapsed = 00:00:00.001 . Memory (MB): peak = 1288.789 ; gain = 0.000
INFO: [Project 1-111] Unisim Transformation Summary:
  A total of 10 instances were transformed.
  LD => LDCE: 3 instances
  RAM32M => RAM32M (RAMD32(x6), RAMS32(x2)): 5 instances
  RAM32X1D => RAM32X1D (RAMD32(x2)): 2 instances

Synth Design complete, checksum: 97512772
INFO: [Common 17-83] Releasing license: Synthesis
29 Infos, 3 Warnings, 0 Critical Warnings and 0 Errors encountered.
synth_design completed successfully
synth_design: Time (s): cpu = 00:00:47 ; elapsed = 00:00:48 . Memory (MB): peak = 1288.789 ; gain = 136.996
INFO: [Common 17-1381] The checkpoint 'D:/109550134/LAB7/21_lab7/lab_7/lab_7.runs/synth_1/lab6.dcp' has been generated.
INFO: [runtcl-4] Executing : report_utilization -file lab6_utilization_synth.rpt -pb lab6_utilization_synth.pb
INFO: [Common 17-206] Exiting Vivado at Sun Nov 21 17:19:14 2021...
